<?xml version="1.0" encoding="UTF-8"?>
<?xml-stylesheet type="text/xsl" href="ivy-report.xsl"?>
<ivy-report version="1.0">
	<info
		organisation="courierserver"
		module="courierserver_2.10"
		revision="1.0-SNAPSHOT"
		conf="test-internal"
		confs="compile, runtime, test, provided, optional, compile-internal, runtime-internal, test-internal, plugin, sources, docs, pom"
		date="20130329100249"/>
	<dependencies>
		<module organisation="commons-codec" name="commons-codec">
			<revision name="1.6" status="release" pubdate="20111202153826" resolver="local" artresolver="local" homepage="http://commons.apache.org/codec/" downloaded="false" searched="false" default="false" conf="compile, master(*), runtime, compile(*), runtime(*), master" position="68">
				<metadata-artifact status="no" details="" size="7545" time="0" location="/Users/andrewsmith/lib/play-2.1.0/framework/../repository/cache/commons-codec/commons-codec/ivy-1.6.xml" searched="false" origin-is-local="true" origin-location="/Users/andrewsmith/lib/play-2.1.0/repository/local/commons-codec/commons-codec/1.6/ivys/ivy.xml"/>
				<caller organisation="org.apache.httpcomponents" name="httpclient" conf="compile, runtime" rev="1.6" rev-constraint-default="1.6" rev-constraint-dynamic="1.4" callerrev="4.1.2"/>
				<caller organisation="net.sourceforge.htmlunit" name="htmlunit" conf="compile, runtime" rev="1.6" rev-constraint-default="1.6" rev-constraint-dynamic="1.4" callerrev="2.9"/>
				<caller organisation="oauth.signpost" name="signpost-core" conf="default, compile, runtime, master" rev="1.3" rev-constraint-default="1.3" rev-constraint-dynamic="1.3" callerrev="1.2.1.2"/>
				<caller organisation="org.apache.httpcomponents" name="httpclient" conf="compile, runtime" rev="1.3" rev-constraint-default="1.3" rev-constraint-dynamic="1.3" callerrev="4.0.1"/>
				<artifacts>
					<artifact name="commons-codec" type="jar" ext="jar" status="no" details="" size="232771" time="0" location="/Users/andrewsmith/lib/play-2.1.0/repository/local/commons-codec/commons-codec/1.6/jars/commons-codec.jar">
						<origin-location is-local="true" location="/Users/andrewsmith/lib/play-2.1.0/repository/local/commons-codec/commons-codec/1.6/jars/commons-codec.jar"/>
					</artifact>
				</artifacts>
			</revision>
			<revision name="1.3" status="release" pubdate="20051108112951" resolver="local" artresolver="local" evicted="latest-revision" evicted-reason="" homepage="http://jakarta.apache.org/commons/codec/" downloaded="false" searched="false" default="false" conf="compile, master(*), runtime, compile(*), runtime(*), master" position="-1">
				<license name="The Apache Software License, Version 2.0" url="/LICENSE.txt"/>
				<metadata-artifact status="no" details="" size="2780" time="0" location="/Users/andrewsmith/lib/play-2.1.0/framework/../repository/cache/commons-codec/commons-codec/ivy-1.3.xml" searched="false" origin-is-local="true" origin-location="/Users/andrewsmith/lib/play-2.1.0/repository/local/commons-codec/commons-codec/1.3/ivys/ivy.xml"/>
				<evicted-by rev="1.6"/>
				<caller organisation="oauth.signpost" name="signpost-core" conf="default, compile, runtime, master" rev="1.3" rev-constraint-default="1.3" rev-constraint-dynamic="1.3" callerrev="1.2.1.2"/>
				<caller organisation="org.apache.httpcomponents" name="httpclient" conf="compile, runtime" rev="1.3" rev-constraint-default="1.3" rev-constraint-dynamic="1.3" callerrev="4.0.1"/>
				<artifacts>
				</artifacts>
			</revision>
		</module>
		<module organisation="org.apache.httpcomponents" name="httpcore">
			<revision name="4.1.3" status="release" pubdate="20110727070826" resolver="local" artresolver="local" homepage="http://hc.apache.org/httpcomponents-core-ga" downloaded="false" searched="false" default="false" conf="compile, master(*), runtime, compile(*), runtime(*), master" position="67">
				<metadata-artifact status="no" details="" size="4665" time="0" location="/Users/andrewsmith/lib/play-2.1.0/framework/../repository/cache/org.apache.httpcomponents/httpcore/ivy-4.1.3.xml" searched="false" origin-is-local="true" origin-location="/Users/andrewsmith/lib/play-2.1.0/repository/local/org.apache.httpcomponents/httpcore/4.1.3/ivys/ivy.xml"/>
				<caller organisation="org.apache.httpcomponents" name="httpmime" conf="compile, runtime" rev="4.1.3" rev-constraint-default="4.1.3" rev-constraint-dynamic="4.1.2" callerrev="4.1.2"/>
				<caller organisation="org.apache.httpcomponents" name="httpclient" conf="compile, runtime" rev="4.1.3" rev-constraint-default="4.1.3" rev-constraint-dynamic="4.1.2" callerrev="4.1.2"/>
				<caller organisation="oauth.signpost" name="signpost-commonshttp4" conf="default, compile, runtime, master" rev="4.0.1" rev-constraint-default="4.0.1" rev-constraint-dynamic="4.0.1" callerrev="1.2.1.2"/>
				<caller organisation="org.apache.httpcomponents" name="httpclient" conf="compile, runtime" rev="4.0.1" rev-constraint-default="4.0.1" rev-constraint-dynamic="4.0.1" callerrev="4.0.1"/>
				<artifacts>
					<artifact name="httpcore" type="jar" ext="jar" status="no" details="" size="181201" time="0" location="/Users/andrewsmith/lib/play-2.1.0/repository/local/org.apache.httpcomponents/httpcore/4.1.3/jars/httpcore.jar">
						<origin-location is-local="true" location="/Users/andrewsmith/lib/play-2.1.0/repository/local/org.apache.httpcomponents/httpcore/4.1.3/jars/httpcore.jar"/>
					</artifact>
				</artifacts>
			</revision>
			<revision name="4.0.1" status="release" pubdate="20090621000836" resolver="local" artresolver="local" evicted="latest-revision" evicted-reason="" homepage="http://hc.apache.org/httpcomponents-core/" downloaded="false" searched="false" default="false" conf="compile, master(*), runtime, compile(*), runtime(*), master" position="-1">
				<license name="Apache License" url="http://www.apache.org/licenses/LICENSE-2.0.html"/>
				<metadata-artifact status="no" details="" size="4317" time="0" location="/Users/andrewsmith/lib/play-2.1.0/framework/../repository/cache/org.apache.httpcomponents/httpcore/ivy-4.0.1.xml" searched="false" origin-is-local="true" origin-location="/Users/andrewsmith/lib/play-2.1.0/repository/local/org.apache.httpcomponents/httpcore/4.0.1/ivys/ivy.xml"/>
				<evicted-by rev="4.1.3"/>
				<caller organisation="oauth.signpost" name="signpost-commonshttp4" conf="default, compile, runtime, master" rev="4.0.1" rev-constraint-default="4.0.1" rev-constraint-dynamic="4.0.1" callerrev="1.2.1.2"/>
				<caller organisation="org.apache.httpcomponents" name="httpclient" conf="compile, runtime" rev="4.0.1" rev-constraint-default="4.0.1" rev-constraint-dynamic="4.0.1" callerrev="4.0.1"/>
				<artifacts>
				</artifacts>
			</revision>
		</module>
		<module organisation="play" name="play-test_2.10">
			<revision name="2.1.0" status="release" pubdate="20130204133532" resolver="local" artresolver="local" downloaded="false" searched="false" default="false" conf="default(compile), compile" position="49">
				<metadata-artifact status="no" details="" size="2241" time="0" location="/Users/andrewsmith/lib/play-2.1.0/framework/../repository/cache/play/play-test_2.10/ivy-2.1.0.xml" searched="false" origin-is-local="true" origin-location="/Users/andrewsmith/lib/play-2.1.0/repository/local/play/play-test_2.10/2.1.0/ivys/ivy.xml"/>
				<caller organisation="courierserver" name="courierserver_2.10" conf="test-internal, test, optional, compile, provided, runtime" rev="2.1.0" rev-constraint-default="2.1.0" rev-constraint-dynamic="2.1.0" callerrev="1.0-SNAPSHOT"/>
				<artifacts>
					<artifact name="play-test_2.10" type="jar" ext="jar" status="no" details="" size="131003" time="0" location="/Users/andrewsmith/lib/play-2.1.0/repository/local/play/play-test_2.10/2.1.0/jars/play-test_2.10.jar">
						<origin-location is-local="true" location="/Users/andrewsmith/lib/play-2.1.0/repository/local/play/play-test_2.10/2.1.0/jars/play-test_2.10.jar"/>
					</artifact>
				</artifacts>
			</revision>
		</module>
		<module organisation="junit" name="junit-dep">
			<revision name="4.10" status="release" pubdate="20121011011736" resolver="local" artresolver="local" homepage="http://junit.org" downloaded="false" searched="false" default="false" conf="default(compile), default, compile, runtime, master, master(*), compile(*), runtime(*)" position="50">
				<license name="Common Public License Version 1.0" url="http://www.opensource.org/licenses/cpl1.0.txt"/>
				<metadata-artifact status="no" details="" size="2762" time="0" location="/Users/andrewsmith/lib/play-2.1.0/framework/../repository/cache/junit/junit-dep/ivy-4.10.xml" searched="false" origin-is-local="true" origin-location="/Users/andrewsmith/lib/play-2.1.0/repository/local/junit/junit-dep/4.10/ivys/ivy.xml"/>
				<caller organisation="org.fluentlenium" name="fluentlenium-core" conf="compile, runtime" rev="4.8.2" rev-constraint-default="4.8.2" rev-constraint-dynamic="4.8.2" callerrev="0.7.3"/>
				<caller organisation="play" name="play-test_2.10" conf="compile" rev="4.10" rev-constraint-default="4.10" rev-constraint-dynamic="4.10" callerrev="2.1.0"/>
				<caller organisation="com.novocode" name="junit-interface" conf="default, compile, runtime, master" rev="4.8.2" rev-constraint-default="4.8.2" rev-constraint-dynamic="4.8.2" callerrev="0.9"/>
				<artifacts>
					<artifact name="junit-dep" type="jar" ext="jar" status="no" details="" size="234088" time="0" location="/Users/andrewsmith/lib/play-2.1.0/repository/local/junit/junit-dep/4.10/jars/junit-dep.jar">
						<origin-location is-local="true" location="/Users/andrewsmith/lib/play-2.1.0/repository/local/junit/junit-dep/4.10/jars/junit-dep.jar"/>
					</artifact>
				</artifacts>
			</revision>
			<revision name="4.8.2" evicted="latest-revision" evicted-reason="" downloaded="false" searched="false" conf="default(compile), compile, master(*), runtime, compile(*), runtime(*), master" position="-1">
				<evicted-by rev="4.10"/>
				<caller organisation="org.fluentlenium" name="fluentlenium-core" conf="compile, runtime" rev="4.8.2" rev-constraint-default="4.8.2" rev-constraint-dynamic="4.8.2" callerrev="0.7.3"/>
				<caller organisation="play" name="play-test_2.10" conf="compile" rev="4.8.2" rev-constraint-default="4.8.2" rev-constraint-dynamic="4.10" callerrev="2.1.0"/>
				<caller organisation="com.novocode" name="junit-interface" conf="default, compile, runtime, master" rev="4.8.2" rev-constraint-default="4.8.2" rev-constraint-dynamic="4.8.2" callerrev="0.9"/>
				<artifacts>
				</artifacts>
			</revision>
		</module>
		<module organisation="org.hamcrest" name="hamcrest-core">
			<revision name="1.1" status="release" pubdate="20070718081143" resolver="local" artresolver="local" homepage="" downloaded="false" searched="false" default="false" conf="compile, master(*), runtime, compile(*), runtime(*), master" position="51">
				<metadata-artifact status="no" details="" size="4310" time="0" location="/Users/andrewsmith/lib/play-2.1.0/framework/../repository/cache/org.hamcrest/hamcrest-core/ivy-1.1.xml" searched="false" origin-is-local="true" origin-location="/Users/andrewsmith/lib/play-2.1.0/repository/local/org.hamcrest/hamcrest-core/1.1/ivys/ivy.xml"/>
				<caller organisation="junit" name="junit-dep" conf="default, compile, runtime, master" rev="1.1" rev-constraint-default="1.1" rev-constraint-dynamic="1.1" callerrev="4.10"/>
				<artifacts>
					<artifact name="hamcrest-core" type="jar" ext="jar" status="no" details="" size="76643" time="0" location="/Users/andrewsmith/lib/play-2.1.0/repository/local/org.hamcrest/hamcrest-core/1.1/jars/hamcrest-core.jar">
						<origin-location is-local="true" location="/Users/andrewsmith/lib/play-2.1.0/repository/local/org.hamcrest/hamcrest-core/1.1/jars/hamcrest-core.jar"/>
					</artifact>
				</artifacts>
			</revision>
		</module>
		<module organisation="play" name="anorm_2.10">
			<revision name="2.1.0" status="release" pubdate="20130204133128" resolver="local" artresolver="local" downloaded="false" searched="false" default="false" conf="default(compile), compile" position="48">
				<metadata-artifact status="no" details="" size="1715" time="0" location="/Users/andrewsmith/lib/play-2.1.0/framework/../repository/cache/play/anorm_2.10/ivy-2.1.0.xml" searched="false" origin-is-local="true" origin-location="/Users/andrewsmith/lib/play-2.1.0/repository/local/play/anorm_2.10/2.1.0/ivys/ivy.xml"/>
				<caller organisation="courierserver" name="courierserver_2.10" conf="test-internal, test, optional, compile, provided, runtime" rev="2.1.0" rev-constraint-default="2.1.0" rev-constraint-dynamic="2.1.0" callerrev="1.0-SNAPSHOT"/>
				<artifacts>
					<artifact name="anorm_2.10" type="jar" ext="jar" status="no" details="" size="296146" time="0" location="/Users/andrewsmith/lib/play-2.1.0/repository/local/play/anorm_2.10/2.1.0/jars/anorm_2.10.jar">
						<origin-location is-local="true" location="/Users/andrewsmith/lib/play-2.1.0/repository/local/play/anorm_2.10/2.1.0/jars/anorm_2.10.jar"/>
					</artifact>
				</artifacts>
			</revision>
		</module>
		<module organisation="play" name="play-jdbc_2.10">
			<revision name="2.1.0" status="release" pubdate="20130204133534" resolver="local" artresolver="local" downloaded="false" searched="false" default="false" conf="default(compile), compile" position="32">
				<metadata-artifact status="no" details="" size="2337" time="0" location="/Users/andrewsmith/lib/play-2.1.0/framework/../repository/cache/play/play-jdbc_2.10/ivy-2.1.0.xml" searched="false" origin-is-local="true" origin-location="/Users/andrewsmith/lib/play-2.1.0/repository/local/play/play-jdbc_2.10/2.1.0/ivys/ivy.xml"/>
				<caller organisation="courierserver" name="courierserver_2.10" conf="test-internal, test, optional, compile, provided, runtime" rev="2.1.0" rev-constraint-default="2.1.0" rev-constraint-dynamic="2.1.0" callerrev="1.0-SNAPSHOT"/>
				<artifacts>
					<artifact name="play-jdbc_2.10" type="jar" ext="jar" status="no" details="" size="204973" time="0" location="/Users/andrewsmith/lib/play-2.1.0/repository/local/play/play-jdbc_2.10/2.1.0/jars/play-jdbc_2.10.jar">
						<origin-location is-local="true" location="/Users/andrewsmith/lib/play-2.1.0/repository/local/play/play-jdbc_2.10/2.1.0/jars/play-jdbc_2.10.jar"/>
					</artifact>
				</artifacts>
			</revision>
		</module>
		<module organisation="tyrex" name="tyrex">
			<revision name="1.0.1" status="release" pubdate="20051108112044" resolver="local" artresolver="local" homepage="" downloaded="false" searched="false" default="false" conf="default(compile), default, compile, runtime, master" position="47">
				<metadata-artifact status="no" details="" size="2165" time="0" location="/Users/andrewsmith/lib/play-2.1.0/framework/../repository/cache/tyrex/tyrex/ivy-1.0.1.xml" searched="false" origin-is-local="true" origin-location="/Users/andrewsmith/lib/play-2.1.0/repository/local/tyrex/tyrex/1.0.1/ivys/ivy.xml"/>
				<caller organisation="play" name="play-jdbc_2.10" conf="compile" rev="1.0.1" rev-constraint-default="1.0.1" rev-constraint-dynamic="1.0.1" callerrev="2.1.0"/>
				<artifacts>
					<artifact name="tyrex" type="jar" ext="jar" status="no" details="" size="201315" time="0" location="/Users/andrewsmith/lib/play-2.1.0/repository/local/tyrex/tyrex/1.0.1/jars/tyrex.jar">
						<origin-location is-local="true" location="/Users/andrewsmith/lib/play-2.1.0/repository/local/tyrex/tyrex/1.0.1/jars/tyrex.jar"/>
					</artifact>
				</artifacts>
			</revision>
		</module>
		<module organisation="com.h2database" name="h2">
			<revision name="1.3.168" status="release" pubdate="20120713041808" resolver="local" artresolver="local" homepage="http://www.h2database.com" downloaded="false" searched="false" default="false" conf="default(compile), default, compile, runtime, master" position="46">
				<license name="The H2 License, Version 1.0" url="http://h2database.com/html/license.html"/>
				<metadata-artifact status="no" details="" size="2326" time="0" location="/Users/andrewsmith/lib/play-2.1.0/framework/../repository/cache/com.h2database/h2/ivy-1.3.168.xml" searched="false" origin-is-local="true" origin-location="/Users/andrewsmith/lib/play-2.1.0/repository/local/com.h2database/h2/1.3.168/ivys/ivy.xml"/>
				<caller organisation="play" name="play-jdbc_2.10" conf="compile" rev="1.3.168" rev-constraint-default="1.3.168" rev-constraint-dynamic="1.3.168" callerrev="2.1.0"/>
				<artifacts>
					<artifact name="h2" type="jar" ext="jar" status="no" details="" size="1280753" time="0" location="/Users/andrewsmith/lib/play-2.1.0/repository/local/com.h2database/h2/1.3.168/jars/h2.jar">
						<origin-location is-local="true" location="/Users/andrewsmith/lib/play-2.1.0/repository/local/com.h2database/h2/1.3.168/jars/h2.jar"/>
					</artifact>
				</artifacts>
			</revision>
		</module>
		<module organisation="com.jolbox" name="bonecp">
			<revision name="0.7.1.RELEASE" status="release" pubdate="20110405010240" resolver="local" artresolver="local" homepage="" downloaded="false" searched="false" default="false" conf="default(compile), default, compile, runtime, master" position="45">
				<metadata-artifact status="no" details="" size="8731" time="0" location="/Users/andrewsmith/lib/play-2.1.0/framework/../repository/cache/com.jolbox/bonecp/ivy-0.7.1.RELEASE.xml" searched="false" origin-is-local="true" origin-location="/Users/andrewsmith/lib/play-2.1.0/repository/local/com.jolbox/bonecp/0.7.1.RELEASE/ivys/ivy.xml"/>
				<caller organisation="play" name="play-jdbc_2.10" conf="compile" rev="0.7.1.RELEASE" rev-constraint-default="0.7.1.RELEASE" rev-constraint-dynamic="0.7.1.RELEASE" callerrev="2.1.0"/>
				<artifacts>
					<artifact name="bonecp" type="bundle" ext="jar" status="no" details="" size="115709" time="0" location="/Users/andrewsmith/lib/play-2.1.0/repository/local/com.jolbox/bonecp/0.7.1.RELEASE/bundles/bonecp.jar">
						<origin-location is-local="true" location="/Users/andrewsmith/lib/play-2.1.0/repository/local/com.jolbox/bonecp/0.7.1.RELEASE/bundles/bonecp.jar"/>
					</artifact>
				</artifacts>
			</revision>
		</module>
		<module organisation="play" name="play-java_2.10">
			<revision name="2.1.0" status="release" pubdate="20130204133532" resolver="local" artresolver="local" downloaded="false" searched="false" default="false" conf="default(compile), compile" position="33">
				<metadata-artifact status="no" details="" size="4112" time="0" location="/Users/andrewsmith/lib/play-2.1.0/framework/../repository/cache/play/play-java_2.10/ivy-2.1.0.xml" searched="false" origin-is-local="true" origin-location="/Users/andrewsmith/lib/play-2.1.0/repository/local/play/play-java_2.10/2.1.0/ivys/ivy.xml"/>
				<caller organisation="play" name="play-jdbc_2.10" conf="compile" rev="2.1.0" rev-constraint-default="2.1.0" rev-constraint-dynamic="2.1.0" callerrev="2.1.0"/>
				<artifacts>
					<artifact name="play-java_2.10" type="jar" ext="jar" status="no" details="" size="95006" time="0" location="/Users/andrewsmith/lib/play-2.1.0/repository/local/play/play-java_2.10/2.1.0/jars/play-java_2.10.jar">
						<origin-location is-local="true" location="/Users/andrewsmith/lib/play-2.1.0/repository/local/play/play-java_2.10/2.1.0/jars/play-java_2.10.jar"/>
					</artifact>
				</artifacts>
			</revision>
		</module>
		<module organisation="javax.servlet" name="javax.servlet-api">
			<revision name="3.0.1" status="release" pubdate="20121010204139" resolver="local" artresolver="local" homepage="http://servlet-spec.java.net" downloaded="false" searched="false" default="false" conf="default(compile), default, compile, runtime, master" position="44">
				<license name="CDDL + GPLv2 with classpath exception" url="https://glassfish.dev.java.net/nonav/public/CDDL+GPL.html"/>
				<metadata-artifact status="no" details="" size="3664" time="0" location="/Users/andrewsmith/lib/play-2.1.0/framework/../repository/cache/javax.servlet/javax.servlet-api/ivy-3.0.1.xml" searched="false" origin-is-local="true" origin-location="/Users/andrewsmith/lib/play-2.1.0/repository/local/javax.servlet/javax.servlet-api/3.0.1/ivys/ivy.xml"/>
				<caller organisation="play" name="play-java_2.10" conf="compile" rev="3.0.1" rev-constraint-default="3.0.1" rev-constraint-dynamic="3.0.1" callerrev="2.1.0"/>
				<artifacts>
					<artifact name="javax.servlet-api" type="jar" ext="jar" status="no" details="" size="85353" time="0" location="/Users/andrewsmith/lib/play-2.1.0/repository/local/javax.servlet/javax.servlet-api/3.0.1/jars/javax.servlet-api.jar">
						<origin-location is-local="true" location="/Users/andrewsmith/lib/play-2.1.0/repository/local/javax.servlet/javax.servlet-api/3.0.1/jars/javax.servlet-api.jar"/>
					</artifact>
				</artifacts>
			</revision>
		</module>
		<module organisation="com.google.code.findbugs" name="jsr305">
			<revision name="2.0.1" status="release" pubdate="20121011004935" resolver="local" artresolver="local" homepage="http://findbugs.sourceforge.net/" downloaded="false" searched="false" default="false" conf="default(compile), default, compile, runtime, master" position="43">
				<license name="The Apache Software License, Version 2.0" url="http://www.apache.org/licenses/LICENSE-2.0.txt"/>
				<metadata-artifact status="no" details="" size="2382" time="0" location="/Users/andrewsmith/lib/play-2.1.0/framework/../repository/cache/com.google.code.findbugs/jsr305/ivy-2.0.1.xml" searched="false" origin-is-local="true" origin-location="/Users/andrewsmith/lib/play-2.1.0/repository/local/com.google.code.findbugs/jsr305/2.0.1/ivys/ivy.xml"/>
				<caller organisation="play" name="play-java_2.10" conf="compile" rev="2.0.1" rev-constraint-default="2.0.1" rev-constraint-dynamic="2.0.1" callerrev="2.1.0"/>
				<artifacts>
					<artifact name="jsr305" type="jar" ext="jar" status="no" details="" size="31866" time="0" location="/Users/andrewsmith/lib/play-2.1.0/repository/local/com.google.code.findbugs/jsr305/2.0.1/jars/jsr305.jar">
						<origin-location is-local="true" location="/Users/andrewsmith/lib/play-2.1.0/repository/local/com.google.code.findbugs/jsr305/2.0.1/jars/jsr305.jar"/>
					</artifact>
				</artifacts>
			</revision>
		</module>
		<module organisation="com.google.guava" name="guava">
			<revision name="13.0.1" status="release" pubdate="20121010210806" resolver="local" artresolver="local" homepage="" downloaded="false" searched="false" default="false" conf="default(compile), default, compile, runtime, master, master(*), compile(*), runtime(*)" position="42">
				<metadata-artifact status="no" details="" size="3495" time="0" location="/Users/andrewsmith/lib/play-2.1.0/framework/../repository/cache/com.google.guava/guava/ivy-13.0.1.xml" searched="false" origin-is-local="true" origin-location="/Users/andrewsmith/lib/play-2.1.0/repository/local/com.google.guava/guava/13.0.1/ivys/ivy.xml"/>
				<caller organisation="org.seleniumhq.selenium" name="selenium-api" conf="compile, runtime" rev="12.0" rev-constraint-default="12.0" rev-constraint-dynamic="12.0" callerrev="2.25.0"/>
				<caller organisation="org.seleniumhq.selenium" name="selenium-remote-driver" conf="compile, runtime" rev="12.0" rev-constraint-default="12.0" rev-constraint-dynamic="12.0" callerrev="2.25.0"/>
				<caller organisation="play" name="play-java_2.10" conf="compile" rev="13.0.1" rev-constraint-default="13.0.1" rev-constraint-dynamic="13.0.1" callerrev="2.1.0"/>
				<artifacts>
					<artifact name="guava" type="jar" ext="jar" status="no" details="" size="1891110" time="0" location="/Users/andrewsmith/lib/play-2.1.0/repository/local/com.google.guava/guava/13.0.1/jars/guava.jar">
						<origin-location is-local="true" location="/Users/andrewsmith/lib/play-2.1.0/repository/local/com.google.guava/guava/13.0.1/jars/guava.jar"/>
					</artifact>
				</artifacts>
			</revision>
			<revision name="12.0" evicted="latest-revision" evicted-reason="" downloaded="false" searched="false" conf="compile, master(*), runtime, compile(*), runtime(*), master" position="-1">
				<evicted-by rev="13.0.1"/>
				<caller organisation="org.seleniumhq.selenium" name="selenium-api" conf="compile, runtime" rev="12.0" rev-constraint-default="12.0" rev-constraint-dynamic="12.0" callerrev="2.25.0"/>
				<caller organisation="org.seleniumhq.selenium" name="selenium-remote-driver" conf="compile, runtime" rev="12.0" rev-constraint-default="12.0" rev-constraint-dynamic="12.0" callerrev="2.25.0"/>
				<artifacts>
				</artifacts>
			</revision>
		</module>
		<module organisation="org.reflections" name="reflections">
			<revision name="0.9.8" status="release" pubdate="20121010220048" resolver="local" artresolver="local" homepage="http://code.google.com/p/reflections/" downloaded="false" searched="false" default="false" conf="default(compile), default, compile, runtime, master" position="41">
				<metadata-artifact status="no" details="" size="3668" time="0" location="/Users/andrewsmith/lib/play-2.1.0/framework/../repository/cache/org.reflections/reflections/ivy-0.9.8.xml" searched="false" origin-is-local="true" origin-location="/Users/andrewsmith/lib/play-2.1.0/repository/local/org.reflections/reflections/0.9.8/ivys/ivy.xml"/>
				<caller organisation="play" name="play-java_2.10" conf="compile" rev="0.9.8" rev-constraint-default="0.9.8" rev-constraint-dynamic="0.9.8" callerrev="2.1.0"/>
				<artifacts>
					<artifact name="reflections" type="jar" ext="jar" status="no" details="" size="102696" time="0" location="/Users/andrewsmith/lib/play-2.1.0/repository/local/org.reflections/reflections/0.9.8/jars/reflections.jar">
						<origin-location is-local="true" location="/Users/andrewsmith/lib/play-2.1.0/repository/local/org.reflections/reflections/0.9.8/jars/reflections.jar"/>
					</artifact>
				</artifacts>
			</revision>
		</module>
		<module organisation="org.springframework" name="spring-context">
			<revision name="3.1.2.RELEASE" status="release" pubdate="20121010224234" resolver="local" artresolver="local" homepage="" downloaded="false" searched="false" default="false" conf="default(compile), default, compile, runtime, master" position="38">
				<license name="The Apache Software License, Version 2.0" url="http://www.apache.org/licenses/LICENSE-2.0.txt"/>
				<metadata-artifact status="no" details="" size="10999" time="0" location="/Users/andrewsmith/lib/play-2.1.0/framework/../repository/cache/org.springframework/spring-context/ivy-3.1.2.RELEASE.xml" searched="false" origin-is-local="true" origin-location="/Users/andrewsmith/lib/play-2.1.0/repository/local/org.springframework/spring-context/3.1.2.RELEASE/ivys/ivy.xml"/>
				<caller organisation="play" name="play-java_2.10" conf="compile" rev="3.1.2.RELEASE" rev-constraint-default="3.1.2.RELEASE" rev-constraint-dynamic="3.1.2.RELEASE" callerrev="2.1.0"/>
				<artifacts>
					<artifact name="spring-context" type="jar" ext="jar" status="no" details="" size="832018" time="0" location="/Users/andrewsmith/lib/play-2.1.0/repository/local/org.springframework/spring-context/3.1.2.RELEASE/jars/spring-context.jar">
						<origin-location is-local="true" location="/Users/andrewsmith/lib/play-2.1.0/repository/local/org.springframework/spring-context/3.1.2.RELEASE/jars/spring-context.jar"/>
					</artifact>
				</artifacts>
			</revision>
		</module>
		<module organisation="org.springframework" name="spring-beans">
			<revision name="3.1.2.RELEASE" status="release" pubdate="20121010224227" resolver="local" artresolver="local" homepage="" downloaded="false" searched="false" default="false" conf="default(compile), default, compile, runtime, master" position="40">
				<license name="The Apache Software License, Version 2.0" url="http://www.apache.org/licenses/LICENSE-2.0.txt"/>
				<metadata-artifact status="no" details="" size="7075" time="0" location="/Users/andrewsmith/lib/play-2.1.0/framework/../repository/cache/org.springframework/spring-beans/ivy-3.1.2.RELEASE.xml" searched="false" origin-is-local="true" origin-location="/Users/andrewsmith/lib/play-2.1.0/repository/local/org.springframework/spring-beans/3.1.2.RELEASE/ivys/ivy.xml"/>
				<caller organisation="play" name="play-java_2.10" conf="compile" rev="3.1.2.RELEASE" rev-constraint-default="3.1.2.RELEASE" rev-constraint-dynamic="3.1.2.RELEASE" callerrev="2.1.0"/>
				<artifacts>
					<artifact name="spring-beans" type="jar" ext="jar" status="no" details="" size="592232" time="0" location="/Users/andrewsmith/lib/play-2.1.0/repository/local/org.springframework/spring-beans/3.1.2.RELEASE/jars/spring-beans.jar">
						<origin-location is-local="true" location="/Users/andrewsmith/lib/play-2.1.0/repository/local/org.springframework/spring-beans/3.1.2.RELEASE/jars/spring-beans.jar"/>
					</artifact>
				</artifacts>
			</revision>
		</module>
		<module organisation="org.springframework" name="spring-core">
			<revision name="3.1.2.RELEASE" status="release" pubdate="20121010224231" resolver="local" artresolver="local" homepage="" downloaded="false" searched="false" default="false" conf="default(compile), default, compile, runtime, master" position="39">
				<license name="The Apache Software License, Version 2.0" url="http://www.apache.org/licenses/LICENSE-2.0.txt"/>
				<metadata-artifact status="no" details="" size="7323" time="0" location="/Users/andrewsmith/lib/play-2.1.0/framework/../repository/cache/org.springframework/spring-core/ivy-3.1.2.RELEASE.xml" searched="false" origin-is-local="true" origin-location="/Users/andrewsmith/lib/play-2.1.0/repository/local/org.springframework/spring-core/3.1.2.RELEASE/ivys/ivy.xml"/>
				<caller organisation="play" name="play-java_2.10" conf="compile" rev="3.1.2.RELEASE" rev-constraint-default="3.1.2.RELEASE" rev-constraint-dynamic="3.1.2.RELEASE" callerrev="2.1.0"/>
				<artifacts>
					<artifact name="spring-core" type="jar" ext="jar" status="no" details="" size="449649" time="0" location="/Users/andrewsmith/lib/play-2.1.0/repository/local/org.springframework/spring-core/3.1.2.RELEASE/jars/spring-core.jar">
						<origin-location is-local="true" location="/Users/andrewsmith/lib/play-2.1.0/repository/local/org.springframework/spring-core/3.1.2.RELEASE/jars/spring-core.jar"/>
					</artifact>
				</artifacts>
			</revision>
		</module>
		<module organisation="org.hibernate" name="hibernate-validator">
			<revision name="4.3.0.Final" status="release" pubdate="20121011011604" resolver="local" artresolver="local" homepage="" downloaded="false" searched="false" default="false" conf="default(compile), default, compile, runtime, master" position="35">
				<metadata-artifact status="no" details="" size="7936" time="0" location="/Users/andrewsmith/lib/play-2.1.0/framework/../repository/cache/org.hibernate/hibernate-validator/ivy-4.3.0.Final.xml" searched="false" origin-is-local="true" origin-location="/Users/andrewsmith/lib/play-2.1.0/repository/local/org.hibernate/hibernate-validator/4.3.0.Final/ivys/ivy.xml"/>
				<caller organisation="play" name="play-java_2.10" conf="compile" rev="4.3.0.Final" rev-constraint-default="4.3.0.Final" rev-constraint-dynamic="4.3.0.Final" callerrev="2.1.0"/>
				<artifacts>
					<artifact name="hibernate-validator" type="jar" ext="jar" status="no" details="" size="476575" time="0" location="/Users/andrewsmith/lib/play-2.1.0/repository/local/org.hibernate/hibernate-validator/4.3.0.Final/jars/hibernate-validator.jar">
						<origin-location is-local="true" location="/Users/andrewsmith/lib/play-2.1.0/repository/local/org.hibernate/hibernate-validator/4.3.0.Final/jars/hibernate-validator.jar"/>
					</artifact>
				</artifacts>
			</revision>
		</module>
		<module organisation="org.jboss.logging" name="jboss-logging">
			<revision name="3.1.0.CR2" status="release" pubdate="20121011011609" resolver="local" artresolver="local" homepage="http://www.jboss.org" downloaded="false" searched="false" default="false" conf="compile, master(*), runtime, compile(*), runtime(*), master" position="37">
				<license name="GNU Lesser General Public License, version 2.1" url="http://www.gnu.org/licenses/lgpl-2.1.txt"/>
				<metadata-artifact status="no" details="" size="7344" time="0" location="/Users/andrewsmith/lib/play-2.1.0/framework/../repository/cache/org.jboss.logging/jboss-logging/ivy-3.1.0.CR2.xml" searched="false" origin-is-local="true" origin-location="/Users/andrewsmith/lib/play-2.1.0/repository/local/org.jboss.logging/jboss-logging/3.1.0.CR2/ivys/ivy.xml"/>
				<caller organisation="org.hibernate" name="hibernate-validator" conf="default, compile, runtime, master" rev="3.1.0.CR2" rev-constraint-default="3.1.0.CR2" rev-constraint-dynamic="3.1.0.CR2" callerrev="4.3.0.Final"/>
				<artifacts>
					<artifact name="jboss-logging" type="jar" ext="jar" status="no" details="" size="60539" time="0" location="/Users/andrewsmith/lib/play-2.1.0/repository/local/org.jboss.logging/jboss-logging/3.1.0.CR2/jars/jboss-logging.jar">
						<origin-location is-local="true" location="/Users/andrewsmith/lib/play-2.1.0/repository/local/org.jboss.logging/jboss-logging/3.1.0.CR2/jars/jboss-logging.jar"/>
					</artifact>
				</artifacts>
			</revision>
		</module>
		<module organisation="javax.validation" name="validation-api">
			<revision name="1.0.0.GA" status="release" pubdate="20121010204058" resolver="local" artresolver="local" homepage="" downloaded="false" searched="false" default="false" conf="compile, master(*), runtime, compile(*), runtime(*), master" position="36">
				<license name="Apache License, Version 2.0" url="license.txt"/>
				<metadata-artifact status="no" details="" size="2312" time="0" location="/Users/andrewsmith/lib/play-2.1.0/framework/../repository/cache/javax.validation/validation-api/ivy-1.0.0.GA.xml" searched="false" origin-is-local="true" origin-location="/Users/andrewsmith/lib/play-2.1.0/repository/local/javax.validation/validation-api/1.0.0.GA/ivys/ivy.xml"/>
				<caller organisation="org.hibernate" name="hibernate-validator" conf="default, compile, runtime, master" rev="1.0.0.GA" rev-constraint-default="1.0.0.GA" rev-constraint-dynamic="1.0.0.GA" callerrev="4.3.0.Final"/>
				<artifacts>
					<artifact name="validation-api" type="jar" ext="jar" status="no" details="" size="47433" time="0" location="/Users/andrewsmith/lib/play-2.1.0/repository/local/javax.validation/validation-api/1.0.0.GA/jars/validation-api.jar">
						<origin-location is-local="true" location="/Users/andrewsmith/lib/play-2.1.0/repository/local/javax.validation/validation-api/1.0.0.GA/jars/validation-api.jar"/>
					</artifact>
				</artifacts>
			</revision>
		</module>
		<module organisation="org.yaml" name="snakeyaml">
			<revision name="1.10" status="release" pubdate="20121011011603" resolver="local" artresolver="local" homepage="http://www.snakeyaml.org" downloaded="false" searched="false" default="false" conf="default(compile), default, compile, runtime, master" position="34">
				<license name="Apache License Version 2.0" url="LICENSE.txt"/>
				<metadata-artifact status="no" details="" size="3397" time="0" location="/Users/andrewsmith/lib/play-2.1.0/framework/../repository/cache/org.yaml/snakeyaml/ivy-1.10.xml" searched="false" origin-is-local="true" origin-location="/Users/andrewsmith/lib/play-2.1.0/repository/local/org.yaml/snakeyaml/1.10/ivys/ivy.xml"/>
				<caller organisation="play" name="play-java_2.10" conf="compile" rev="1.10" rev-constraint-default="1.10" rev-constraint-dynamic="1.10" callerrev="2.1.0"/>
				<artifacts>
					<artifact name="snakeyaml" type="bundle" ext="jar" status="no" details="" size="266959" time="0" location="/Users/andrewsmith/lib/play-2.1.0/repository/local/org.yaml/snakeyaml/1.10/bundles/snakeyaml.jar">
						<origin-location is-local="true" location="/Users/andrewsmith/lib/play-2.1.0/repository/local/org.yaml/snakeyaml/1.10/bundles/snakeyaml.jar"/>
					</artifact>
				</artifacts>
			</revision>
		</module>
		<module organisation="play" name="play_2.10">
			<revision name="2.1.0" status="release" pubdate="20130204133532" resolver="local" artresolver="local" downloaded="false" searched="false" default="false" conf="default(compile), compile" position="1">
				<metadata-artifact status="no" details="" size="4802" time="0" location="/Users/andrewsmith/lib/play-2.1.0/framework/../repository/cache/play/play_2.10/ivy-2.1.0.xml" searched="false" origin-is-local="true" origin-location="/Users/andrewsmith/lib/play-2.1.0/repository/local/play/play_2.10/2.1.0/ivys/ivy.xml"/>
				<caller organisation="play" name="play-java_2.10" conf="compile" rev="2.1.0" rev-constraint-default="2.1.0" rev-constraint-dynamic="2.1.0" callerrev="2.1.0"/>
				<caller organisation="play" name="play-test_2.10" conf="compile" rev="2.1.0" rev-constraint-default="2.1.0" rev-constraint-dynamic="2.1.0" callerrev="2.1.0"/>
				<caller organisation="courierserver" name="courierserver_2.10" conf="test-internal, test, optional, compile, provided, runtime" rev="2.1.0" rev-constraint-default="2.1.0" rev-constraint-dynamic="2.1.0" callerrev="1.0-SNAPSHOT"/>
				<artifacts>
					<artifact name="play_2.10" type="jar" ext="jar" status="no" details="" size="4602427" time="0" location="/Users/andrewsmith/lib/play-2.1.0/repository/local/play/play_2.10/2.1.0/jars/play_2.10.jar">
						<origin-location is-local="true" location="/Users/andrewsmith/lib/play-2.1.0/repository/local/play/play_2.10/2.1.0/jars/play_2.10.jar"/>
					</artifact>
				</artifacts>
			</revision>
		</module>
		<module organisation="org.fluentlenium" name="fluentlenium-festassert">
			<revision name="0.7.3" status="release" pubdate="20120831051531" resolver="local" artresolver="local" homepage="https://github.com/FluentLenium/FluentLenium" downloaded="false" searched="false" default="false" conf="default(compile), default, compile, runtime, master" position="58">
				<license name="Apache 2" url="http://www.apache.org/licenses/LICENSE-2.0.txt"/>
				<metadata-artifact status="no" details="" size="5458" time="0" location="/Users/andrewsmith/lib/play-2.1.0/framework/../repository/cache/org.fluentlenium/fluentlenium-festassert/ivy-0.7.3.xml" searched="false" origin-is-local="true" origin-location="/Users/andrewsmith/lib/play-2.1.0/repository/local/org.fluentlenium/fluentlenium-festassert/0.7.3/ivys/ivy.xml"/>
				<caller organisation="play" name="play-test_2.10" conf="compile" rev="0.7.3" rev-constraint-default="0.7.3" rev-constraint-dynamic="0.7.3" callerrev="2.1.0"/>
				<artifacts>
					<artifact name="fluentlenium-festassert" type="jar" ext="jar" status="no" details="" size="12727" time="0" location="/Users/andrewsmith/lib/play-2.1.0/repository/local/org.fluentlenium/fluentlenium-festassert/0.7.3/jars/fluentlenium-festassert.jar">
						<origin-location is-local="true" location="/Users/andrewsmith/lib/play-2.1.0/repository/local/org.fluentlenium/fluentlenium-festassert/0.7.3/jars/fluentlenium-festassert.jar"/>
					</artifact>
				</artifacts>
			</revision>
		</module>
		<module organisation="org.fluentlenium" name="fluentlenium-core">
			<revision name="0.7.3" status="release" pubdate="20120831051459" resolver="local" artresolver="local" homepage="https://github.com/FluentLenium/FluentLenium" downloaded="false" searched="false" default="false" conf="compile, master(*), runtime, compile(*), runtime(*), master" position="59">
				<license name="Apache 2" url="http://www.apache.org/licenses/LICENSE-2.0.txt"/>
				<metadata-artifact status="no" details="" size="5561" time="0" location="/Users/andrewsmith/lib/play-2.1.0/framework/../repository/cache/org.fluentlenium/fluentlenium-core/ivy-0.7.3.xml" searched="false" origin-is-local="true" origin-location="/Users/andrewsmith/lib/play-2.1.0/repository/local/org.fluentlenium/fluentlenium-core/0.7.3/ivys/ivy.xml"/>
				<caller organisation="org.fluentlenium" name="fluentlenium-festassert" conf="default, compile, runtime, master" rev="0.7.3" rev-constraint-default="0.7.3" rev-constraint-dynamic="0.7.3" callerrev="0.7.3"/>
				<artifacts>
					<artifact name="fluentlenium-core" type="jar" ext="jar" status="no" details="" size="75067" time="0" location="/Users/andrewsmith/lib/play-2.1.0/repository/local/org.fluentlenium/fluentlenium-core/0.7.3/jars/fluentlenium-core.jar">
						<origin-location is-local="true" location="/Users/andrewsmith/lib/play-2.1.0/repository/local/org.fluentlenium/fluentlenium-core/0.7.3/jars/fluentlenium-core.jar"/>
					</artifact>
				</artifacts>
			</revision>
		</module>
		<module organisation="org.easytesting" name="fest-assert">
			<revision name="1.4" status="release" pubdate="20110221204559" resolver="local" artresolver="local" homepage="http://fest.easytesting.org/assert" downloaded="false" searched="false" default="false" conf="compile, master(*), runtime, compile(*), runtime(*), master" position="93">
				<metadata-artifact status="no" details="" size="4251" time="0" location="/Users/andrewsmith/lib/play-2.1.0/framework/../repository/cache/org.easytesting/fest-assert/ivy-1.4.xml" searched="false" origin-is-local="true" origin-location="/Users/andrewsmith/lib/play-2.1.0/repository/local/org.easytesting/fest-assert/1.4/ivys/ivy.xml"/>
				<caller organisation="org.fluentlenium" name="fluentlenium-festassert" conf="default, compile, runtime, master" rev="1.4" rev-constraint-default="1.4" rev-constraint-dynamic="1.4" callerrev="0.7.3"/>
				<artifacts>
					<artifact name="fest-assert" type="jar" ext="jar" status="no" details="" size="78451" time="0" location="/Users/andrewsmith/lib/play-2.1.0/repository/local/org.easytesting/fest-assert/1.4/jars/fest-assert.jar">
						<origin-location is-local="true" location="/Users/andrewsmith/lib/play-2.1.0/repository/local/org.easytesting/fest-assert/1.4/jars/fest-assert.jar"/>
					</artifact>
				</artifacts>
			</revision>
		</module>
		<module organisation="org.easytesting" name="fest-util">
			<revision name="1.1.6" status="release" pubdate="20110216231512" resolver="local" artresolver="local" homepage="http://fest.easytesting.org" downloaded="false" searched="false" default="false" conf="compile, master(*), runtime, compile(*), runtime(*), master" position="94">
				<metadata-artifact status="no" details="" size="3734" time="0" location="/Users/andrewsmith/lib/play-2.1.0/framework/../repository/cache/org.easytesting/fest-util/ivy-1.1.6.xml" searched="false" origin-is-local="true" origin-location="/Users/andrewsmith/lib/play-2.1.0/repository/local/org.easytesting/fest-util/1.1.6/ivys/ivy.xml"/>
				<caller organisation="org.easytesting" name="fest-assert" conf="compile, runtime" rev="1.1.6" rev-constraint-default="1.1.6" rev-constraint-dynamic="1.1.6" callerrev="1.4"/>
				<artifacts>
					<artifact name="fest-util" type="jar" ext="jar" status="no" details="" size="31034" time="0" location="/Users/andrewsmith/lib/play-2.1.0/repository/local/org.easytesting/fest-util/1.1.6/jars/fest-util.jar">
						<origin-location is-local="true" location="/Users/andrewsmith/lib/play-2.1.0/repository/local/org.easytesting/fest-util/1.1.6/jars/fest-util.jar"/>
					</artifact>
				</artifacts>
			</revision>
		</module>
		<module organisation="org.seleniumhq.selenium" name="selenium-java">
			<revision name="2.25.0" status="release" pubdate="20120718102033" resolver="local" artresolver="local" homepage="" downloaded="false" searched="false" default="false" conf="compile, master(*), runtime, compile(*), runtime(*), master" position="60">
				<metadata-artifact status="no" details="" size="7203" time="0" location="/Users/andrewsmith/lib/play-2.1.0/framework/../repository/cache/org.seleniumhq.selenium/selenium-java/ivy-2.25.0.xml" searched="false" origin-is-local="true" origin-location="/Users/andrewsmith/lib/play-2.1.0/repository/local/org.seleniumhq.selenium/selenium-java/2.25.0/ivys/ivy.xml"/>
				<caller organisation="org.fluentlenium" name="fluentlenium-core" conf="compile, runtime" rev="2.25.0" rev-constraint-default="2.25.0" rev-constraint-dynamic="2.25.0" callerrev="0.7.3"/>
				<artifacts>
					<artifact name="selenium-java" type="jar" ext="jar" status="no" details="" size="202083" time="0" location="/Users/andrewsmith/lib/play-2.1.0/repository/local/org.seleniumhq.selenium/selenium-java/2.25.0/jars/selenium-java.jar">
						<origin-location is-local="true" location="/Users/andrewsmith/lib/play-2.1.0/repository/local/org.seleniumhq.selenium/selenium-java/2.25.0/jars/selenium-java.jar"/>
					</artifact>
				</artifacts>
			</revision>
		</module>
		<module organisation="org.seleniumhq.selenium" name="selenium-support">
			<revision name="2.25.0" status="release" pubdate="20120718102017" resolver="local" artresolver="local" homepage="" downloaded="false" searched="false" default="false" conf="compile, master(*), runtime, compile(*), runtime(*), master" position="92">
				<metadata-artifact status="no" details="" size="5929" time="0" location="/Users/andrewsmith/lib/play-2.1.0/framework/../repository/cache/org.seleniumhq.selenium/selenium-support/ivy-2.25.0.xml" searched="false" origin-is-local="true" origin-location="/Users/andrewsmith/lib/play-2.1.0/repository/local/org.seleniumhq.selenium/selenium-support/2.25.0/ivys/ivy.xml"/>
				<caller organisation="org.seleniumhq.selenium" name="selenium-java" conf="compile, runtime" rev="2.25.0" rev-constraint-default="2.25.0" rev-constraint-dynamic="2.25.0" callerrev="2.25.0"/>
				<artifacts>
					<artifact name="selenium-support" type="jar" ext="jar" status="no" details="" size="113172" time="0" location="/Users/andrewsmith/lib/play-2.1.0/repository/local/org.seleniumhq.selenium/selenium-support/2.25.0/jars/selenium-support.jar">
						<origin-location is-local="true" location="/Users/andrewsmith/lib/play-2.1.0/repository/local/org.seleniumhq.selenium/selenium-support/2.25.0/jars/selenium-support.jar"/>
					</artifact>
				</artifacts>
			</revision>
		</module>
		<module organisation="org.seleniumhq.selenium" name="selenium-safari-driver">
			<revision name="2.25.0" status="release" pubdate="20120718102006" resolver="local" artresolver="local" homepage="" downloaded="false" searched="false" default="false" conf="compile, master(*), runtime, compile(*), runtime(*), master" position="90">
				<metadata-artifact status="no" details="" size="5867" time="0" location="/Users/andrewsmith/lib/play-2.1.0/framework/../repository/cache/org.seleniumhq.selenium/selenium-safari-driver/ivy-2.25.0.xml" searched="false" origin-is-local="true" origin-location="/Users/andrewsmith/lib/play-2.1.0/repository/local/org.seleniumhq.selenium/selenium-safari-driver/2.25.0/ivys/ivy.xml"/>
				<caller organisation="org.seleniumhq.selenium" name="selenium-java" conf="compile, runtime" rev="2.25.0" rev-constraint-default="2.25.0" rev-constraint-dynamic="2.25.0" callerrev="2.25.0"/>
				<artifacts>
					<artifact name="selenium-safari-driver" type="jar" ext="jar" status="no" details="" size="15761" time="0" location="/Users/andrewsmith/lib/play-2.1.0/repository/local/org.seleniumhq.selenium/selenium-safari-driver/2.25.0/jars/selenium-safari-driver.jar">
						<origin-location is-local="true" location="/Users/andrewsmith/lib/play-2.1.0/repository/local/org.seleniumhq.selenium/selenium-safari-driver/2.25.0/jars/selenium-safari-driver.jar"/>
					</artifact>
				</artifacts>
			</revision>
		</module>
		<module organisation="org.webbitserver" name="webbit">
			<revision name="0.4.6" status="release" pubdate="20120222225921" resolver="local" artresolver="local" homepage="http://webbitserver.org/" downloaded="false" searched="false" default="false" conf="compile, master(*), runtime, compile(*), runtime(*), master" position="91">
				<license name="BSD License" url="http://www.opensource.org/licenses/bsd-license"/>
				<metadata-artifact status="no" details="" size="3344" time="0" location="/Users/andrewsmith/lib/play-2.1.0/framework/../repository/cache/org.webbitserver/webbit/ivy-0.4.6.xml" searched="false" origin-is-local="true" origin-location="/Users/andrewsmith/lib/play-2.1.0/repository/local/org.webbitserver/webbit/0.4.6/ivys/ivy.xml"/>
				<caller organisation="org.seleniumhq.selenium" name="selenium-java" conf="compile, runtime" rev="0.4.6" rev-constraint-default="0.4.6" rev-constraint-dynamic="0.4.6" callerrev="2.25.0"/>
				<caller organisation="org.seleniumhq.selenium" name="selenium-safari-driver" conf="compile, runtime" rev="0.4.6" rev-constraint-default="0.4.6" rev-constraint-dynamic="0.4.6" callerrev="2.25.0"/>
				<artifacts>
					<artifact name="webbit" type="jar" ext="jar" status="no" details="" size="154749" time="0" location="/Users/andrewsmith/lib/play-2.1.0/repository/local/org.webbitserver/webbit/0.4.6/jars/webbit.jar">
						<origin-location is-local="true" location="/Users/andrewsmith/lib/play-2.1.0/repository/local/org.webbitserver/webbit/0.4.6/jars/webbit.jar"/>
					</artifact>
				</artifacts>
			</revision>
		</module>
		<module organisation="org.seleniumhq.selenium" name="selenium-iphone-driver">
			<revision name="2.25.0" status="release" pubdate="20120718101957" resolver="local" artresolver="local" homepage="" downloaded="false" searched="false" default="false" conf="compile, master(*), runtime, compile(*), runtime(*), master" position="89">
				<metadata-artifact status="no" details="" size="5732" time="0" location="/Users/andrewsmith/lib/play-2.1.0/framework/../repository/cache/org.seleniumhq.selenium/selenium-iphone-driver/ivy-2.25.0.xml" searched="false" origin-is-local="true" origin-location="/Users/andrewsmith/lib/play-2.1.0/repository/local/org.seleniumhq.selenium/selenium-iphone-driver/2.25.0/ivys/ivy.xml"/>
				<caller organisation="org.seleniumhq.selenium" name="selenium-java" conf="compile, runtime" rev="2.25.0" rev-constraint-default="2.25.0" rev-constraint-dynamic="2.25.0" callerrev="2.25.0"/>
				<artifacts>
					<artifact name="selenium-iphone-driver" type="jar" ext="jar" status="no" details="" size="13698" time="0" location="/Users/andrewsmith/lib/play-2.1.0/repository/local/org.seleniumhq.selenium/selenium-iphone-driver/2.25.0/jars/selenium-iphone-driver.jar">
						<origin-location is-local="true" location="/Users/andrewsmith/lib/play-2.1.0/repository/local/org.seleniumhq.selenium/selenium-iphone-driver/2.25.0/jars/selenium-iphone-driver.jar"/>
					</artifact>
				</artifacts>
			</revision>
		</module>
		<module organisation="org.seleniumhq.selenium" name="selenium-ie-driver">
			<revision name="2.25.0" status="release" pubdate="20120718101948" resolver="local" artresolver="local" homepage="" downloaded="false" searched="false" default="false" conf="compile, master(*), runtime, compile(*), runtime(*), master" position="88">
				<metadata-artifact status="no" details="" size="5993" time="0" location="/Users/andrewsmith/lib/play-2.1.0/framework/../repository/cache/org.seleniumhq.selenium/selenium-ie-driver/ivy-2.25.0.xml" searched="false" origin-is-local="true" origin-location="/Users/andrewsmith/lib/play-2.1.0/repository/local/org.seleniumhq.selenium/selenium-ie-driver/2.25.0/ivys/ivy.xml"/>
				<caller organisation="org.seleniumhq.selenium" name="selenium-java" conf="compile, runtime" rev="2.25.0" rev-constraint-default="2.25.0" rev-constraint-dynamic="2.25.0" callerrev="2.25.0"/>
				<artifacts>
					<artifact name="selenium-ie-driver" type="jar" ext="jar" status="no" details="" size="1426908" time="0" location="/Users/andrewsmith/lib/play-2.1.0/repository/local/org.seleniumhq.selenium/selenium-ie-driver/2.25.0/jars/selenium-ie-driver.jar">
						<origin-location is-local="true" location="/Users/andrewsmith/lib/play-2.1.0/repository/local/org.seleniumhq.selenium/selenium-ie-driver/2.25.0/jars/selenium-ie-driver.jar"/>
					</artifact>
				</artifacts>
			</revision>
		</module>
		<module organisation="org.seleniumhq.selenium" name="selenium-firefox-driver">
			<revision name="2.25.0" status="release" pubdate="20120718101926" resolver="local" artresolver="local" homepage="" downloaded="false" searched="false" default="false" conf="compile, master(*), runtime, compile(*), runtime(*), master" position="87">
				<metadata-artifact status="no" details="" size="6008" time="0" location="/Users/andrewsmith/lib/play-2.1.0/framework/../repository/cache/org.seleniumhq.selenium/selenium-firefox-driver/ivy-2.25.0.xml" searched="false" origin-is-local="true" origin-location="/Users/andrewsmith/lib/play-2.1.0/repository/local/org.seleniumhq.selenium/selenium-firefox-driver/2.25.0/ivys/ivy.xml"/>
				<caller organisation="org.seleniumhq.selenium" name="selenium-java" conf="compile, runtime" rev="2.25.0" rev-constraint-default="2.25.0" rev-constraint-dynamic="2.25.0" callerrev="2.25.0"/>
				<artifacts>
					<artifact name="selenium-firefox-driver" type="jar" ext="jar" status="no" details="" size="1976290" time="0" location="/Users/andrewsmith/lib/play-2.1.0/repository/local/org.seleniumhq.selenium/selenium-firefox-driver/2.25.0/jars/selenium-firefox-driver.jar">
						<origin-location is-local="true" location="/Users/andrewsmith/lib/play-2.1.0/repository/local/org.seleniumhq.selenium/selenium-firefox-driver/2.25.0/jars/selenium-firefox-driver.jar"/>
					</artifact>
				</artifacts>
			</revision>
		</module>
		<module organisation="org.seleniumhq.selenium" name="selenium-htmlunit-driver">
			<revision name="2.25.0" status="release" pubdate="20120718101937" resolver="local" artresolver="local" homepage="" downloaded="false" searched="false" default="false" conf="compile, master(*), runtime, compile(*), runtime(*), master" position="73">
				<metadata-artifact status="no" details="" size="6270" time="0" location="/Users/andrewsmith/lib/play-2.1.0/framework/../repository/cache/org.seleniumhq.selenium/selenium-htmlunit-driver/ivy-2.25.0.xml" searched="false" origin-is-local="true" origin-location="/Users/andrewsmith/lib/play-2.1.0/repository/local/org.seleniumhq.selenium/selenium-htmlunit-driver/2.25.0/ivys/ivy.xml"/>
				<caller organisation="org.seleniumhq.selenium" name="selenium-java" conf="compile, runtime" rev="2.25.0" rev-constraint-default="2.25.0" rev-constraint-dynamic="2.25.0" callerrev="2.25.0"/>
				<artifacts>
					<artifact name="selenium-htmlunit-driver" type="jar" ext="jar" status="no" details="" size="53368" time="0" location="/Users/andrewsmith/lib/play-2.1.0/repository/local/org.seleniumhq.selenium/selenium-htmlunit-driver/2.25.0/jars/selenium-htmlunit-driver.jar">
						<origin-location is-local="true" location="/Users/andrewsmith/lib/play-2.1.0/repository/local/org.seleniumhq.selenium/selenium-htmlunit-driver/2.25.0/jars/selenium-htmlunit-driver.jar"/>
					</artifact>
				</artifacts>
			</revision>
		</module>
		<module organisation="net.sourceforge.htmlunit" name="htmlunit">
			<revision name="2.9" status="release" pubdate="20110808213817" resolver="local" artresolver="local" homepage="http://htmlunit.sourceforge.net" downloaded="false" searched="false" default="false" conf="compile, master(*), runtime, compile(*), runtime(*), master" position="74">
				<license name="Apache License, Version 2.0" url="http://www.apache.org/licenses/LICENSE-2.0.txt"/>
				<metadata-artifact status="no" details="" size="6952" time="0" location="/Users/andrewsmith/lib/play-2.1.0/framework/../repository/cache/net.sourceforge.htmlunit/htmlunit/ivy-2.9.xml" searched="false" origin-is-local="true" origin-location="/Users/andrewsmith/lib/play-2.1.0/repository/local/net.sourceforge.htmlunit/htmlunit/2.9/ivys/ivy.xml"/>
				<caller organisation="org.seleniumhq.selenium" name="selenium-htmlunit-driver" conf="compile, runtime" rev="2.9" rev-constraint-default="2.9" rev-constraint-dynamic="2.9" callerrev="2.25.0"/>
				<artifacts>
					<artifact name="htmlunit" type="jar" ext="jar" status="no" details="" size="1003510" time="0" location="/Users/andrewsmith/lib/play-2.1.0/repository/local/net.sourceforge.htmlunit/htmlunit/2.9/jars/htmlunit.jar">
						<origin-location is-local="true" location="/Users/andrewsmith/lib/play-2.1.0/repository/local/net.sourceforge.htmlunit/htmlunit/2.9/jars/htmlunit.jar"/>
					</artifact>
				</artifacts>
			</revision>
		</module>
		<module organisation="net.sourceforge.cssparser" name="cssparser">
			<revision name="0.9.5" status="release" pubdate="20080327104902" resolver="local" artresolver="local" homepage="http://cssparser.sourceforge.net/" downloaded="false" searched="false" default="false" conf="compile, master(*), runtime, compile(*), runtime(*), master" position="84">
				<license name="GNU Lesser General Public License" url="http://www.gnu.org/licenses/lgpl.txt"/>
				<metadata-artifact status="no" details="" size="2844" time="0" location="/Users/andrewsmith/lib/play-2.1.0/framework/../repository/cache/net.sourceforge.cssparser/cssparser/ivy-0.9.5.xml" searched="false" origin-is-local="true" origin-location="/Users/andrewsmith/lib/play-2.1.0/repository/local/net.sourceforge.cssparser/cssparser/0.9.5/ivys/ivy.xml"/>
				<caller organisation="net.sourceforge.htmlunit" name="htmlunit" conf="compile, runtime" rev="0.9.5" rev-constraint-default="0.9.5" rev-constraint-dynamic="0.9.5" callerrev="2.9"/>
				<artifacts>
					<artifact name="cssparser" type="jar" ext="jar" status="no" details="" size="253950" time="0" location="/Users/andrewsmith/lib/play-2.1.0/repository/local/net.sourceforge.cssparser/cssparser/0.9.5/jars/cssparser.jar">
						<origin-location is-local="true" location="/Users/andrewsmith/lib/play-2.1.0/repository/local/net.sourceforge.cssparser/cssparser/0.9.5/jars/cssparser.jar"/>
					</artifact>
				</artifacts>
			</revision>
		</module>
		<module organisation="org.w3c.css" name="sac">
			<revision name="1.3" status="release" pubdate="20080322174250" resolver="local" artresolver="local" homepage="http://www.w3.org/Style/CSS/SAC/" downloaded="false" searched="false" default="false" conf="compile, master(*), runtime, compile(*), runtime(*), master" position="85">
				<license name="The W3C Software License" url="http://www.w3.org/Consortium/Legal/copyright-software-19980720"/>
				<metadata-artifact status="no" details="" size="2374" time="0" location="/Users/andrewsmith/lib/play-2.1.0/framework/../repository/cache/org.w3c.css/sac/ivy-1.3.xml" searched="false" origin-is-local="true" origin-location="/Users/andrewsmith/lib/play-2.1.0/repository/local/org.w3c.css/sac/1.3/ivys/ivy.xml"/>
				<caller organisation="net.sourceforge.cssparser" name="cssparser" conf="compile, runtime" rev="1.3" rev-constraint-default="1.3" rev-constraint-dynamic="1.3" callerrev="0.9.5"/>
				<artifacts>
					<artifact name="sac" type="jar" ext="jar" status="no" details="" size="15808" time="0" location="/Users/andrewsmith/lib/play-2.1.0/repository/local/org.w3c.css/sac/1.3/jars/sac.jar">
						<origin-location is-local="true" location="/Users/andrewsmith/lib/play-2.1.0/repository/local/org.w3c.css/sac/1.3/jars/sac.jar"/>
					</artifact>
				</artifacts>
			</revision>
		</module>
		<module organisation="net.sourceforge.nekohtml" name="nekohtml">
			<revision name="1.9.15" status="release" pubdate="20110803031328" resolver="local" artresolver="local" homepage="http://nekohtml.sourceforge.net/" downloaded="false" searched="false" default="false" conf="compile, master(*), runtime, compile(*), runtime(*), master" position="83">
				<license name="The Apache Software License, Version 2.0" url="http://www.apache.org/licenses/LICENSE-2.0.txt"/>
				<metadata-artifact status="no" details="" size="2550" time="0" location="/Users/andrewsmith/lib/play-2.1.0/framework/../repository/cache/net.sourceforge.nekohtml/nekohtml/ivy-1.9.15.xml" searched="false" origin-is-local="true" origin-location="/Users/andrewsmith/lib/play-2.1.0/repository/local/net.sourceforge.nekohtml/nekohtml/1.9.15/ivys/ivy.xml"/>
				<caller organisation="net.sourceforge.htmlunit" name="htmlunit" conf="compile, runtime" rev="1.9.15" rev-constraint-default="1.9.15" rev-constraint-dynamic="1.9.15" callerrev="2.9"/>
				<artifacts>
					<artifact name="nekohtml" type="jar" ext="jar" status="no" details="" size="149271" time="0" location="/Users/andrewsmith/lib/play-2.1.0/repository/local/net.sourceforge.nekohtml/nekohtml/1.9.15/jars/nekohtml.jar">
						<origin-location is-local="true" location="/Users/andrewsmith/lib/play-2.1.0/repository/local/net.sourceforge.nekohtml/nekohtml/1.9.15/jars/nekohtml.jar"/>
					</artifact>
				</artifacts>
			</revision>
		</module>
		<module organisation="xerces" name="xercesImpl">
			<revision name="2.9.1" status="release" pubdate="20081001111919" resolver="local" artresolver="local" homepage="http://xerces.apache.org/xerces2-j" downloaded="false" searched="false" default="false" conf="compile, master(*), runtime, compile(*), runtime(*), master" position="82">
				<metadata-artifact status="no" details="" size="2935" time="0" location="/Users/andrewsmith/lib/play-2.1.0/framework/../repository/cache/xerces/xercesImpl/ivy-2.9.1.xml" searched="false" origin-is-local="true" origin-location="/Users/andrewsmith/lib/play-2.1.0/repository/local/xerces/xercesImpl/2.9.1/ivys/ivy.xml"/>
				<caller organisation="net.sourceforge.htmlunit" name="htmlunit" conf="compile, runtime" rev="2.9.1" rev-constraint-default="2.9.1" rev-constraint-dynamic="2.9.1" callerrev="2.9"/>
				<artifacts>
					<artifact name="xercesImpl" type="jar" ext="jar" status="no" details="" size="1229125" time="0" location="/Users/andrewsmith/lib/play-2.1.0/repository/local/xerces/xercesImpl/2.9.1/jars/xercesImpl.jar">
						<origin-location is-local="true" location="/Users/andrewsmith/lib/play-2.1.0/repository/local/xerces/xercesImpl/2.9.1/jars/xercesImpl.jar"/>
					</artifact>
				</artifacts>
			</revision>
		</module>
		<module organisation="net.sourceforge.htmlunit" name="htmlunit-core-js">
			<revision name="2.9" status="release" pubdate="20110807205104" resolver="local" artresolver="local" homepage="http://htmlunit.sourceforge.net" downloaded="false" searched="false" default="false" conf="compile, master(*), runtime, compile(*), runtime(*), master" position="81">
				<license name="Mozilla Public License version 1.1" url="http://www.mozilla.org/MPL/MPL-1.1.html"/>
				<metadata-artifact status="no" details="" size="2509" time="0" location="/Users/andrewsmith/lib/play-2.1.0/framework/../repository/cache/net.sourceforge.htmlunit/htmlunit-core-js/ivy-2.9.xml" searched="false" origin-is-local="true" origin-location="/Users/andrewsmith/lib/play-2.1.0/repository/local/net.sourceforge.htmlunit/htmlunit-core-js/2.9/ivys/ivy.xml"/>
				<caller organisation="net.sourceforge.htmlunit" name="htmlunit" conf="compile, runtime" rev="2.9" rev-constraint-default="2.9" rev-constraint-dynamic="2.9" callerrev="2.9"/>
				<artifacts>
					<artifact name="htmlunit-core-js" type="jar" ext="jar" status="no" details="" size="975187" time="0" location="/Users/andrewsmith/lib/play-2.1.0/repository/local/net.sourceforge.htmlunit/htmlunit-core-js/2.9/jars/htmlunit-core-js.jar">
						<origin-location is-local="true" location="/Users/andrewsmith/lib/play-2.1.0/repository/local/net.sourceforge.htmlunit/htmlunit-core-js/2.9/jars/htmlunit-core-js.jar"/>
					</artifact>
				</artifacts>
			</revision>
		</module>
		<module organisation="org.apache.httpcomponents" name="httpmime">
			<revision name="4.1.2" status="release" pubdate="20110729110218" resolver="local" artresolver="local" homepage="http://hc.apache.org/httpcomponents-client" downloaded="false" searched="false" default="false" conf="compile, master(*), runtime, compile(*), runtime(*), master" position="80">
				<metadata-artifact status="no" details="" size="5292" time="0" location="/Users/andrewsmith/lib/play-2.1.0/framework/../repository/cache/org.apache.httpcomponents/httpmime/ivy-4.1.2.xml" searched="false" origin-is-local="true" origin-location="/Users/andrewsmith/lib/play-2.1.0/repository/local/org.apache.httpcomponents/httpmime/4.1.2/ivys/ivy.xml"/>
				<caller organisation="net.sourceforge.htmlunit" name="htmlunit" conf="compile, runtime" rev="4.1.2" rev-constraint-default="4.1.2" rev-constraint-dynamic="4.1.2" callerrev="2.9"/>
				<artifacts>
					<artifact name="httpmime" type="jar" ext="jar" status="no" details="" size="26890" time="0" location="/Users/andrewsmith/lib/play-2.1.0/repository/local/org.apache.httpcomponents/httpmime/4.1.2/jars/httpmime.jar">
						<origin-location is-local="true" location="/Users/andrewsmith/lib/play-2.1.0/repository/local/org.apache.httpcomponents/httpmime/4.1.2/jars/httpmime.jar"/>
					</artifact>
				</artifacts>
			</revision>
		</module>
		<module organisation="commons-lang" name="commons-lang">
			<revision name="2.6" status="release" pubdate="20110116112147" resolver="local" artresolver="local" homepage="http://commons.apache.org/lang/" downloaded="false" searched="false" default="false" conf="compile, master(*), runtime, compile(*), runtime(*), master" position="79">
				<metadata-artifact status="no" details="" size="6380" time="0" location="/Users/andrewsmith/lib/play-2.1.0/framework/../repository/cache/commons-lang/commons-lang/ivy-2.6.xml" searched="false" origin-is-local="true" origin-location="/Users/andrewsmith/lib/play-2.1.0/repository/local/commons-lang/commons-lang/2.6/ivys/ivy.xml"/>
				<caller organisation="net.sourceforge.htmlunit" name="htmlunit" conf="compile, runtime" rev="2.6" rev-constraint-default="2.6" rev-constraint-dynamic="2.6" callerrev="2.9"/>
				<artifacts>
					<artifact name="commons-lang" type="jar" ext="jar" status="no" details="" size="284220" time="0" location="/Users/andrewsmith/lib/play-2.1.0/repository/local/commons-lang/commons-lang/2.6/jars/commons-lang.jar">
						<origin-location is-local="true" location="/Users/andrewsmith/lib/play-2.1.0/repository/local/commons-lang/commons-lang/2.6/jars/commons-lang.jar"/>
					</artifact>
				</artifacts>
			</revision>
		</module>
		<module organisation="commons-collections" name="commons-collections">
			<revision name="3.2.1" status="release" pubdate="20080414140924" resolver="local" artresolver="local" homepage="http://commons.apache.org/collections/" downloaded="false" searched="false" default="false" conf="compile, master(*), runtime, compile(*), runtime(*), master" position="78">
				<metadata-artifact status="no" details="" size="4574" time="0" location="/Users/andrewsmith/lib/play-2.1.0/framework/../repository/cache/commons-collections/commons-collections/ivy-3.2.1.xml" searched="false" origin-is-local="true" origin-location="/Users/andrewsmith/lib/play-2.1.0/repository/local/commons-collections/commons-collections/3.2.1/ivys/ivy.xml"/>
				<caller organisation="net.sourceforge.htmlunit" name="htmlunit" conf="compile, runtime" rev="3.2.1" rev-constraint-default="3.2.1" rev-constraint-dynamic="3.2.1" callerrev="2.9"/>
				<artifacts>
					<artifact name="commons-collections" type="jar" ext="jar" status="no" details="" size="575389" time="0" location="/Users/andrewsmith/lib/play-2.1.0/repository/local/commons-collections/commons-collections/3.2.1/jars/commons-collections.jar">
						<origin-location is-local="true" location="/Users/andrewsmith/lib/play-2.1.0/repository/local/commons-collections/commons-collections/3.2.1/jars/commons-collections.jar"/>
					</artifact>
				</artifacts>
			</revision>
		</module>
		<module organisation="xalan" name="xalan">
			<revision name="2.7.1" status="release" pubdate="20080929210254" resolver="local" artresolver="local" homepage="http://xml.apache.org/xalan-j/" downloaded="false" searched="false" default="false" conf="compile, master(*), runtime, compile(*), runtime(*), master" position="75">
				<metadata-artifact status="no" details="" size="2915" time="0" location="/Users/andrewsmith/lib/play-2.1.0/framework/../repository/cache/xalan/xalan/ivy-2.7.1.xml" searched="false" origin-is-local="true" origin-location="/Users/andrewsmith/lib/play-2.1.0/repository/local/xalan/xalan/2.7.1/ivys/ivy.xml"/>
				<caller organisation="net.sourceforge.htmlunit" name="htmlunit" conf="compile, runtime" rev="2.7.1" rev-constraint-default="2.7.1" rev-constraint-dynamic="2.7.1" callerrev="2.9"/>
				<artifacts>
					<artifact name="xalan" type="jar" ext="jar" status="no" details="" size="3176148" time="0" location="/Users/andrewsmith/lib/play-2.1.0/repository/local/xalan/xalan/2.7.1/jars/xalan.jar">
						<origin-location is-local="true" location="/Users/andrewsmith/lib/play-2.1.0/repository/local/xalan/xalan/2.7.1/jars/xalan.jar"/>
					</artifact>
				</artifacts>
			</revision>
		</module>
		<module organisation="xalan" name="serializer">
			<revision name="2.7.1" status="release" pubdate="20080929210254" resolver="local" artresolver="local" homepage="http://xml.apache.org/xalan-j/" downloaded="false" searched="false" default="false" conf="compile, master(*), runtime, compile(*), runtime(*), master" position="76">
				<metadata-artifact status="no" details="" size="2725" time="0" location="/Users/andrewsmith/lib/play-2.1.0/framework/../repository/cache/xalan/serializer/ivy-2.7.1.xml" searched="false" origin-is-local="true" origin-location="/Users/andrewsmith/lib/play-2.1.0/repository/local/xalan/serializer/2.7.1/ivys/ivy.xml"/>
				<caller organisation="xalan" name="xalan" conf="compile, runtime" rev="2.7.1" rev-constraint-default="2.7.1" rev-constraint-dynamic="2.7.1" callerrev="2.7.1"/>
				<artifacts>
					<artifact name="serializer" type="jar" ext="jar" status="no" details="" size="278281" time="0" location="/Users/andrewsmith/lib/play-2.1.0/repository/local/xalan/serializer/2.7.1/jars/serializer.jar">
						<origin-location is-local="true" location="/Users/andrewsmith/lib/play-2.1.0/repository/local/xalan/serializer/2.7.1/jars/serializer.jar"/>
					</artifact>
				</artifacts>
			</revision>
		</module>
		<module organisation="xml-apis" name="xml-apis">
			<revision name="1.3.04" status="release" pubdate="20061222023752" resolver="local" artresolver="local" homepage="http://xml.apache.org/commons/components/external/" downloaded="false" searched="false" default="false" conf="compile, master(*), runtime, compile(*), runtime(*), master" position="77">
				<metadata-artifact status="no" details="" size="2809" time="0" location="/Users/andrewsmith/lib/play-2.1.0/framework/../repository/cache/xml-apis/xml-apis/ivy-1.3.04.xml" searched="false" origin-is-local="true" origin-location="/Users/andrewsmith/lib/play-2.1.0/repository/local/xml-apis/xml-apis/1.3.04/ivys/ivy.xml"/>
				<caller organisation="xerces" name="xercesImpl" conf="compile, runtime" rev="1.3.04" rev-constraint-default="1.3.04" rev-constraint-dynamic="1.3.04" callerrev="2.9.1"/>
				<caller organisation="xalan" name="serializer" conf="compile, runtime" rev="1.3.04" rev-constraint-default="1.3.04" rev-constraint-dynamic="1.3.04" callerrev="2.7.1"/>
				<artifacts>
					<artifact name="xml-apis" type="jar" ext="jar" status="no" details="" size="194354" time="0" location="/Users/andrewsmith/lib/play-2.1.0/repository/local/xml-apis/xml-apis/1.3.04/jars/xml-apis.jar">
						<origin-location is-local="true" location="/Users/andrewsmith/lib/play-2.1.0/repository/local/xml-apis/xml-apis/1.3.04/jars/xml-apis.jar"/>
					</artifact>
				</artifacts>
			</revision>
		</module>
		<module organisation="org.seleniumhq.selenium" name="selenium-chrome-driver">
			<revision name="2.25.0" status="release" pubdate="20120718101914" resolver="local" artresolver="local" homepage="" downloaded="false" searched="false" default="false" conf="compile, master(*), runtime, compile(*), runtime(*), master" position="72">
				<metadata-artifact status="no" details="" size="5732" time="0" location="/Users/andrewsmith/lib/play-2.1.0/framework/../repository/cache/org.seleniumhq.selenium/selenium-chrome-driver/ivy-2.25.0.xml" searched="false" origin-is-local="true" origin-location="/Users/andrewsmith/lib/play-2.1.0/repository/local/org.seleniumhq.selenium/selenium-chrome-driver/2.25.0/ivys/ivy.xml"/>
				<caller organisation="org.seleniumhq.selenium" name="selenium-java" conf="compile, runtime" rev="2.25.0" rev-constraint-default="2.25.0" rev-constraint-dynamic="2.25.0" callerrev="2.25.0"/>
				<artifacts>
					<artifact name="selenium-chrome-driver" type="jar" ext="jar" status="no" details="" size="11094" time="0" location="/Users/andrewsmith/lib/play-2.1.0/repository/local/org.seleniumhq.selenium/selenium-chrome-driver/2.25.0/jars/selenium-chrome-driver.jar">
						<origin-location is-local="true" location="/Users/andrewsmith/lib/play-2.1.0/repository/local/org.seleniumhq.selenium/selenium-chrome-driver/2.25.0/jars/selenium-chrome-driver.jar"/>
					</artifact>
				</artifacts>
			</revision>
		</module>
		<module organisation="org.seleniumhq.selenium" name="selenium-android-driver">
			<revision name="2.25.0" status="release" pubdate="20120718101905" resolver="local" artresolver="local" homepage="" downloaded="false" searched="false" default="false" conf="compile, master(*), runtime, compile(*), runtime(*), master" position="61">
				<metadata-artifact status="no" details="" size="5878" time="0" location="/Users/andrewsmith/lib/play-2.1.0/framework/../repository/cache/org.seleniumhq.selenium/selenium-android-driver/ivy-2.25.0.xml" searched="false" origin-is-local="true" origin-location="/Users/andrewsmith/lib/play-2.1.0/repository/local/org.seleniumhq.selenium/selenium-android-driver/2.25.0/ivys/ivy.xml"/>
				<caller organisation="org.seleniumhq.selenium" name="selenium-java" conf="compile, runtime" rev="2.25.0" rev-constraint-default="2.25.0" rev-constraint-dynamic="2.25.0" callerrev="2.25.0"/>
				<artifacts>
					<artifact name="selenium-android-driver" type="jar" ext="jar" status="no" details="" size="300963" time="0" location="/Users/andrewsmith/lib/play-2.1.0/repository/local/org.seleniumhq.selenium/selenium-android-driver/2.25.0/jars/selenium-android-driver.jar">
						<origin-location is-local="true" location="/Users/andrewsmith/lib/play-2.1.0/repository/local/org.seleniumhq.selenium/selenium-android-driver/2.25.0/jars/selenium-android-driver.jar"/>
					</artifact>
				</artifacts>
			</revision>
		</module>
		<module organisation="org.seleniumhq.selenium" name="selenium-remote-driver">
			<revision name="2.25.0" status="release" pubdate="20120718101852" resolver="local" artresolver="local" homepage="" downloaded="false" searched="false" default="false" conf="compile, master(*), runtime, compile(*), runtime(*), master" position="62">
				<metadata-artifact status="no" details="" size="6670" time="0" location="/Users/andrewsmith/lib/play-2.1.0/framework/../repository/cache/org.seleniumhq.selenium/selenium-remote-driver/ivy-2.25.0.xml" searched="false" origin-is-local="true" origin-location="/Users/andrewsmith/lib/play-2.1.0/repository/local/org.seleniumhq.selenium/selenium-remote-driver/2.25.0/ivys/ivy.xml"/>
				<caller organisation="org.seleniumhq.selenium" name="selenium-firefox-driver" conf="compile, runtime" rev="2.25.0" rev-constraint-default="2.25.0" rev-constraint-dynamic="2.25.0" callerrev="2.25.0"/>
				<caller organisation="org.seleniumhq.selenium" name="selenium-safari-driver" conf="compile, runtime" rev="2.25.0" rev-constraint-default="2.25.0" rev-constraint-dynamic="2.25.0" callerrev="2.25.0"/>
				<caller organisation="org.seleniumhq.selenium" name="selenium-ie-driver" conf="compile, runtime" rev="2.25.0" rev-constraint-default="2.25.0" rev-constraint-dynamic="2.25.0" callerrev="2.25.0"/>
				<caller organisation="org.seleniumhq.selenium" name="selenium-chrome-driver" conf="compile, runtime" rev="2.25.0" rev-constraint-default="2.25.0" rev-constraint-dynamic="2.25.0" callerrev="2.25.0"/>
				<caller organisation="org.seleniumhq.selenium" name="selenium-iphone-driver" conf="compile, runtime" rev="2.25.0" rev-constraint-default="2.25.0" rev-constraint-dynamic="2.25.0" callerrev="2.25.0"/>
				<caller organisation="org.seleniumhq.selenium" name="selenium-android-driver" conf="compile, runtime" rev="2.25.0" rev-constraint-default="2.25.0" rev-constraint-dynamic="2.25.0" callerrev="2.25.0"/>
				<artifacts>
					<artifact name="selenium-remote-driver" type="jar" ext="jar" status="no" details="" size="235410" time="0" location="/Users/andrewsmith/lib/play-2.1.0/repository/local/org.seleniumhq.selenium/selenium-remote-driver/2.25.0/jars/selenium-remote-driver.jar">
						<origin-location is-local="true" location="/Users/andrewsmith/lib/play-2.1.0/repository/local/org.seleniumhq.selenium/selenium-remote-driver/2.25.0/jars/selenium-remote-driver.jar"/>
					</artifact>
				</artifacts>
			</revision>
		</module>
		<module organisation="net.java.dev.jna" name="platform">
			<revision name="3.4.0" status="release" pubdate="20111221112302" resolver="local" artresolver="local" homepage="https://github.com/twall/jna" downloaded="false" searched="false" default="false" conf="compile, master(*), runtime, compile(*), runtime(*), master" position="71">
				<license name="LGPL, version 2.1" url="http://creativecommons.org/licenses/LGPL/2.1/"/>
				<metadata-artifact status="no" details="" size="2458" time="0" location="/Users/andrewsmith/lib/play-2.1.0/framework/../repository/cache/net.java.dev.jna/platform/ivy-3.4.0.xml" searched="false" origin-is-local="true" origin-location="/Users/andrewsmith/lib/play-2.1.0/repository/local/net.java.dev.jna/platform/3.4.0/ivys/ivy.xml"/>
				<caller organisation="org.seleniumhq.selenium" name="selenium-remote-driver" conf="compile, runtime" rev="3.4.0" rev-constraint-default="3.4.0" rev-constraint-dynamic="3.4.0" callerrev="2.25.0"/>
				<caller organisation="org.seleniumhq.selenium" name="selenium-ie-driver" conf="compile, runtime" rev="3.4.0" rev-constraint-default="3.4.0" rev-constraint-dynamic="3.4.0" callerrev="2.25.0"/>
				<artifacts>
					<artifact name="platform" type="jar" ext="jar" status="no" details="" size="913436" time="0" location="/Users/andrewsmith/lib/play-2.1.0/repository/local/net.java.dev.jna/platform/3.4.0/jars/platform.jar">
						<origin-location is-local="true" location="/Users/andrewsmith/lib/play-2.1.0/repository/local/net.java.dev.jna/platform/3.4.0/jars/platform.jar"/>
					</artifact>
				</artifacts>
			</revision>
		</module>
		<module organisation="net.java.dev.jna" name="jna">
			<revision name="3.4.0" status="release" pubdate="20111221112220" resolver="local" artresolver="local" homepage="https://github.com/twall/jna" downloaded="false" searched="false" default="false" conf="compile, master(*), runtime, compile(*), runtime(*), master" position="70">
				<license name="LGPL, version 2.1" url="http://creativecommons.org/licenses/LGPL/2.1/"/>
				<metadata-artifact status="no" details="" size="2439" time="0" location="/Users/andrewsmith/lib/play-2.1.0/framework/../repository/cache/net.java.dev.jna/jna/ivy-3.4.0.xml" searched="false" origin-is-local="true" origin-location="/Users/andrewsmith/lib/play-2.1.0/repository/local/net.java.dev.jna/jna/3.4.0/ivys/ivy.xml"/>
				<caller organisation="org.seleniumhq.selenium" name="selenium-remote-driver" conf="compile, runtime" rev="3.4.0" rev-constraint-default="3.4.0" rev-constraint-dynamic="3.4.0" callerrev="2.25.0"/>
				<caller organisation="org.seleniumhq.selenium" name="selenium-ie-driver" conf="compile, runtime" rev="3.4.0" rev-constraint-default="3.4.0" rev-constraint-dynamic="3.4.0" callerrev="2.25.0"/>
				<artifacts>
					<artifact name="jna" type="jar" ext="jar" status="no" details="" size="1008730" time="0" location="/Users/andrewsmith/lib/play-2.1.0/repository/local/net.java.dev.jna/jna/3.4.0/jars/jna.jar">
						<origin-location is-local="true" location="/Users/andrewsmith/lib/play-2.1.0/repository/local/net.java.dev.jna/jna/3.4.0/jars/jna.jar"/>
					</artifact>
				</artifacts>
			</revision>
		</module>
		<module organisation="org.apache.commons" name="commons-exec">
			<revision name="1.1" status="release" pubdate="20101019101142" resolver="local" artresolver="local" homepage="http://commons.apache.org/exec/" downloaded="false" searched="false" default="false" conf="compile, master(*), runtime, compile(*), runtime(*), master" position="69">
				<metadata-artifact status="no" details="" size="6038" time="0" location="/Users/andrewsmith/lib/play-2.1.0/framework/../repository/cache/org.apache.commons/commons-exec/ivy-1.1.xml" searched="false" origin-is-local="true" origin-location="/Users/andrewsmith/lib/play-2.1.0/repository/local/org.apache.commons/commons-exec/1.1/ivys/ivy.xml"/>
				<caller organisation="org.seleniumhq.selenium" name="selenium-firefox-driver" conf="compile, runtime" rev="1.1" rev-constraint-default="1.1" rev-constraint-dynamic="1.1" callerrev="2.25.0"/>
				<caller organisation="org.seleniumhq.selenium" name="selenium-remote-driver" conf="compile, runtime" rev="1.1" rev-constraint-default="1.1" rev-constraint-dynamic="1.1" callerrev="2.25.0"/>
				<artifacts>
					<artifact name="commons-exec" type="jar" ext="jar" status="no" details="" size="52543" time="0" location="/Users/andrewsmith/lib/play-2.1.0/repository/local/org.apache.commons/commons-exec/1.1/jars/commons-exec.jar">
						<origin-location is-local="true" location="/Users/andrewsmith/lib/play-2.1.0/repository/local/org.apache.commons/commons-exec/1.1/jars/commons-exec.jar"/>
					</artifact>
				</artifacts>
			</revision>
		</module>
		<module organisation="org.apache.httpcomponents" name="httpclient">
			<revision name="4.1.2" status="release" pubdate="20110729110203" resolver="local" artresolver="local" homepage="http://hc.apache.org/httpcomponents-client" downloaded="false" searched="false" default="false" conf="compile, master(*), runtime, compile(*), runtime(*), master" position="66">
				<metadata-artifact status="no" details="" size="5563" time="0" location="/Users/andrewsmith/lib/play-2.1.0/framework/../repository/cache/org.apache.httpcomponents/httpclient/ivy-4.1.2.xml" searched="false" origin-is-local="true" origin-location="/Users/andrewsmith/lib/play-2.1.0/repository/local/org.apache.httpcomponents/httpclient/4.1.2/ivys/ivy.xml"/>
				<caller organisation="org.seleniumhq.selenium" name="selenium-remote-driver" conf="compile, runtime" rev="4.1.2" rev-constraint-default="4.1.2" rev-constraint-dynamic="4.1.2" callerrev="2.25.0"/>
				<caller organisation="oauth.signpost" name="signpost-commonshttp4" conf="default, compile, runtime, master" rev="4.0.1" rev-constraint-default="4.0.1" rev-constraint-dynamic="4.0.1" callerrev="1.2.1.2"/>
				<caller organisation="org.seleniumhq.selenium" name="selenium-htmlunit-driver" conf="compile, runtime" rev="4.1.2" rev-constraint-default="4.1.2" rev-constraint-dynamic="4.1.2" callerrev="2.25.0"/>
				<artifacts>
					<artifact name="httpclient" type="jar" ext="jar" status="no" details="" size="352254" time="0" location="/Users/andrewsmith/lib/play-2.1.0/repository/local/org.apache.httpcomponents/httpclient/4.1.2/jars/httpclient.jar">
						<origin-location is-local="true" location="/Users/andrewsmith/lib/play-2.1.0/repository/local/org.apache.httpcomponents/httpclient/4.1.2/jars/httpclient.jar"/>
					</artifact>
				</artifacts>
			</revision>
			<revision name="4.0.1" status="release" pubdate="20091209082018" resolver="local" artresolver="local" evicted="latest-revision" evicted-reason="" homepage="http://hc.apache.org/httpcomponents-client" downloaded="false" searched="false" default="false" conf="compile, master(*), runtime, compile(*), runtime(*), master" position="-1">
				<license name="Apache License" url="../LICENSE.txt"/>
				<metadata-artifact status="no" details="" size="5017" time="0" location="/Users/andrewsmith/lib/play-2.1.0/framework/../repository/cache/org.apache.httpcomponents/httpclient/ivy-4.0.1.xml" searched="false" origin-is-local="true" origin-location="/Users/andrewsmith/lib/play-2.1.0/repository/local/org.apache.httpcomponents/httpclient/4.0.1/ivys/ivy.xml"/>
				<evicted-by rev="4.1.2"/>
				<caller organisation="oauth.signpost" name="signpost-commonshttp4" conf="default, compile, runtime, master" rev="4.0.1" rev-constraint-default="4.0.1" rev-constraint-dynamic="4.0.1" callerrev="1.2.1.2"/>
				<artifacts>
				</artifacts>
			</revision>
		</module>
		<module organisation="org.seleniumhq.selenium" name="selenium-api">
			<revision name="2.25.0" status="release" pubdate="20120718101837" resolver="local" artresolver="local" homepage="" downloaded="false" searched="false" default="false" conf="compile, master(*), runtime, compile(*), runtime(*), master" position="65">
				<metadata-artifact status="no" details="" size="5843" time="0" location="/Users/andrewsmith/lib/play-2.1.0/framework/../repository/cache/org.seleniumhq.selenium/selenium-api/ivy-2.25.0.xml" searched="false" origin-is-local="true" origin-location="/Users/andrewsmith/lib/play-2.1.0/repository/local/org.seleniumhq.selenium/selenium-api/2.25.0/ivys/ivy.xml"/>
				<caller organisation="org.seleniumhq.selenium" name="selenium-remote-driver" conf="compile, runtime" rev="2.25.0" rev-constraint-default="2.25.0" rev-constraint-dynamic="2.25.0" callerrev="2.25.0"/>
				<caller organisation="org.seleniumhq.selenium" name="selenium-support" conf="compile, runtime" rev="2.25.0" rev-constraint-default="2.25.0" rev-constraint-dynamic="2.25.0" callerrev="2.25.0"/>
				<caller organisation="org.seleniumhq.selenium" name="selenium-htmlunit-driver" conf="compile, runtime" rev="2.25.0" rev-constraint-default="2.25.0" rev-constraint-dynamic="2.25.0" callerrev="2.25.0"/>
				<artifacts>
					<artifact name="selenium-api" type="jar" ext="jar" status="no" details="" size="129123" time="0" location="/Users/andrewsmith/lib/play-2.1.0/repository/local/org.seleniumhq.selenium/selenium-api/2.25.0/jars/selenium-api.jar">
						<origin-location is-local="true" location="/Users/andrewsmith/lib/play-2.1.0/repository/local/org.seleniumhq.selenium/selenium-api/2.25.0/jars/selenium-api.jar"/>
					</artifact>
				</artifacts>
			</revision>
		</module>
		<module organisation="org.json" name="json">
			<revision name="20080701" status="release" pubdate="20080720074729" resolver="local" artresolver="local" homepage="http://www.json.org/java/index.html" downloaded="false" searched="false" default="false" conf="compile, master(*), runtime, compile(*), runtime(*), master" position="64">
				<license name="provided without support or warranty" url="http://www.json.org/license.html"/>
				<metadata-artifact status="no" details="" size="2968" time="0" location="/Users/andrewsmith/lib/play-2.1.0/framework/../repository/cache/org.json/json/ivy-20080701.xml" searched="false" origin-is-local="true" origin-location="/Users/andrewsmith/lib/play-2.1.0/repository/local/org.json/json/20080701/ivys/ivy.xml"/>
				<caller organisation="org.seleniumhq.selenium" name="selenium-api" conf="compile, runtime" rev="20080701" rev-constraint-default="20080701" rev-constraint-dynamic="20080701" callerrev="2.25.0"/>
				<caller organisation="org.seleniumhq.selenium" name="selenium-remote-driver" conf="compile, runtime" rev="20080701" rev-constraint-default="20080701" rev-constraint-dynamic="20080701" callerrev="2.25.0"/>
				<artifacts>
					<artifact name="json" type="jar" ext="jar" status="no" details="" size="37875" time="0" location="/Users/andrewsmith/lib/play-2.1.0/repository/local/org.json/json/20080701/jars/json.jar">
						<origin-location is-local="true" location="/Users/andrewsmith/lib/play-2.1.0/repository/local/org.json/json/20080701/jars/json.jar"/>
					</artifact>
				</artifacts>
			</revision>
		</module>
		<module organisation="cglib" name="cglib-nodep">
			<revision name="2.1_3" status="release" pubdate="20051108111406" resolver="local" artresolver="local" homepage="http://cglib.sourceforge.net/" downloaded="false" searched="false" default="false" conf="compile, master(*), runtime, compile(*), runtime(*), master" position="63">
				<metadata-artifact status="no" details="" size="2206" time="0" location="/Users/andrewsmith/lib/play-2.1.0/framework/../repository/cache/cglib/cglib-nodep/ivy-2.1_3.xml" searched="false" origin-is-local="true" origin-location="/Users/andrewsmith/lib/play-2.1.0/repository/local/cglib/cglib-nodep/2.1_3/ivys/ivy.xml"/>
				<caller organisation="org.seleniumhq.selenium" name="selenium-remote-driver" conf="compile, runtime" rev="2.1_3" rev-constraint-default="2.1_3" rev-constraint-dynamic="2.1_3" callerrev="2.25.0"/>
				<artifacts>
					<artifact name="cglib-nodep" type="jar" ext="jar" status="no" details="" size="324238" time="0" location="/Users/andrewsmith/lib/play-2.1.0/repository/local/cglib/cglib-nodep/2.1_3/jars/cglib-nodep.jar">
						<origin-location is-local="true" location="/Users/andrewsmith/lib/play-2.1.0/repository/local/cglib/cglib-nodep/2.1_3/jars/cglib-nodep.jar"/>
					</artifact>
				</artifacts>
			</revision>
		</module>
		<module organisation="com.novocode" name="junit-interface">
			<revision name="0.9" status="release" pubdate="20120911020750" resolver="local" artresolver="local" homepage="http://github.com/szeiger/junit-interface/" downloaded="false" searched="false" default="false" conf="default(compile), default, compile, runtime, master" position="56">
				<license name="Two-clause BSD-style license" url="http://github.com/szeiger/junit-interface/blob/master/LICENSE.txt"/>
				<metadata-artifact status="no" details="" size="2738" time="0" location="/Users/andrewsmith/lib/play-2.1.0/framework/../repository/cache/com.novocode/junit-interface/ivy-0.9.xml" searched="false" origin-is-local="true" origin-location="/Users/andrewsmith/lib/play-2.1.0/repository/local/com.novocode/junit-interface/0.9/ivys/ivy.xml"/>
				<caller organisation="play" name="play-test_2.10" conf="compile" rev="0.9" rev-constraint-default="0.9" rev-constraint-dynamic="0.9" callerrev="2.1.0"/>
				<artifacts>
					<artifact name="junit-interface" type="jar" ext="jar" status="no" details="" size="19314" time="0" location="/Users/andrewsmith/lib/play-2.1.0/repository/local/com.novocode/junit-interface/0.9/jars/junit-interface.jar">
						<origin-location is-local="true" location="/Users/andrewsmith/lib/play-2.1.0/repository/local/com.novocode/junit-interface/0.9/jars/junit-interface.jar"/>
					</artifact>
				</artifacts>
			</revision>
		</module>
		<module organisation="net.sf.ehcache" name="ehcache-core">
			<revision name="2.6.0" status="release" pubdate="20120724035024" resolver="local" artresolver="local" homepage="http://ehcache.org" downloaded="false" searched="false" default="false" conf="default(compile), default, compile, runtime, master" position="29">
				<license name="The Apache Software License, Version 2.0" url="src/assemble/EHCACHE-CORE-LICENSE.txt"/>
				<metadata-artifact status="no" details="" size="14759" time="0" location="/Users/andrewsmith/lib/play-2.1.0/framework/../repository/cache/net.sf.ehcache/ehcache-core/ivy-2.6.0.xml" searched="false" origin-is-local="true" origin-location="/Users/andrewsmith/lib/play-2.1.0/repository/local/net.sf.ehcache/ehcache-core/2.6.0/ivys/ivy.xml"/>
				<caller organisation="play" name="play_2.10" conf="compile" rev="2.6.0" rev-constraint-default="2.6.0" rev-constraint-dynamic="2.6.0" callerrev="2.1.0"/>
				<artifacts>
					<artifact name="ehcache-core" type="jar" ext="jar" status="no" details="" size="1332004" time="0" location="/Users/andrewsmith/lib/play-2.1.0/repository/local/net.sf.ehcache/ehcache-core/2.6.0/jars/ehcache-core.jar">
						<origin-location is-local="true" location="/Users/andrewsmith/lib/play-2.1.0/repository/local/net.sf.ehcache/ehcache-core/2.6.0/jars/ehcache-core.jar"/>
					</artifact>
				</artifacts>
			</revision>
		</module>
		<module organisation="org.codehaus.jackson" name="jackson-mapper-asl">
			<revision name="1.9.10" status="release" pubdate="20120923155612" resolver="local" artresolver="local" homepage="http://jackson.codehaus.org" downloaded="false" searched="false" default="false" conf="default(compile), default, compile, runtime, master" position="28">
				<license name="The Apache Software License, Version 2.0" url="http://www.apache.org/licenses/LICENSE-2.0.txt"/>
				<metadata-artifact status="no" details="" size="2644" time="0" location="/Users/andrewsmith/lib/play-2.1.0/framework/../repository/cache/org.codehaus.jackson/jackson-mapper-asl/ivy-1.9.10.xml" searched="false" origin-is-local="true" origin-location="/Users/andrewsmith/lib/play-2.1.0/repository/local/org.codehaus.jackson/jackson-mapper-asl/1.9.10/ivys/ivy.xml"/>
				<caller organisation="play" name="play_2.10" conf="compile" rev="1.9.10" rev-constraint-default="1.9.10" rev-constraint-dynamic="1.9.10" callerrev="2.1.0"/>
				<artifacts>
					<artifact name="jackson-mapper-asl" type="jar" ext="jar" status="no" details="" size="780421" time="0" location="/Users/andrewsmith/lib/play-2.1.0/repository/local/org.codehaus.jackson/jackson-mapper-asl/1.9.10/jars/jackson-mapper-asl.jar">
						<origin-location is-local="true" location="/Users/andrewsmith/lib/play-2.1.0/repository/local/org.codehaus.jackson/jackson-mapper-asl/1.9.10/jars/jackson-mapper-asl.jar"/>
					</artifact>
				</artifacts>
			</revision>
		</module>
		<module organisation="org.codehaus.jackson" name="jackson-core-asl">
			<revision name="1.9.10" status="release" pubdate="20120923155540" resolver="local" artresolver="local" homepage="http://jackson.codehaus.org" downloaded="false" searched="false" default="false" conf="default(compile), default, compile, master(*), compile(*), runtime, runtime(*), master" position="27">
				<license name="The Apache Software License, Version 2.0" url="http://www.apache.org/licenses/LICENSE-2.0.txt"/>
				<metadata-artifact status="no" details="" size="2427" time="0" location="/Users/andrewsmith/lib/play-2.1.0/framework/../repository/cache/org.codehaus.jackson/jackson-core-asl/ivy-1.9.10.xml" searched="false" origin-is-local="true" origin-location="/Users/andrewsmith/lib/play-2.1.0/repository/local/org.codehaus.jackson/jackson-core-asl/1.9.10/ivys/ivy.xml"/>
				<caller organisation="play" name="play_2.10" conf="compile" rev="1.9.10" rev-constraint-default="1.9.10" rev-constraint-dynamic="1.9.10" callerrev="2.1.0"/>
				<caller organisation="org.codehaus.jackson" name="jackson-mapper-asl" conf="default, compile, runtime, master" rev="1.9.10" rev-constraint-default="1.9.10" rev-constraint-dynamic="1.9.10" callerrev="1.9.10"/>
				<artifacts>
					<artifact name="jackson-core-asl" type="jar" ext="jar" status="no" details="" size="232119" time="0" location="/Users/andrewsmith/lib/play-2.1.0/repository/local/org.codehaus.jackson/jackson-core-asl/1.9.10/jars/jackson-core-asl.jar">
						<origin-location is-local="true" location="/Users/andrewsmith/lib/play-2.1.0/repository/local/org.codehaus.jackson/jackson-core-asl/1.9.10/jars/jackson-core-asl.jar"/>
					</artifact>
				</artifacts>
			</revision>
		</module>
		<module organisation="oauth.signpost" name="signpost-commonshttp4">
			<revision name="1.2.1.2" status="release" pubdate="20120225211621" resolver="local" artresolver="local" homepage="" downloaded="false" searched="false" default="false" conf="default(compile), default, compile, runtime, master" position="25">
				<metadata-artifact status="no" details="" size="3703" time="0" location="/Users/andrewsmith/lib/play-2.1.0/framework/../repository/cache/oauth.signpost/signpost-commonshttp4/ivy-1.2.1.2.xml" searched="false" origin-is-local="true" origin-location="/Users/andrewsmith/lib/play-2.1.0/repository/local/oauth.signpost/signpost-commonshttp4/1.2.1.2/ivys/ivy.xml"/>
				<caller organisation="play" name="play_2.10" conf="compile" rev="1.2.1.2" rev-constraint-default="1.2.1.2" rev-constraint-dynamic="1.2.1.2" callerrev="2.1.0"/>
				<artifacts>
					<artifact name="signpost-commonshttp4" type="jar" ext="jar" status="no" details="" size="6512" time="0" location="/Users/andrewsmith/lib/play-2.1.0/repository/local/oauth.signpost/signpost-commonshttp4/1.2.1.2/jars/signpost-commonshttp4.jar">
						<origin-location is-local="true" location="/Users/andrewsmith/lib/play-2.1.0/repository/local/oauth.signpost/signpost-commonshttp4/1.2.1.2/jars/signpost-commonshttp4.jar"/>
					</artifact>
				</artifacts>
			</revision>
		</module>
		<module organisation="oauth.signpost" name="signpost-core">
			<revision name="1.2.1.2" status="release" pubdate="20120225211606" resolver="local" artresolver="local" homepage="" downloaded="false" searched="false" default="false" conf="default(compile), default, compile, master(*), compile(*), runtime, runtime(*), master" position="24">
				<metadata-artifact status="no" details="" size="3129" time="0" location="/Users/andrewsmith/lib/play-2.1.0/framework/../repository/cache/oauth.signpost/signpost-core/ivy-1.2.1.2.xml" searched="false" origin-is-local="true" origin-location="/Users/andrewsmith/lib/play-2.1.0/repository/local/oauth.signpost/signpost-core/1.2.1.2/ivys/ivy.xml"/>
				<caller organisation="play" name="play_2.10" conf="compile" rev="1.2.1.2" rev-constraint-default="1.2.1.2" rev-constraint-dynamic="1.2.1.2" callerrev="2.1.0"/>
				<caller organisation="oauth.signpost" name="signpost-commonshttp4" conf="default, compile, runtime, master" rev="1.2.1.2" rev-constraint-default="1.2.1.2" rev-constraint-dynamic="1.2.1.2" callerrev="1.2.1.2"/>
				<artifacts>
					<artifact name="signpost-core" type="jar" ext="jar" status="no" details="" size="45277" time="0" location="/Users/andrewsmith/lib/play-2.1.0/repository/local/oauth.signpost/signpost-core/1.2.1.2/jars/signpost-core.jar">
						<origin-location is-local="true" location="/Users/andrewsmith/lib/play-2.1.0/repository/local/oauth.signpost/signpost-core/1.2.1.2/jars/signpost-core.jar"/>
					</artifact>
				</artifacts>
			</revision>
		</module>
		<module organisation="com.ning" name="async-http-client">
			<revision name="1.7.6" status="release" pubdate="20120827112241" resolver="local" artresolver="local" homepage="http://github.com/sonatype/async-http-client" downloaded="false" searched="false" default="false" conf="default(compile), default, compile, runtime, master" position="23">
				<license name="Apache License 2.0" url="http://www.apache.org/licenses/LICENSE-2.0.html"/>
				<metadata-artifact status="no" details="" size="7051" time="0" location="/Users/andrewsmith/lib/play-2.1.0/framework/../repository/cache/com.ning/async-http-client/ivy-1.7.6.xml" searched="false" origin-is-local="true" origin-location="/Users/andrewsmith/lib/play-2.1.0/repository/local/com.ning/async-http-client/1.7.6/ivys/ivy.xml"/>
				<caller organisation="play" name="play_2.10" conf="compile" rev="1.7.6" rev-constraint-default="1.7.6" rev-constraint-dynamic="1.7.6" callerrev="2.1.0"/>
				<artifacts>
					<artifact name="async-http-client" type="jar" ext="jar" status="no" details="" size="477054" time="0" location="/Users/andrewsmith/lib/play-2.1.0/repository/local/com.ning/async-http-client/1.7.6/jars/async-http-client.jar">
						<origin-location is-local="true" location="/Users/andrewsmith/lib/play-2.1.0/repository/local/com.ning/async-http-client/1.7.6/jars/async-http-client.jar"/>
					</artifact>
				</artifacts>
			</revision>
		</module>
		<module organisation="commons-io" name="commons-io">
			<revision name="2.0.1" status="release" pubdate="20101226061931" resolver="local" artresolver="local" homepage="http://commons.apache.org/io/" downloaded="false" searched="false" default="false" conf="compile, master(*), runtime, compile(*), runtime(*), master" position="86">
				<metadata-artifact status="no" details="" size="6228" time="0" location="/Users/andrewsmith/lib/play-2.1.0/framework/../repository/cache/commons-io/commons-io/ivy-2.0.1.xml" searched="false" origin-is-local="true" origin-location="/Users/andrewsmith/lib/play-2.1.0/repository/local/commons-io/commons-io/2.0.1/ivys/ivy.xml"/>
				<caller organisation="org.seleniumhq.selenium" name="selenium-firefox-driver" conf="compile, runtime" rev="2.0.1" rev-constraint-default="2.0.1" rev-constraint-dynamic="2.0.1" callerrev="2.25.0"/>
				<caller organisation="net.sourceforge.htmlunit" name="htmlunit" conf="compile, runtime" rev="2.0.1" rev-constraint-default="2.0.1" rev-constraint-dynamic="2.0.1" callerrev="2.9"/>
				<artifacts>
					<artifact name="commons-io" type="jar" ext="jar" status="no" details="" size="159509" time="0" location="/Users/andrewsmith/lib/play-2.1.0/repository/local/commons-io/commons-io/2.0.1/jars/commons-io.jar">
						<origin-location is-local="true" location="/Users/andrewsmith/lib/play-2.1.0/repository/local/commons-io/commons-io/2.0.1/jars/commons-io.jar"/>
					</artifact>
				</artifacts>
			</revision>
		</module>
		<module organisation="org.apache.commons" name="commons-lang3">
			<revision name="3.1" status="release" pubdate="20111114202705" resolver="local" artresolver="local" homepage="http://commons.apache.org/lang/" downloaded="false" searched="false" default="false" conf="default(compile), default, compile, runtime, master" position="22">
				<metadata-artifact status="no" details="" size="7764" time="0" location="/Users/andrewsmith/lib/play-2.1.0/framework/../repository/cache/org.apache.commons/commons-lang3/ivy-3.1.xml" searched="false" origin-is-local="true" origin-location="/Users/andrewsmith/lib/play-2.1.0/repository/local/org.apache.commons/commons-lang3/3.1/ivys/ivy.xml"/>
				<caller organisation="play" name="play_2.10" conf="compile" rev="3.1" rev-constraint-default="3.1" rev-constraint-dynamic="3.1" callerrev="2.1.0"/>
				<artifacts>
					<artifact name="commons-lang3" type="jar" ext="jar" status="no" details="" size="315805" time="0" location="/Users/andrewsmith/lib/play-2.1.0/repository/local/org.apache.commons/commons-lang3/3.1/jars/commons-lang3.jar">
						<origin-location is-local="true" location="/Users/andrewsmith/lib/play-2.1.0/repository/local/org.apache.commons/commons-lang3/3.1/jars/commons-lang3.jar"/>
					</artifact>
				</artifacts>
			</revision>
		</module>
		<module organisation="joda-time" name="joda-time">
			<revision name="2.1" status="release" pubdate="20120222052242" resolver="local" artresolver="local" homepage="http://joda-time.sourceforge.net" downloaded="false" searched="false" default="false" conf="default(compile), default, compile, runtime, master" position="20">
				<license name="Apache 2" url="http://www.apache.org/licenses/LICENSE-2.0.txt"/>
				<metadata-artifact status="no" details="" size="3286" time="0" location="/Users/andrewsmith/lib/play-2.1.0/framework/../repository/cache/joda-time/joda-time/ivy-2.1.xml" searched="false" origin-is-local="true" origin-location="/Users/andrewsmith/lib/play-2.1.0/repository/local/joda-time/joda-time/2.1/ivys/ivy.xml"/>
				<caller organisation="play" name="play_2.10" conf="compile" rev="2.1" rev-constraint-default="2.1" rev-constraint-dynamic="2.1" callerrev="2.1.0"/>
				<artifacts>
					<artifact name="joda-time" type="jar" ext="jar" status="no" details="" size="570478" time="0" location="/Users/andrewsmith/lib/play-2.1.0/repository/local/joda-time/joda-time/2.1/jars/joda-time.jar">
						<origin-location is-local="true" location="/Users/andrewsmith/lib/play-2.1.0/repository/local/joda-time/joda-time/2.1/jars/joda-time.jar"/>
					</artifact>
				</artifacts>
			</revision>
		</module>
		<module organisation="org.joda" name="joda-convert">
			<revision name="1.2" status="release" pubdate="20111027085117" resolver="local" artresolver="local" homepage="http://joda-convert.sourceforge.net" downloaded="false" searched="false" default="false" conf="default(compile), default, compile, runtime, master" position="21">
				<license name="Apache 2" url="http://www.apache.org/licenses/LICENSE-2.0.txt"/>
				<metadata-artifact status="no" details="" size="3103" time="0" location="/Users/andrewsmith/lib/play-2.1.0/framework/../repository/cache/org.joda/joda-convert/ivy-1.2.xml" searched="false" origin-is-local="true" origin-location="/Users/andrewsmith/lib/play-2.1.0/repository/local/org.joda/joda-convert/1.2/ivys/ivy.xml"/>
				<caller organisation="play" name="play_2.10" conf="compile" rev="1.2" rev-constraint-default="1.2" rev-constraint-dynamic="1.2" callerrev="2.1.0"/>
				<artifacts>
					<artifact name="joda-convert" type="jar" ext="jar" status="no" details="" size="38460" time="0" location="/Users/andrewsmith/lib/play-2.1.0/repository/local/org.joda/joda-convert/1.2/jars/joda-convert.jar">
						<origin-location is-local="true" location="/Users/andrewsmith/lib/play-2.1.0/repository/local/org.joda/joda-convert/1.2/jars/joda-convert.jar"/>
					</artifact>
				</artifacts>
			</revision>
		</module>
		<module organisation="com.typesafe.akka" name="akka-slf4j_2.10">
			<revision name="2.1.0" status="release" pubdate="20121222012327" resolver="local" artresolver="local" homepage="http://akka.io" downloaded="false" searched="false" default="false" conf="default(compile), default, compile, runtime, master" position="18">
				<license name="Apache 2" url="http://www.apache.org/licenses/LICENSE-2.0.txt"/>
				<metadata-artifact status="no" details="" size="3018" time="0" location="/Users/andrewsmith/lib/play-2.1.0/framework/../repository/cache/com.typesafe.akka/akka-slf4j_2.10/ivy-2.1.0.xml" searched="false" origin-is-local="true" origin-location="/Users/andrewsmith/lib/play-2.1.0/repository/local/com.typesafe.akka/akka-slf4j_2.10/2.1.0/ivys/ivy.xml"/>
				<caller organisation="play" name="play_2.10" conf="compile" rev="2.1.0" rev-constraint-default="2.1.0" rev-constraint-dynamic="2.1.0" callerrev="2.1.0"/>
				<artifacts>
					<artifact name="akka-slf4j_2.10" type="bundle" ext="jar" status="no" details="" size="13426" time="0" location="/Users/andrewsmith/lib/play-2.1.0/repository/local/com.typesafe.akka/akka-slf4j_2.10/2.1.0/bundles/akka-slf4j_2.10.jar">
						<origin-location is-local="true" location="/Users/andrewsmith/lib/play-2.1.0/repository/local/com.typesafe.akka/akka-slf4j_2.10/2.1.0/bundles/akka-slf4j_2.10.jar"/>
					</artifact>
				</artifacts>
			</revision>
		</module>
		<module organisation="org.slf4j" name="slf4j-api">
			<revision name="1.7.2" status="release" pubdate="20121011075524" resolver="local" artresolver="local" homepage="http://www.slf4j.org" downloaded="false" searched="false" default="false" conf="compile, master(*), runtime, compile(*), runtime(*), master, default(compile), default" position="19">
				<metadata-artifact status="no" details="" size="4459" time="0" location="/Users/andrewsmith/lib/play-2.1.0/framework/../repository/cache/org.slf4j/slf4j-api/ivy-1.7.2.xml" searched="false" origin-is-local="true" origin-location="/Users/andrewsmith/lib/play-2.1.0/repository/local/org.slf4j/slf4j-api/1.7.2/ivys/ivy.xml"/>
				<caller organisation="org.slf4j" name="jul-to-slf4j" conf="default, compile, runtime, master" rev="1.6.6" rev-constraint-default="1.6.6" rev-constraint-dynamic="1.6.6" callerrev="1.6.6"/>
				<caller organisation="ch.qos.logback" name="logback-classic" conf="default, compile, runtime, master" rev="1.6.6" rev-constraint-default="1.6.6" rev-constraint-dynamic="1.6.6" callerrev="1.0.7"/>
				<caller organisation="com.typesafe.akka" name="akka-slf4j_2.10" conf="default, compile, runtime, master" rev="1.7.2" rev-constraint-default="1.7.2" rev-constraint-dynamic="1.7.2" callerrev="2.1.0"/>
				<caller organisation="play" name="play_2.10" conf="compile" rev="1.6.6" rev-constraint-default="1.6.6" rev-constraint-dynamic="1.6.6" callerrev="2.1.0"/>
				<caller organisation="org.slf4j" name="jcl-over-slf4j" conf="default, compile, runtime, master" rev="1.6.6" rev-constraint-default="1.6.6" rev-constraint-dynamic="1.6.6" callerrev="1.6.6"/>
				<caller organisation="net.sf.ehcache" name="ehcache-core" conf="default, compile, runtime, master" rev="1.6.1" rev-constraint-default="1.6.1" rev-constraint-dynamic="1.6.1" callerrev="2.6.0"/>
				<artifacts>
					<artifact name="slf4j-api" type="jar" ext="jar" status="no" details="" size="26083" time="0" location="/Users/andrewsmith/lib/play-2.1.0/repository/local/org.slf4j/slf4j-api/1.7.2/jars/slf4j-api.jar">
						<origin-location is-local="true" location="/Users/andrewsmith/lib/play-2.1.0/repository/local/org.slf4j/slf4j-api/1.7.2/jars/slf4j-api.jar"/>
					</artifact>
				</artifacts>
			</revision>
			<revision name="1.6.6" status="release" pubdate="20120611034148" resolver="local" artresolver="local" evicted="latest-revision" evicted-reason="" homepage="http://www.slf4j.org" downloaded="false" searched="false" default="false" conf="default(compile), default, compile, master(*), compile(*), runtime, runtime(*), master" position="-1">
				<metadata-artifact status="no" details="" size="4399" time="0" location="/Users/andrewsmith/lib/play-2.1.0/framework/../repository/cache/org.slf4j/slf4j-api/ivy-1.6.6.xml" searched="false" origin-is-local="true" origin-location="/Users/andrewsmith/lib/play-2.1.0/repository/local/org.slf4j/slf4j-api/1.6.6/ivys/ivy.xml"/>
				<evicted-by rev="1.7.2"/>
				<caller organisation="org.slf4j" name="jul-to-slf4j" conf="default, compile, runtime, master" rev="1.6.6" rev-constraint-default="1.6.6" rev-constraint-dynamic="1.6.6" callerrev="1.6.6"/>
				<caller organisation="ch.qos.logback" name="logback-classic" conf="default, compile, runtime, master" rev="1.6.6" rev-constraint-default="1.6.6" rev-constraint-dynamic="1.6.6" callerrev="1.0.7"/>
				<caller organisation="play" name="play_2.10" conf="compile" rev="1.6.6" rev-constraint-default="1.6.6" rev-constraint-dynamic="1.6.6" callerrev="2.1.0"/>
				<caller organisation="org.slf4j" name="jcl-over-slf4j" conf="default, compile, runtime, master" rev="1.6.6" rev-constraint-default="1.6.6" rev-constraint-dynamic="1.6.6" callerrev="1.6.6"/>
				<artifacts>
				</artifacts>
			</revision>
			<revision name="1.6.1" evicted="latest-revision" evicted-reason="" downloaded="false" searched="false" conf="compile, master(*), runtime, compile(*), runtime(*), master" position="-1">
				<evicted-by rev="1.7.2"/>
				<caller organisation="net.sf.ehcache" name="ehcache-core" conf="default, compile, runtime, master" rev="1.6.1" rev-constraint-default="1.6.1" rev-constraint-dynamic="1.6.1" callerrev="2.6.0"/>
				<artifacts>
				</artifacts>
			</revision>
		</module>
		<module organisation="com.typesafe.akka" name="akka-actor_2.10">
			<revision name="2.1.0" status="release" pubdate="20121222012239" resolver="local" artresolver="local" homepage="http://akka.io" downloaded="false" searched="false" default="false" conf="default(compile), default, compile, master(*), compile(*), runtime, runtime(*), master" position="17">
				<license name="Apache 2" url="http://www.apache.org/licenses/LICENSE-2.0.txt"/>
				<metadata-artifact status="no" details="" size="2630" time="0" location="/Users/andrewsmith/lib/play-2.1.0/framework/../repository/cache/com.typesafe.akka/akka-actor_2.10/ivy-2.1.0.xml" searched="false" origin-is-local="true" origin-location="/Users/andrewsmith/lib/play-2.1.0/repository/local/com.typesafe.akka/akka-actor_2.10/2.1.0/ivys/ivy.xml"/>
				<caller organisation="com.typesafe.akka" name="akka-slf4j_2.10" conf="default, compile, runtime, master" rev="2.1.0" rev-constraint-default="2.1.0" rev-constraint-dynamic="2.1.0" callerrev="2.1.0"/>
				<caller organisation="play" name="play_2.10" conf="compile" rev="2.1.0" rev-constraint-default="2.1.0" rev-constraint-dynamic="2.1.0" callerrev="2.1.0"/>
				<artifacts>
					<artifact name="akka-actor_2.10" type="bundle" ext="jar" status="no" details="" size="1892369" time="0" location="/Users/andrewsmith/lib/play-2.1.0/repository/local/com.typesafe.akka/akka-actor_2.10/2.1.0/bundles/akka-actor_2.10.jar">
						<origin-location is-local="true" location="/Users/andrewsmith/lib/play-2.1.0/repository/local/com.typesafe.akka/akka-actor_2.10/2.1.0/bundles/akka-actor_2.10.jar"/>
					</artifact>
				</artifacts>
			</revision>
		</module>
		<module organisation="ch.qos.logback" name="logback-classic">
			<revision name="1.0.7" status="release" pubdate="20120823111347" resolver="local" artresolver="local" homepage="http://logback.qos.ch" downloaded="false" searched="false" default="false" conf="default(compile), default, compile, runtime, master" position="16">
				<license name="Eclipse Public License - v 1.0" url="http://www.eclipse.org/legal/epl-v10.html"/>
				<license name="GNU Lesser General Public License" url="http://www.gnu.org/licenses/old-licenses/lgpl-2.1.html"/>
				<metadata-artifact status="no" details="" size="10054" time="0" location="/Users/andrewsmith/lib/play-2.1.0/framework/../repository/cache/ch.qos.logback/logback-classic/ivy-1.0.7.xml" searched="false" origin-is-local="true" origin-location="/Users/andrewsmith/lib/play-2.1.0/repository/local/ch.qos.logback/logback-classic/1.0.7/ivys/ivy.xml"/>
				<caller organisation="play" name="play_2.10" conf="compile" rev="1.0.7" rev-constraint-default="1.0.7" rev-constraint-dynamic="1.0.7" callerrev="2.1.0"/>
				<artifacts>
					<artifact name="logback-classic" type="jar" ext="jar" status="no" details="" size="251679" time="0" location="/Users/andrewsmith/lib/play-2.1.0/repository/local/ch.qos.logback/logback-classic/1.0.7/jars/logback-classic.jar">
						<origin-location is-local="true" location="/Users/andrewsmith/lib/play-2.1.0/repository/local/ch.qos.logback/logback-classic/1.0.7/jars/logback-classic.jar"/>
					</artifact>
				</artifacts>
			</revision>
		</module>
		<module organisation="ch.qos.logback" name="logback-core">
			<revision name="1.0.7" status="release" pubdate="20120823111302" resolver="local" artresolver="local" homepage="http://logback.qos.ch" downloaded="false" searched="false" default="false" conf="default(compile), default, compile, master(*), compile(*), runtime, runtime(*), master" position="15">
				<license name="Eclipse Public License - v 1.0" url="http://www.eclipse.org/legal/epl-v10.html"/>
				<license name="GNU Lesser General Public License" url="http://www.gnu.org/licenses/old-licenses/lgpl-2.1.html"/>
				<metadata-artifact status="no" details="" size="9592" time="0" location="/Users/andrewsmith/lib/play-2.1.0/framework/../repository/cache/ch.qos.logback/logback-core/ivy-1.0.7.xml" searched="false" origin-is-local="true" origin-location="/Users/andrewsmith/lib/play-2.1.0/repository/local/ch.qos.logback/logback-core/1.0.7/ivys/ivy.xml"/>
				<caller organisation="ch.qos.logback" name="logback-classic" conf="default, compile, runtime, master" rev="1.0.7" rev-constraint-default="1.0.7" rev-constraint-dynamic="1.0.7" callerrev="1.0.7"/>
				<caller organisation="play" name="play_2.10" conf="compile" rev="1.0.7" rev-constraint-default="1.0.7" rev-constraint-dynamic="1.0.7" callerrev="2.1.0"/>
				<artifacts>
					<artifact name="logback-core" type="jar" ext="jar" status="no" details="" size="364399" time="0" location="/Users/andrewsmith/lib/play-2.1.0/repository/local/ch.qos.logback/logback-core/1.0.7/jars/logback-core.jar">
						<origin-location is-local="true" location="/Users/andrewsmith/lib/play-2.1.0/repository/local/ch.qos.logback/logback-core/1.0.7/jars/logback-core.jar"/>
					</artifact>
				</artifacts>
			</revision>
		</module>
		<module organisation="org.slf4j" name="jcl-over-slf4j">
			<revision name="1.6.6" status="release" pubdate="20120611034300" resolver="local" artresolver="local" homepage="http://www.slf4j.org" downloaded="false" searched="false" default="false" conf="default(compile), default, compile, runtime, master" position="14">
				<metadata-artifact status="no" details="" size="4563" time="0" location="/Users/andrewsmith/lib/play-2.1.0/framework/../repository/cache/org.slf4j/jcl-over-slf4j/ivy-1.6.6.xml" searched="false" origin-is-local="true" origin-location="/Users/andrewsmith/lib/play-2.1.0/repository/local/org.slf4j/jcl-over-slf4j/1.6.6/ivys/ivy.xml"/>
				<caller organisation="play" name="play_2.10" conf="compile" rev="1.6.6" rev-constraint-default="1.6.6" rev-constraint-dynamic="1.6.6" callerrev="2.1.0"/>
				<artifacts>
					<artifact name="jcl-over-slf4j" type="jar" ext="jar" status="no" details="" size="17289" time="0" location="/Users/andrewsmith/lib/play-2.1.0/repository/local/org.slf4j/jcl-over-slf4j/1.6.6/jars/jcl-over-slf4j.jar">
						<origin-location is-local="true" location="/Users/andrewsmith/lib/play-2.1.0/repository/local/org.slf4j/jcl-over-slf4j/1.6.6/jars/jcl-over-slf4j.jar"/>
					</artifact>
				</artifacts>
			</revision>
		</module>
		<module organisation="org.slf4j" name="jul-to-slf4j">
			<revision name="1.6.6" status="release" pubdate="20120611034322" resolver="local" artresolver="local" homepage="http://www.slf4j.org" downloaded="false" searched="false" default="false" conf="default(compile), default, compile, runtime, master" position="13">
				<metadata-artifact status="no" details="" size="4602" time="0" location="/Users/andrewsmith/lib/play-2.1.0/framework/../repository/cache/org.slf4j/jul-to-slf4j/ivy-1.6.6.xml" searched="false" origin-is-local="true" origin-location="/Users/andrewsmith/lib/play-2.1.0/repository/local/org.slf4j/jul-to-slf4j/1.6.6/ivys/ivy.xml"/>
				<caller organisation="play" name="play_2.10" conf="compile" rev="1.6.6" rev-constraint-default="1.6.6" rev-constraint-dynamic="1.6.6" callerrev="2.1.0"/>
				<artifacts>
					<artifact name="jul-to-slf4j" type="jar" ext="jar" status="no" details="" size="4955" time="0" location="/Users/andrewsmith/lib/play-2.1.0/repository/local/org.slf4j/jul-to-slf4j/1.6.6/jars/jul-to-slf4j.jar">
						<origin-location is-local="true" location="/Users/andrewsmith/lib/play-2.1.0/repository/local/org.slf4j/jul-to-slf4j/1.6.6/jars/jul-to-slf4j.jar"/>
					</artifact>
				</artifacts>
			</revision>
		</module>
		<module organisation="io.netty" name="netty">
			<revision name="3.5.9.Final" status="release" pubdate="20121024192852" resolver="local" artresolver="local" homepage="http://netty.io/" downloaded="false" searched="false" default="false" conf="default(compile), default, compile, runtime, master" position="12">
				<license name="Apache License, Version 2.0" url="http://www.apache.org/licenses/LICENSE-2.0"/>
				<metadata-artifact status="no" details="" size="6412" time="0" location="/Users/andrewsmith/lib/play-2.1.0/framework/../repository/cache/io.netty/netty/ivy-3.5.9.Final.xml" searched="false" origin-is-local="true" origin-location="/Users/andrewsmith/lib/play-2.1.0/repository/local/io.netty/netty/3.5.9.Final/ivys/ivy.xml"/>
				<caller organisation="play" name="play_2.10" conf="compile" rev="3.5.9.Final" rev-constraint-default="3.5.9.Final" rev-constraint-dynamic="3.5.9.Final" callerrev="2.1.0"/>
				<artifacts>
					<artifact name="netty" type="bundle" ext="jar" status="no" details="" size="1128961" time="0" location="/Users/andrewsmith/lib/play-2.1.0/repository/local/io.netty/netty/3.5.9.Final/bundles/netty.jar">
						<origin-location is-local="true" location="/Users/andrewsmith/lib/play-2.1.0/repository/local/io.netty/netty/3.5.9.Final/bundles/netty.jar"/>
					</artifact>
				</artifacts>
			</revision>
		</module>
		<module organisation="commons-logging" name="commons-logging">
			<revision name="1.1.1" status="release" pubdate="20071126092410" resolver="local" artresolver="local" homepage="http://commons.apache.org/logging" downloaded="false" searched="false" default="false" conf="compile, master(*), runtime, compile(*), runtime(*), master" position="26">
				<metadata-artifact status="no" details="" size="3931" time="0" location="/Users/andrewsmith/lib/play-2.1.0/framework/../repository/cache/commons-logging/commons-logging/ivy-1.1.1.xml" searched="false" origin-is-local="true" origin-location="/Users/andrewsmith/lib/play-2.1.0/repository/local/commons-logging/commons-logging/1.1.1/ivys/ivy.xml"/>
				<caller organisation="org.apache.httpcomponents" name="httpmime" conf="compile, runtime" rev="1.1.1" rev-constraint-default="1.1.1" rev-constraint-dynamic="1.1.1" callerrev="4.1.2"/>
				<caller organisation="org.apache.httpcomponents" name="httpclient" conf="compile, runtime" rev="1.1.1" rev-constraint-default="1.1.1" rev-constraint-dynamic="1.1.1" callerrev="4.1.2"/>
				<caller organisation="net.sourceforge.htmlunit" name="htmlunit" conf="compile, runtime" rev="1.1.1" rev-constraint-default="1.1.1" rev-constraint-dynamic="1.1.1" callerrev="2.9"/>
				<caller organisation="org.apache.httpcomponents" name="httpclient" conf="compile, runtime" rev="1.1.1" rev-constraint-default="1.1.1" rev-constraint-dynamic="1.1.1" callerrev="4.0.1"/>
				<artifacts>
					<artifact name="commons-logging" type="jar" ext="jar" status="no" details="" size="60686" time="0" location="/Users/andrewsmith/lib/play-2.1.0/repository/local/commons-logging/commons-logging/1.1.1/jars/commons-logging.jar">
						<origin-location is-local="true" location="/Users/andrewsmith/lib/play-2.1.0/repository/local/commons-logging/commons-logging/1.1.1/jars/commons-logging.jar"/>
					</artifact>
				</artifacts>
			</revision>
		</module>
		<module organisation="play" name="play-iteratees_2.10">
			<revision name="2.1.0" status="release" pubdate="20130204133128" resolver="local" artresolver="local" downloaded="false" searched="false" default="false" conf="default(compile), compile" position="9">
				<metadata-artifact status="no" details="" size="2078" time="0" location="/Users/andrewsmith/lib/play-2.1.0/framework/../repository/cache/play/play-iteratees_2.10/ivy-2.1.0.xml" searched="false" origin-is-local="true" origin-location="/Users/andrewsmith/lib/play-2.1.0/repository/local/play/play-iteratees_2.10/2.1.0/ivys/ivy.xml"/>
				<caller organisation="play" name="play_2.10" conf="compile" rev="2.1.0" rev-constraint-default="2.1.0" rev-constraint-dynamic="2.1.0" callerrev="2.1.0"/>
				<artifacts>
					<artifact name="play-iteratees_2.10" type="jar" ext="jar" status="no" details="" size="642750" time="0" location="/Users/andrewsmith/lib/play-2.1.0/repository/local/play/play-iteratees_2.10/2.1.0/jars/play-iteratees_2.10.jar">
						<origin-location is-local="true" location="/Users/andrewsmith/lib/play-2.1.0/repository/local/play/play-iteratees_2.10/2.1.0/jars/play-iteratees_2.10.jar"/>
					</artifact>
				</artifacts>
			</revision>
		</module>
		<module organisation="com.typesafe" name="config">
			<revision name="1.0.0" status="release" pubdate="20121015020115" resolver="local" artresolver="local" homepage="https://github.com/typesafehub/config" downloaded="false" searched="false" default="false" conf="default(compile), default, compile, master(*), compile(*), runtime, runtime(*), master" position="11">
				<license name="Apache License, Version 2.0" url="http://www.apache.org/licenses/LICENSE-2.0"/>
				<metadata-artifact status="no" details="" size="2714" time="0" location="/Users/andrewsmith/lib/play-2.1.0/framework/../repository/cache/com.typesafe/config/ivy-1.0.0.xml" searched="false" origin-is-local="true" origin-location="/Users/andrewsmith/lib/play-2.1.0/repository/local/com.typesafe/config/1.0.0/ivys/ivy.xml"/>
				<caller organisation="play" name="play-iteratees_2.10" conf="compile" rev="1.0.0" rev-constraint-default="1.0.0" rev-constraint-dynamic="1.0.0" callerrev="2.1.0"/>
				<caller organisation="com.typesafe.akka" name="akka-actor_2.10" conf="default, compile, runtime, master" rev="1.0.0" rev-constraint-default="1.0.0" rev-constraint-dynamic="1.0.0" callerrev="2.1.0"/>
				<artifacts>
					<artifact name="config" type="bundle" ext="jar" status="no" details="" size="185676" time="0" location="/Users/andrewsmith/lib/play-2.1.0/repository/local/com.typesafe/config/1.0.0/bundles/config.jar">
						<origin-location is-local="true" location="/Users/andrewsmith/lib/play-2.1.0/repository/local/com.typesafe/config/1.0.0/bundles/config.jar"/>
					</artifact>
				</artifacts>
			</revision>
		</module>
		<module organisation="org.scala-stm" name="scala-stm_2.10.0">
			<revision name="0.6" status="release" pubdate="20121220055611" resolver="local" artresolver="local" homepage="http://nbronson.github.com/scala-stm/" downloaded="false" searched="false" default="false" conf="default(compile), default, compile, runtime, master" position="10">
				<license name="BSD" url="https://github.com/nbronson/scala-stm/blob/master/LICENSE.txt"/>
				<metadata-artifact status="no" details="" size="2524" time="0" location="/Users/andrewsmith/lib/play-2.1.0/framework/../repository/cache/org.scala-stm/scala-stm_2.10.0/ivy-0.6.xml" searched="false" origin-is-local="true" origin-location="/Users/andrewsmith/lib/play-2.1.0/repository/local/org.scala-stm/scala-stm_2.10.0/0.6/ivys/ivy.xml"/>
				<caller organisation="play" name="play_2.10" conf="compile" rev="0.6" rev-constraint-default="0.6" rev-constraint-dynamic="0.6" callerrev="2.1.0"/>
				<caller organisation="play" name="play-iteratees_2.10" conf="compile" rev="0.6" rev-constraint-default="0.6" rev-constraint-dynamic="0.6" callerrev="2.1.0"/>
				<artifacts>
					<artifact name="scala-stm_2.10.0" type="jar" ext="jar" status="no" details="" size="609513" time="0" location="/Users/andrewsmith/lib/play-2.1.0/repository/local/org.scala-stm/scala-stm_2.10.0/0.6/jars/scala-stm_2.10.0.jar">
						<origin-location is-local="true" location="/Users/andrewsmith/lib/play-2.1.0/repository/local/org.scala-stm/scala-stm_2.10.0/0.6/jars/scala-stm_2.10.0.jar"/>
					</artifact>
				</artifacts>
			</revision>
		</module>
		<module organisation="play" name="templates_2.10">
			<revision name="2.1.0" status="release" pubdate="20130204133128" resolver="local" artresolver="local" downloaded="false" searched="false" default="false" conf="default(compile), compile" position="5">
				<metadata-artifact status="no" details="" size="1851" time="0" location="/Users/andrewsmith/lib/play-2.1.0/framework/../repository/cache/play/templates_2.10/ivy-2.1.0.xml" searched="false" origin-is-local="true" origin-location="/Users/andrewsmith/lib/play-2.1.0/repository/local/play/templates_2.10/2.1.0/ivys/ivy.xml"/>
				<caller organisation="play" name="play_2.10" conf="compile" rev="2.1.0" rev-constraint-default="2.1.0" rev-constraint-dynamic="2.1.0" callerrev="2.1.0"/>
				<artifacts>
					<artifact name="templates_2.10" type="jar" ext="jar" status="no" details="" size="38323" time="0" location="/Users/andrewsmith/lib/play-2.1.0/repository/local/play/templates_2.10/2.1.0/jars/templates_2.10.jar">
						<origin-location is-local="true" location="/Users/andrewsmith/lib/play-2.1.0/repository/local/play/templates_2.10/2.1.0/jars/templates_2.10.jar"/>
					</artifact>
				</artifacts>
			</revision>
		</module>
		<module organisation="org.specs2" name="specs2_2.10">
			<revision name="1.13" status="release" pubdate="20121220014856" resolver="local" artresolver="local" homepage="http://specs2.org/" downloaded="false" searched="false" default="false" conf="default(compile), default, compile, runtime, master" position="52">
				<license name="MIT-style" url="http://www.opensource.org/licenses/mit-license.php"/>
				<metadata-artifact status="no" details="" size="3565" time="0" location="/Users/andrewsmith/lib/play-2.1.0/framework/../repository/cache/org.specs2/specs2_2.10/ivy-1.13.xml" searched="false" origin-is-local="true" origin-location="/Users/andrewsmith/lib/play-2.1.0/repository/local/org.specs2/specs2_2.10/1.13/ivys/ivy.xml"/>
				<caller organisation="play" name="play-test_2.10" conf="compile" rev="1.13" rev-constraint-default="1.13" rev-constraint-dynamic="1.13" callerrev="2.1.0"/>
				<artifacts>
					<artifact name="specs2_2.10" type="jar" ext="jar" status="no" details="" size="6656378" time="0" location="/Users/andrewsmith/lib/play-2.1.0/repository/local/org.specs2/specs2_2.10/1.13/jars/specs2_2.10.jar">
						<origin-location is-local="true" location="/Users/andrewsmith/lib/play-2.1.0/repository/local/org.specs2/specs2_2.10/1.13/jars/specs2_2.10.jar"/>
					</artifact>
				</artifacts>
			</revision>
		</module>
		<module organisation="org.scala-tools.testing" name="test-interface">
			<revision name="0.5" status="release" pubdate="20100327123658" resolver="local" artresolver="local" homepage="" downloaded="false" searched="false" default="false" conf="compile, master(*), runtime, compile(*), runtime(*), master" position="57">
				<metadata-artifact status="no" details="" size="2199" time="0" location="/Users/andrewsmith/lib/play-2.1.0/framework/../repository/cache/org.scala-tools.testing/test-interface/ivy-0.5.xml" searched="false" origin-is-local="true" origin-location="/Users/andrewsmith/lib/play-2.1.0/repository/local/org.scala-tools.testing/test-interface/0.5/ivys/ivy.xml"/>
				<caller organisation="com.novocode" name="junit-interface" conf="default, compile, runtime, master" rev="0.5" rev-constraint-default="0.5" rev-constraint-dynamic="0.5" callerrev="0.9"/>
				<artifacts>
					<artifact name="test-interface" type="jar" ext="jar" status="no" details="" size="4407" time="0" location="/Users/andrewsmith/lib/play-2.1.0/repository/local/org.scala-tools.testing/test-interface/0.5/jars/test-interface.jar">
						<origin-location is-local="true" location="/Users/andrewsmith/lib/play-2.1.0/repository/local/org.scala-tools.testing/test-interface/0.5/jars/test-interface.jar"/>
					</artifact>
				</artifacts>
			</revision>
		</module>
		<module organisation="org.specs2" name="scalaz-concurrent_2.10">
			<revision name="7.0.0" status="release" pubdate="20121220000510" resolver="local" artresolver="local" homepage="http://specs2.org/" downloaded="false" searched="false" default="false" conf="compile, master(*), runtime, compile(*), runtime(*), master" position="54">
				<license name="MIT-style" url="http://www.opensource.org/licenses/mit-license.php"/>
				<metadata-artifact status="no" details="" size="2799" time="0" location="/Users/andrewsmith/lib/play-2.1.0/framework/../repository/cache/org.specs2/scalaz-concurrent_2.10/ivy-7.0.0.xml" searched="false" origin-is-local="true" origin-location="/Users/andrewsmith/lib/play-2.1.0/repository/local/org.specs2/scalaz-concurrent_2.10/7.0.0/ivys/ivy.xml"/>
				<caller organisation="org.specs2" name="specs2_2.10" conf="default, compile, runtime, master" rev="7.0.0" rev-constraint-default="7.0.0" rev-constraint-dynamic="7.0.0" callerrev="1.13"/>
				<artifacts>
					<artifact name="scalaz-concurrent_2.10" type="jar" ext="jar" status="no" details="" size="189253" time="0" location="/Users/andrewsmith/lib/play-2.1.0/repository/local/org.specs2/scalaz-concurrent_2.10/7.0.0/jars/scalaz-concurrent_2.10.jar">
						<origin-location is-local="true" location="/Users/andrewsmith/lib/play-2.1.0/repository/local/org.specs2/scalaz-concurrent_2.10/7.0.0/jars/scalaz-concurrent_2.10.jar"/>
					</artifact>
				</artifacts>
			</revision>
		</module>
		<module organisation="org.specs2" name="scalaz-effect_2.10">
			<revision name="7.0.0" status="release" pubdate="20121220000525" resolver="local" artresolver="local" homepage="http://specs2.org/" downloaded="false" searched="false" default="false" conf="compile, master(*), runtime, compile(*), runtime(*), master" position="55">
				<license name="MIT-style" url="http://www.opensource.org/licenses/mit-license.php"/>
				<metadata-artifact status="no" details="" size="2646" time="0" location="/Users/andrewsmith/lib/play-2.1.0/framework/../repository/cache/org.specs2/scalaz-effect_2.10/ivy-7.0.0.xml" searched="false" origin-is-local="true" origin-location="/Users/andrewsmith/lib/play-2.1.0/repository/local/org.specs2/scalaz-effect_2.10/7.0.0/ivys/ivy.xml"/>
				<caller organisation="org.specs2" name="scalaz-concurrent_2.10" conf="compile, runtime" rev="7.0.0" rev-constraint-default="7.0.0" rev-constraint-dynamic="7.0.0" callerrev="7.0.0"/>
				<artifacts>
					<artifact name="scalaz-effect_2.10" type="jar" ext="jar" status="no" details="" size="391773" time="0" location="/Users/andrewsmith/lib/play-2.1.0/repository/local/org.specs2/scalaz-effect_2.10/7.0.0/jars/scalaz-effect_2.10.jar">
						<origin-location is-local="true" location="/Users/andrewsmith/lib/play-2.1.0/repository/local/org.specs2/scalaz-effect_2.10/7.0.0/jars/scalaz-effect_2.10.jar"/>
					</artifact>
				</artifacts>
			</revision>
		</module>
		<module organisation="org.specs2" name="scalaz-core_2.10">
			<revision name="7.0.0" status="release" pubdate="20121220000704" resolver="local" artresolver="local" homepage="http://specs2.org/" downloaded="false" searched="false" default="false" conf="compile, master(*), runtime, compile(*), runtime(*), master" position="53">
				<license name="MIT-style" url="http://www.opensource.org/licenses/mit-license.php"/>
				<metadata-artifact status="no" details="" size="2501" time="0" location="/Users/andrewsmith/lib/play-2.1.0/framework/../repository/cache/org.specs2/scalaz-core_2.10/ivy-7.0.0.xml" searched="false" origin-is-local="true" origin-location="/Users/andrewsmith/lib/play-2.1.0/repository/local/org.specs2/scalaz-core_2.10/7.0.0/ivys/ivy.xml"/>
				<caller organisation="org.specs2" name="scalaz-concurrent_2.10" conf="compile, runtime" rev="7.0.0" rev-constraint-default="7.0.0" rev-constraint-dynamic="7.0.0" callerrev="7.0.0"/>
				<caller organisation="org.specs2" name="specs2_2.10" conf="default, compile, runtime, master" rev="7.0.0" rev-constraint-default="7.0.0" rev-constraint-dynamic="7.0.0" callerrev="1.13"/>
				<caller organisation="org.specs2" name="scalaz-effect_2.10" conf="compile, runtime" rev="7.0.0" rev-constraint-default="7.0.0" rev-constraint-dynamic="7.0.0" callerrev="7.0.0"/>
				<artifacts>
					<artifact name="scalaz-core_2.10" type="jar" ext="jar" status="no" details="" size="8897195" time="0" location="/Users/andrewsmith/lib/play-2.1.0/repository/local/org.specs2/scalaz-core_2.10/7.0.0/jars/scalaz-core_2.10.jar">
						<origin-location is-local="true" location="/Users/andrewsmith/lib/play-2.1.0/repository/local/org.specs2/scalaz-core_2.10/7.0.0/jars/scalaz-core_2.10.jar"/>
					</artifact>
				</artifacts>
			</revision>
		</module>
		<module organisation="com.github.scala-incubator.io" name="scala-io-file_2.10">
			<revision name="0.4.2" status="release" pubdate="20130122202132" resolver="local" artresolver="local" homepage="http://jesseeichar.github.com/scala-io-doc/index.html" downloaded="false" searched="false" default="false" conf="default(compile), default, compile, runtime, master" position="6">
				<license name="Scala License" url="http://www.scala-lang.org/node/146"/>
				<metadata-artifact status="no" details="" size="2942" time="0" location="/Users/andrewsmith/lib/play-2.1.0/framework/../repository/cache/com.github.scala-incubator.io/scala-io-file_2.10/ivy-0.4.2.xml" searched="false" origin-is-local="true" origin-location="/Users/andrewsmith/lib/play-2.1.0/repository/local/com.github.scala-incubator.io/scala-io-file_2.10/0.4.2/ivys/ivy.xml"/>
				<caller organisation="play" name="play_2.10" conf="compile" rev="0.4.2" rev-constraint-default="0.4.2" rev-constraint-dynamic="0.4.2" callerrev="2.1.0"/>
				<caller organisation="play" name="play-iteratees_2.10" conf="compile" rev="0.4.2" rev-constraint-default="0.4.2" rev-constraint-dynamic="0.4.2" callerrev="2.1.0"/>
				<caller organisation="play" name="templates_2.10" conf="compile" rev="0.4.2" rev-constraint-default="0.4.2" rev-constraint-dynamic="0.4.2" callerrev="2.1.0"/>
				<artifacts>
					<artifact name="scala-io-file_2.10" type="jar" ext="jar" status="no" details="" size="437576" time="0" location="/Users/andrewsmith/lib/play-2.1.0/repository/local/com.github.scala-incubator.io/scala-io-file_2.10/0.4.2/jars/scala-io-file_2.10.jar">
						<origin-location is-local="true" location="/Users/andrewsmith/lib/play-2.1.0/repository/local/com.github.scala-incubator.io/scala-io-file_2.10/0.4.2/jars/scala-io-file_2.10.jar"/>
					</artifact>
				</artifacts>
			</revision>
		</module>
		<module organisation="com.github.scala-incubator.io" name="scala-io-core_2.10">
			<revision name="0.4.2" status="release" pubdate="20130122202148" resolver="local" artresolver="local" homepage="http://jesseeichar.github.com/scala-io-doc/index.html" downloaded="false" searched="false" default="false" conf="compile, master(*), runtime, compile(*), runtime(*), master" position="7">
				<license name="Scala License" url="http://www.scala-lang.org/node/146"/>
				<metadata-artifact status="no" details="" size="2919" time="0" location="/Users/andrewsmith/lib/play-2.1.0/framework/../repository/cache/com.github.scala-incubator.io/scala-io-core_2.10/ivy-0.4.2.xml" searched="false" origin-is-local="true" origin-location="/Users/andrewsmith/lib/play-2.1.0/repository/local/com.github.scala-incubator.io/scala-io-core_2.10/0.4.2/ivys/ivy.xml"/>
				<caller organisation="com.github.scala-incubator.io" name="scala-io-file_2.10" conf="default, compile, runtime, master" rev="0.4.2" rev-constraint-default="0.4.2" rev-constraint-dynamic="0.4.2" callerrev="0.4.2"/>
				<artifacts>
					<artifact name="scala-io-core_2.10" type="jar" ext="jar" status="no" details="" size="1295513" time="0" location="/Users/andrewsmith/lib/play-2.1.0/repository/local/com.github.scala-incubator.io/scala-io-core_2.10/0.4.2/jars/scala-io-core_2.10.jar">
						<origin-location is-local="true" location="/Users/andrewsmith/lib/play-2.1.0/repository/local/com.github.scala-incubator.io/scala-io-core_2.10/0.4.2/jars/scala-io-core_2.10.jar"/>
					</artifact>
				</artifacts>
			</revision>
		</module>
		<module organisation="com.jsuereth" name="scala-arm_2.10">
			<revision name="1.3" status="release" pubdate="20130121060254" resolver="local" artresolver="local" homepage="http://jsuereth.com/scala-arm" downloaded="false" searched="false" default="false" conf="compile, master(*), runtime, compile(*), runtime(*), master" position="8">
				<license name="BSD-style" url="http://www.opensource.org/licenses/bsd-license.php"/>
				<metadata-artifact status="no" details="" size="2970" time="0" location="/Users/andrewsmith/lib/play-2.1.0/framework/../repository/cache/com.jsuereth/scala-arm_2.10/ivy-1.3.xml" searched="false" origin-is-local="true" origin-location="/Users/andrewsmith/lib/play-2.1.0/repository/local/com.jsuereth/scala-arm_2.10/1.3/ivys/ivy.xml"/>
				<caller organisation="com.github.scala-incubator.io" name="scala-io-core_2.10" conf="compile, runtime" rev="1.3" rev-constraint-default="1.3" rev-constraint-dynamic="1.3" callerrev="0.4.2"/>
				<artifacts>
					<artifact name="scala-arm_2.10" type="jar" ext="jar" status="no" details="" size="75459" time="0" location="/Users/andrewsmith/lib/play-2.1.0/repository/local/com.jsuereth/scala-arm_2.10/1.3/jars/scala-arm_2.10.jar">
						<origin-location is-local="true" location="/Users/andrewsmith/lib/play-2.1.0/repository/local/com.jsuereth/scala-arm_2.10/1.3/jars/scala-arm_2.10.jar"/>
					</artifact>
				</artifacts>
			</revision>
		</module>
		<module organisation="javax.transaction" name="jta">
			<revision name="1.1" status="release" pubdate="20081027142721" resolver="local" artresolver="local" homepage="http://java.sun.com/products/jta" downloaded="false" searched="false" default="false" conf="default(compile), default, compile, runtime, master" position="30">
				<metadata-artifact status="no" details="" size="2343" time="0" location="/Users/andrewsmith/lib/play-2.1.0/framework/../repository/cache/javax.transaction/jta/ivy-1.1.xml" searched="false" origin-is-local="true" origin-location="/Users/andrewsmith/lib/play-2.1.0/repository/local/javax.transaction/jta/1.1/ivys/ivy.xml"/>
				<caller organisation="play" name="play_2.10" conf="compile" rev="1.1" rev-constraint-default="1.1" rev-constraint-dynamic="1.1" callerrev="2.1.0"/>
				<artifacts>
					<artifact name="jta" type="jar" ext="jar" status="no" details="" size="15071" time="0" location="/Users/andrewsmith/lib/play-2.1.0/repository/local/javax.transaction/jta/1.1/jars/jta.jar">
						<origin-location is-local="true" location="/Users/andrewsmith/lib/play-2.1.0/repository/local/javax.transaction/jta/1.1/jars/jta.jar"/>
					</artifact>
				</artifacts>
			</revision>
		</module>
		<module organisation="org.scala-lang" name="scala-reflect">
			<revision name="2.10.0" status="release" pubdate="20121219202932" resolver="local" artresolver="local" homepage="http://www.scala-lang.org/" downloaded="false" searched="false" default="false" conf="default(compile), default, compile, runtime, master" position="31">
				<license name="BSD-like" url="http://www.scala-lang.org/downloads/license.html    "/>
				<metadata-artifact status="no" details="" size="2541" time="0" location="/Users/andrewsmith/lib/play-2.1.0/framework/../repository/cache/org.scala-lang/scala-reflect/ivy-2.10.0.xml" searched="false" origin-is-local="true" origin-location="/Users/andrewsmith/lib/play-2.1.0/repository/local/org.scala-lang/scala-reflect/2.10.0/ivys/ivy.xml"/>
				<caller organisation="play" name="play_2.10" conf="compile" rev="2.10.0" rev-constraint-default="2.10.0" rev-constraint-dynamic="2.10.0" callerrev="2.1.0"/>
				<artifacts>
					<artifact name="scala-reflect" type="jar" ext="jar" status="no" details="" size="3149351" time="0" location="/Users/andrewsmith/lib/play-2.1.0/repository/local/org.scala-lang/scala-reflect/2.10.0/jars/scala-reflect.jar">
						<origin-location is-local="true" location="/Users/andrewsmith/lib/play-2.1.0/repository/local/org.scala-lang/scala-reflect/2.10.0/jars/scala-reflect.jar"/>
					</artifact>
				</artifacts>
			</revision>
		</module>
		<module organisation="play" name="play-exceptions">
			<revision name="2.1.0" status="release" pubdate="20130204133128" resolver="local" artresolver="local" downloaded="false" searched="false" default="false" conf="default(compile), compile" position="4">
				<metadata-artifact status="no" details="" size="1227" time="0" location="/Users/andrewsmith/lib/play-2.1.0/framework/../repository/cache/play/play-exceptions/ivy-2.1.0.xml" searched="false" origin-is-local="true" origin-location="/Users/andrewsmith/lib/play-2.1.0/repository/local/play/play-exceptions/2.1.0/ivys/ivy.xml"/>
				<caller organisation="play" name="play_2.10" conf="compile" rev="2.1.0" rev-constraint-default="2.1.0" rev-constraint-dynamic="2.1.0" callerrev="2.1.0"/>
				<artifacts>
					<artifact name="play-exceptions" type="jar" ext="jar" status="no" details="" size="4555" time="0" location="/Users/andrewsmith/lib/play-2.1.0/repository/local/play/play-exceptions/2.1.0/jars/play-exceptions.jar">
						<origin-location is-local="true" location="/Users/andrewsmith/lib/play-2.1.0/repository/local/play/play-exceptions/2.1.0/jars/play-exceptions.jar"/>
					</artifact>
				</artifacts>
			</revision>
		</module>
		<module organisation="play" name="sbt-link">
			<revision name="2.1.0" status="release" pubdate="20130204133128" resolver="local" artresolver="local" downloaded="false" searched="false" default="false" conf="default(compile), compile" position="2">
				<metadata-artifact status="no" details="" size="1706" time="0" location="/Users/andrewsmith/lib/play-2.1.0/framework/../repository/cache/play/sbt-link/ivy-2.1.0.xml" searched="false" origin-is-local="true" origin-location="/Users/andrewsmith/lib/play-2.1.0/repository/local/play/sbt-link/2.1.0/ivys/ivy.xml"/>
				<caller organisation="play" name="play_2.10" conf="compile" rev="2.1.0" rev-constraint-default="2.1.0" rev-constraint-dynamic="2.1.0" callerrev="2.1.0"/>
				<artifacts>
					<artifact name="sbt-link" type="jar" ext="jar" status="no" details="" size="8477" time="0" location="/Users/andrewsmith/lib/play-2.1.0/repository/local/play/sbt-link/2.1.0/jars/sbt-link.jar">
						<origin-location is-local="true" location="/Users/andrewsmith/lib/play-2.1.0/repository/local/play/sbt-link/2.1.0/jars/sbt-link.jar"/>
					</artifact>
				</artifacts>
			</revision>
		</module>
		<module organisation="org.javassist" name="javassist">
			<revision name="3.16.1-GA" status="release" pubdate="20121010205543" resolver="local" artresolver="local" homepage="http://www.javassist.org/" downloaded="false" searched="false" default="false" conf="default(compile), default, compile, runtime, master" position="3">
				<license name="MPL 1.1" url="http://www.mozilla.org/MPL/MPL-1.1.html"/>
				<license name="LGPL 2.1" url="http://www.gnu.org/licenses/lgpl-2.1.html"/>
				<license name="Apache License 2.0" url="http://www.apache.org/licenses/"/>
				<metadata-artifact status="no" details="" size="3051" time="0" location="/Users/andrewsmith/lib/play-2.1.0/framework/../repository/cache/org.javassist/javassist/ivy-3.16.1-GA.xml" searched="false" origin-is-local="true" origin-location="/Users/andrewsmith/lib/play-2.1.0/repository/local/org.javassist/javassist/3.16.1-GA/ivys/ivy.xml"/>
				<caller organisation="play" name="play-java_2.10" conf="compile" rev="3.16.1-GA" rev-constraint-default="3.16.1-GA" rev-constraint-dynamic="3.16.1-GA" callerrev="2.1.0"/>
				<caller organisation="play" name="sbt-link" conf="compile" rev="3.16.1-GA" rev-constraint-default="3.16.1-GA" rev-constraint-dynamic="3.16.1-GA" callerrev="2.1.0"/>
				<artifacts>
					<artifact name="javassist" type="jar" ext="jar" status="no" details="" size="659343" time="0" location="/Users/andrewsmith/lib/play-2.1.0/repository/local/org.javassist/javassist/3.16.1-GA/jars/javassist.jar">
						<origin-location is-local="true" location="/Users/andrewsmith/lib/play-2.1.0/repository/local/org.javassist/javassist/3.16.1-GA/jars/javassist.jar"/>
					</artifact>
				</artifacts>
			</revision>
		</module>
		<module organisation="org.scala-lang" name="scala-library">
			<revision name="2.10.0" status="release" pubdate="20121219202916" resolver="local" artresolver="local" homepage="http://www.scala-lang.org/" downloaded="false" searched="false" default="false" conf="default(compile), default, compile, master(*), compile(*), runtime, runtime(*), master" position="0">
				<license name="BSD-like" url="http://www.scala-lang.org/downloads/license.html          "/>
				<metadata-artifact status="no" details="" size="2381" time="0" location="/Users/andrewsmith/lib/play-2.1.0/framework/../repository/cache/org.scala-lang/scala-library/ivy-2.10.0.xml" searched="false" origin-is-local="true" origin-location="/Users/andrewsmith/lib/play-2.1.0/repository/local/org.scala-lang/scala-library/2.10.0/ivys/ivy.xml"/>
				<caller organisation="com.typesafe.akka" name="akka-slf4j_2.10" conf="default, compile, runtime, master" rev="2.10.0" rev-constraint-default="2.10.0" rev-constraint-dynamic="2.10.0" callerrev="2.1.0"/>
				<caller organisation="org.specs2" name="scalaz-concurrent_2.10" conf="compile, runtime" rev="2.10.0" rev-constraint-default="2.10.0" rev-constraint-dynamic="2.10.0" callerrev="7.0.0"/>
				<caller organisation="org.specs2" name="scalaz-core_2.10" conf="compile, runtime" rev="2.10.0" rev-constraint-default="2.10.0" rev-constraint-dynamic="2.10.0" callerrev="7.0.0"/>
				<caller organisation="org.scala-lang" name="scala-reflect" conf="default, compile, runtime, master" rev="2.10.0" rev-constraint-default="2.10.0" rev-constraint-dynamic="2.10.0" callerrev="2.10.0"/>
				<caller organisation="play" name="anorm_2.10" conf="compile" rev="2.10.0" rev-constraint-default="2.10.0" rev-constraint-dynamic="2.10.0" callerrev="2.1.0"/>
				<caller organisation="org.scala-stm" name="scala-stm_2.10.0" conf="default, compile, runtime, master" rev="2.10.0" rev-constraint-default="2.10.0" rev-constraint-dynamic="2.10.0" callerrev="0.6"/>
				<caller organisation="com.jsuereth" name="scala-arm_2.10" conf="compile, runtime" rev="2.10.0" rev-constraint-default="2.10.0" rev-constraint-dynamic="2.10.0" callerrev="1.3"/>
				<caller organisation="org.specs2" name="scalaz-effect_2.10" conf="compile, runtime" rev="2.10.0" rev-constraint-default="2.10.0" rev-constraint-dynamic="2.10.0" callerrev="7.0.0"/>
				<caller organisation="com.typesafe.akka" name="akka-actor_2.10" conf="default, compile, runtime, master" rev="2.10.0" rev-constraint-default="2.10.0" rev-constraint-dynamic="2.10.0" callerrev="2.1.0"/>
				<caller organisation="com.github.scala-incubator.io" name="scala-io-core_2.10" conf="compile, runtime" rev="2.10.0" rev-constraint-default="2.10.0" rev-constraint-dynamic="2.10.0" callerrev="0.4.2"/>
				<caller organisation="com.github.scala-incubator.io" name="scala-io-file_2.10" conf="default, compile, runtime, master" rev="2.10.0" rev-constraint-default="2.10.0" rev-constraint-dynamic="2.10.0" callerrev="0.4.2"/>
				<caller organisation="courierserver" name="courierserver_2.10" conf="test-internal, test, optional, compile, provided, runtime" rev="2.10.0" rev-constraint-default="2.10.0" rev-constraint-dynamic="2.10.0" callerrev="1.0-SNAPSHOT"/>
				<artifacts>
				</artifacts>
			</revision>
		</module>
	</dependencies>
</ivy-report>
