<?xml version="1.0" encoding="UTF-8"?>
<?xml-stylesheet type="text/xsl" href="ivy-report.xsl"?>
<ivy-report version="1.0">
	<info
		organisation="default"
		module="default-24da60"
		revision="0.1-SNAPSHOT"
		extra-sbtVersion="0.12"
		extra-scalaVersion="2.9.2"
		conf="test-internal"
		confs="compile, runtime, test, provided, optional, compile-internal, runtime-internal, test-internal, plugin, sources, docs, pom"
		date="20130329100206"/>
	<dependencies>
		<module organisation="play" name="sbt-plugin">
			<revision name="2.1.0" status="release" pubdate="20130205111248" resolver="typesafe-ivy-releases" artresolver="typesafe-ivy-releases" extra-sbtVersion="0.12" extra-scalaVersion="2.9.2" downloaded="false" searched="false" default="false" conf="default(compile), compile" position="0">
				<metadata-artifact status="no" details="" size="4727" time="0" location="/Users/andrewsmith/lib/play-2.1.0/framework/../repository/cache/scala_2.9.2/sbt_0.12/play/sbt-plugin/ivy-2.1.0.xml" searched="false" origin-is-local="false" origin-location="http://repo.typesafe.com/typesafe/ivy-releases/play/sbt-plugin/scala_2.9.2/sbt_0.12/2.1.0/ivys/ivy.xml"/>
				<caller organisation="default" name="default-24da60" conf="test-internal, test, optional, compile, provided, runtime" rev="2.1.0" rev-constraint-default="2.1.0" rev-constraint-dynamic="2.1.0" callerrev="0.1-SNAPSHOT" extra-sbtVersion="0.12" extra-scalaVersion="2.9.2"/>
				<artifacts>
					<artifact name="sbt-plugin" type="jar" ext="jar" status="no" details="" size="873077" time="0" location="/Users/andrewsmith/lib/play-2.1.0/framework/../repository/cache/scala_2.9.2/sbt_0.12/play/sbt-plugin/jars/sbt-plugin-2.1.0.jar">
						<origin-location is-local="false" location="http://repo.typesafe.com/typesafe/ivy-releases/play/sbt-plugin/scala_2.9.2/sbt_0.12/2.1.0/jars/sbt-plugin.jar"/>
					</artifact>
				</artifacts>
			</revision>
		</module>
		<module organisation="com.typesafe.sbtidea" name="sbt-idea">
			<revision name="1.1.1" status="release" pubdate="20121123115855" resolver="typesafe-ivy-releases" artresolver="typesafe-ivy-releases" extra-sbtVersion="0.12" extra-scalaVersion="2.9.2" downloaded="false" searched="false" default="false" conf="default(compile), compile" position="53">
				<metadata-artifact status="no" details="" size="1891" time="0" location="/Users/andrewsmith/lib/play-2.1.0/framework/../repository/cache/scala_2.9.2/sbt_0.12/com.typesafe.sbtidea/sbt-idea/ivy-1.1.1.xml" searched="false" origin-is-local="false" origin-location="http://repo.typesafe.com/typesafe/ivy-releases/com.typesafe.sbtidea/sbt-idea/scala_2.9.2/sbt_0.12/1.1.1/ivys/ivy.xml"/>
				<caller organisation="play" name="sbt-plugin" conf="compile" rev="1.1.1" rev-constraint-default="1.1.1" rev-constraint-dynamic="1.1.1" callerrev="2.1.0" extra-sbtVersion="0.12" extra-scalaVersion="2.9.2"/>
				<artifacts>
					<artifact name="sbt-idea" type="jar" ext="jar" status="no" details="" size="316701" time="0" location="/Users/andrewsmith/lib/play-2.1.0/framework/../repository/cache/scala_2.9.2/sbt_0.12/com.typesafe.sbtidea/sbt-idea/jars/sbt-idea-1.1.1.jar">
						<origin-location is-local="false" location="http://repo.typesafe.com/typesafe/ivy-releases/com.typesafe.sbtidea/sbt-idea/scala_2.9.2/sbt_0.12/1.1.1/jars/sbt-idea.jar"/>
					</artifact>
				</artifacts>
			</revision>
		</module>
		<module organisation="commons-io" name="commons-io">
			<revision name="2.0.1" status="release" pubdate="20101226061931" resolver="local" artresolver="local" homepage="http://commons.apache.org/io/" downloaded="false" searched="false" default="false" conf="default(compile), default, compile, runtime, master" position="54">
				<metadata-artifact status="no" details="" size="6228" time="0" location="/Users/andrewsmith/lib/play-2.1.0/framework/../repository/cache/commons-io/commons-io/ivy-2.0.1.xml" searched="false" origin-is-local="true" origin-location="/Users/andrewsmith/lib/play-2.1.0/repository/local/commons-io/commons-io/2.0.1/ivys/ivy.xml"/>
				<caller organisation="com.typesafe.sbtidea" name="sbt-idea" conf="compile" rev="2.0.1" rev-constraint-default="2.0.1" rev-constraint-dynamic="2.0.1" callerrev="1.1.1"/>
				<artifacts>
					<artifact name="commons-io" type="jar" ext="jar" status="no" details="" size="159509" time="0" location="/Users/andrewsmith/lib/play-2.1.0/repository/local/commons-io/commons-io/2.0.1/jars/commons-io.jar">
						<origin-location is-local="true" location="/Users/andrewsmith/lib/play-2.1.0/repository/local/commons-io/commons-io/2.0.1/jars/commons-io.jar"/>
					</artifact>
				</artifacts>
			</revision>
		</module>
		<module organisation="com.typesafe.sbteclipse" name="sbteclipse-plugin">
			<revision name="2.1.1" status="release" pubdate="20121214125045" resolver="typesafe-ivy-releases" artresolver="typesafe-ivy-releases" extra-sbtVersion="0.12" extra-scalaVersion="2.9.2" downloaded="false" searched="false" default="false" conf="default(compile), compile" position="50">
				<metadata-artifact status="no" details="" size="1807" time="0" location="/Users/andrewsmith/lib/play-2.1.0/framework/../repository/cache/scala_2.9.2/sbt_0.12/com.typesafe.sbteclipse/sbteclipse-plugin/ivy-2.1.1.xml" searched="false" origin-is-local="false" origin-location="http://repo.typesafe.com/typesafe/ivy-releases/com.typesafe.sbteclipse/sbteclipse-plugin/scala_2.9.2/sbt_0.12/2.1.1/ivys/ivy.xml"/>
				<caller organisation="play" name="sbt-plugin" conf="compile" rev="2.1.1" rev-constraint-default="2.1.1" rev-constraint-dynamic="2.1.1" callerrev="2.1.0" extra-sbtVersion="0.12" extra-scalaVersion="2.9.2"/>
				<artifacts>
					<artifact name="sbteclipse-plugin" type="jar" ext="jar" status="no" details="" size="7980" time="0" location="/Users/andrewsmith/lib/play-2.1.0/framework/../repository/cache/scala_2.9.2/sbt_0.12/com.typesafe.sbteclipse/sbteclipse-plugin/jars/sbteclipse-plugin-2.1.1.jar">
						<origin-location is-local="false" location="http://repo.typesafe.com/typesafe/ivy-releases/com.typesafe.sbteclipse/sbteclipse-plugin/scala_2.9.2/sbt_0.12/2.1.1/jars/sbteclipse-plugin.jar"/>
					</artifact>
				</artifacts>
			</revision>
		</module>
		<module organisation="com.typesafe.sbteclipse" name="sbteclipse-core">
			<revision name="2.1.1" status="release" pubdate="20121214125045" resolver="typesafe-ivy-releases" artresolver="typesafe-ivy-releases" extra-sbtVersion="0.12" extra-scalaVersion="2.9.2" downloaded="false" searched="false" default="false" conf="default(compile), compile" position="51">
				<metadata-artifact status="no" details="" size="1747" time="0" location="/Users/andrewsmith/lib/play-2.1.0/framework/../repository/cache/scala_2.9.2/sbt_0.12/com.typesafe.sbteclipse/sbteclipse-core/ivy-2.1.1.xml" searched="false" origin-is-local="false" origin-location="http://repo.typesafe.com/typesafe/ivy-releases/com.typesafe.sbteclipse/sbteclipse-core/scala_2.9.2/sbt_0.12/2.1.1/ivys/ivy.xml"/>
				<caller organisation="com.typesafe.sbteclipse" name="sbteclipse-plugin" conf="compile" rev="2.1.1" rev-constraint-default="2.1.1" rev-constraint-dynamic="2.1.1" callerrev="2.1.1" extra-sbtVersion="0.12" extra-scalaVersion="2.9.2"/>
				<artifacts>
					<artifact name="sbteclipse-core" type="jar" ext="jar" status="no" details="" size="256554" time="0" location="/Users/andrewsmith/lib/play-2.1.0/framework/../repository/cache/scala_2.9.2/sbt_0.12/com.typesafe.sbteclipse/sbteclipse-core/jars/sbteclipse-core-2.1.1.jar">
						<origin-location is-local="false" location="http://repo.typesafe.com/typesafe/ivy-releases/com.typesafe.sbteclipse/sbteclipse-core/scala_2.9.2/sbt_0.12/2.1.1/jars/sbteclipse-core.jar"/>
					</artifact>
				</artifacts>
			</revision>
		</module>
		<module organisation="org.scalaz" name="scalaz-core_2.9.2">
			<revision name="6.0.4" status="release" pubdate="20121011011127" resolver="local" artresolver="local" homepage="http://scalaz.org" downloaded="false" searched="false" default="false" conf="default(compile), default, compile, runtime, master" position="52">
				<license name="BSD-style" url="http://www.opensource.org/licenses/bsd-license.php"/>
				<metadata-artifact status="no" details="" size="2501" time="0" location="/Users/andrewsmith/lib/play-2.1.0/framework/../repository/cache/org.scalaz/scalaz-core_2.9.2/ivy-6.0.4.xml" searched="false" origin-is-local="true" origin-location="/Users/andrewsmith/lib/play-2.1.0/repository/local/org.scalaz/scalaz-core_2.9.2/6.0.4/ivys/ivy.xml"/>
				<caller organisation="com.typesafe.sbteclipse" name="sbteclipse-core" conf="compile" rev="6.0.4" rev-constraint-default="6.0.4" rev-constraint-dynamic="6.0.4" callerrev="2.1.1"/>
				<artifacts>
					<artifact name="scalaz-core_2.9.2" type="jar" ext="jar" status="no" details="" size="4474099" time="0" location="/Users/andrewsmith/lib/play-2.1.0/repository/local/org.scalaz/scalaz-core_2.9.2/6.0.4/jars/scalaz-core_2.9.2.jar">
						<origin-location is-local="true" location="/Users/andrewsmith/lib/play-2.1.0/repository/local/org.scalaz/scalaz-core_2.9.2/6.0.4/jars/scalaz-core_2.9.2.jar"/>
					</artifact>
				</artifacts>
			</revision>
		</module>
		<module organisation="net.contentobjects.jnotify" name="jnotify">
			<revision name="0.94" status="release" pubdate="20121011011125" resolver="local" artresolver="local" homepage="" downloaded="false" searched="false" default="false" conf="default(compile), default, compile, runtime, master" position="49">
				<metadata-artifact status="no" details="" size="2238" time="0" location="/Users/andrewsmith/lib/play-2.1.0/framework/../repository/cache/net.contentobjects.jnotify/jnotify/ivy-0.94.xml" searched="false" origin-is-local="true" origin-location="/Users/andrewsmith/lib/play-2.1.0/repository/local/net.contentobjects.jnotify/jnotify/0.94/ivys/ivy.xml"/>
				<caller organisation="play" name="sbt-plugin" conf="compile" rev="0.94" rev-constraint-default="0.94" rev-constraint-dynamic="0.94" callerrev="2.1.0"/>
				<artifacts>
					<artifact name="jnotify" type="jar" ext="jar" status="no" details="" size="659562" time="0" location="/Users/andrewsmith/lib/play-2.1.0/repository/local/net.contentobjects.jnotify/jnotify/0.94/jars/jnotify.jar">
						<origin-location is-local="true" location="/Users/andrewsmith/lib/play-2.1.0/repository/local/net.contentobjects.jnotify/jnotify/0.94/jars/jnotify.jar"/>
					</artifact>
				</artifacts>
			</revision>
		</module>
		<module organisation="org.pegdown" name="pegdown">
			<revision name="1.1.0" status="release" pubdate="20121010204209" resolver="local" artresolver="local" homepage="" downloaded="false" searched="false" default="false" conf="default(compile), default, compile, runtime, master" position="42">
				<license name="Apache 2" url="http://www.apache.org/licenses/LICENSE-2.0.txt"/>
				<metadata-artifact status="no" details="" size="2876" time="0" location="/Users/andrewsmith/lib/play-2.1.0/framework/../repository/cache/org.pegdown/pegdown/ivy-1.1.0.xml" searched="false" origin-is-local="true" origin-location="/Users/andrewsmith/lib/play-2.1.0/repository/local/org.pegdown/pegdown/1.1.0/ivys/ivy.xml"/>
				<caller organisation="play" name="sbt-plugin" conf="compile" rev="1.1.0" rev-constraint-default="1.1.0" rev-constraint-dynamic="1.1.0" callerrev="2.1.0"/>
				<artifacts>
					<artifact name="pegdown" type="jar" ext="jar" status="no" details="" size="60345" time="0" location="/Users/andrewsmith/lib/play-2.1.0/repository/local/org.pegdown/pegdown/1.1.0/jars/pegdown.jar">
						<origin-location is-local="true" location="/Users/andrewsmith/lib/play-2.1.0/repository/local/org.pegdown/pegdown/1.1.0/jars/pegdown.jar"/>
					</artifact>
				</artifacts>
			</revision>
		</module>
		<module organisation="org.parboiled" name="parboiled-java">
			<revision name="1.0.2" status="release" pubdate="20121010204214" resolver="local" artresolver="local" homepage="http://parboiled.org/" downloaded="false" searched="false" default="false" conf="compile, master(*), runtime, compile(*), runtime(*), master" position="44">
				<license name="Apache 2" url="http://www.apache.org/licenses/LICENSE-2.0.txt"/>
				<metadata-artifact status="no" details="" size="2962" time="0" location="/Users/andrewsmith/lib/play-2.1.0/framework/../repository/cache/org.parboiled/parboiled-java/ivy-1.0.2.xml" searched="false" origin-is-local="true" origin-location="/Users/andrewsmith/lib/play-2.1.0/repository/local/org.parboiled/parboiled-java/1.0.2/ivys/ivy.xml"/>
				<caller organisation="org.pegdown" name="pegdown" conf="default, compile, runtime, master" rev="1.0.2" rev-constraint-default="1.0.2" rev-constraint-dynamic="1.0.2" callerrev="1.1.0"/>
				<artifacts>
					<artifact name="parboiled-java" type="jar" ext="jar" status="no" details="" size="83356" time="0" location="/Users/andrewsmith/lib/play-2.1.0/repository/local/org.parboiled/parboiled-java/1.0.2/jars/parboiled-java.jar">
						<origin-location is-local="true" location="/Users/andrewsmith/lib/play-2.1.0/repository/local/org.parboiled/parboiled-java/1.0.2/jars/parboiled-java.jar"/>
					</artifact>
				</artifacts>
			</revision>
		</module>
		<module organisation="asm" name="asm-analysis">
			<revision name="3.3.1" status="release" pubdate="20121010204225" resolver="local" artresolver="local" homepage="" downloaded="false" searched="false" default="false" conf="compile, master(*), runtime, compile(*), runtime(*), master" position="48">
				<metadata-artifact status="no" details="" size="3399" time="0" location="/Users/andrewsmith/lib/play-2.1.0/framework/../repository/cache/asm/asm-analysis/ivy-3.3.1.xml" searched="false" origin-is-local="true" origin-location="/Users/andrewsmith/lib/play-2.1.0/repository/local/asm/asm-analysis/3.3.1/ivys/ivy.xml"/>
				<caller organisation="org.parboiled" name="parboiled-java" conf="compile, runtime" rev="3.3.1" rev-constraint-default="3.3.1" rev-constraint-dynamic="3.3.1" callerrev="1.0.2"/>
				<artifacts>
					<artifact name="asm-analysis" type="jar" ext="jar" status="no" details="" size="18358" time="0" location="/Users/andrewsmith/lib/play-2.1.0/repository/local/asm/asm-analysis/3.3.1/jars/asm-analysis.jar">
						<origin-location is-local="true" location="/Users/andrewsmith/lib/play-2.1.0/repository/local/asm/asm-analysis/3.3.1/jars/asm-analysis.jar"/>
					</artifact>
				</artifacts>
			</revision>
		</module>
		<module organisation="asm" name="asm-util">
			<revision name="3.3.1" status="release" pubdate="20121010204221" resolver="local" artresolver="local" homepage="" downloaded="false" searched="false" default="false" conf="compile, master(*), runtime, compile(*), runtime(*), master" position="46">
				<metadata-artifact status="no" details="" size="3391" time="0" location="/Users/andrewsmith/lib/play-2.1.0/framework/../repository/cache/asm/asm-util/ivy-3.3.1.xml" searched="false" origin-is-local="true" origin-location="/Users/andrewsmith/lib/play-2.1.0/repository/local/asm/asm-util/3.3.1/ivys/ivy.xml"/>
				<caller organisation="org.parboiled" name="parboiled-java" conf="compile, runtime" rev="3.3.1" rev-constraint-default="3.3.1" rev-constraint-dynamic="3.3.1" callerrev="1.0.2"/>
				<caller organisation="org.clapper" name="classutil_2.9.1" conf="compile, runtime" rev="3.3" rev-constraint-default="3.3" rev-constraint-dynamic="3.3" callerrev="0.4.2"/>
				<artifacts>
					<artifact name="asm-util" type="jar" ext="jar" status="no" details="" size="36964" time="0" location="/Users/andrewsmith/lib/play-2.1.0/repository/local/asm/asm-util/3.3.1/jars/asm-util.jar">
						<origin-location is-local="true" location="/Users/andrewsmith/lib/play-2.1.0/repository/local/asm/asm-util/3.3.1/jars/asm-util.jar"/>
					</artifact>
				</artifacts>
			</revision>
			<revision name="3.3" status="release" pubdate="20121011011009" resolver="local" artresolver="local" evicted="latest-revision" evicted-reason="" homepage="" downloaded="false" searched="false" default="false" conf="compile, master(*), runtime, compile(*), runtime(*), master" position="-1">
				<metadata-artifact status="no" details="" size="3363" time="0" location="/Users/andrewsmith/lib/play-2.1.0/framework/../repository/cache/asm/asm-util/ivy-3.3.xml" searched="false" origin-is-local="true" origin-location="/Users/andrewsmith/lib/play-2.1.0/repository/local/asm/asm-util/3.3/ivys/ivy.xml"/>
				<evicted-by rev="3.3.1"/>
				<caller organisation="org.clapper" name="classutil_2.9.1" conf="compile, runtime" rev="3.3" rev-constraint-default="3.3" rev-constraint-dynamic="3.3" callerrev="0.4.2"/>
				<artifacts>
				</artifacts>
			</revision>
		</module>
		<module organisation="asm" name="asm-tree">
			<revision name="3.3.1" status="release" pubdate="20121010204223" resolver="local" artresolver="local" homepage="" downloaded="false" searched="false" default="false" conf="compile, master(*), runtime, compile(*), runtime(*), master" position="47">
				<metadata-artifact status="no" details="" size="3386" time="0" location="/Users/andrewsmith/lib/play-2.1.0/framework/../repository/cache/asm/asm-tree/ivy-3.3.1.xml" searched="false" origin-is-local="true" origin-location="/Users/andrewsmith/lib/play-2.1.0/repository/local/asm/asm-tree/3.3.1/ivys/ivy.xml"/>
				<caller organisation="asm" name="asm-util" conf="compile, runtime" rev="3.3.1" rev-constraint-default="3.3.1" rev-constraint-dynamic="3.3.1" callerrev="3.3.1"/>
				<caller organisation="org.parboiled" name="parboiled-java" conf="compile, runtime" rev="3.3.1" rev-constraint-default="3.3.1" rev-constraint-dynamic="3.3.1" callerrev="1.0.2"/>
				<caller organisation="asm" name="asm-util" conf="compile, runtime" rev="3.3" rev-constraint-default="3.3" rev-constraint-dynamic="3.3" callerrev="3.3"/>
				<caller organisation="asm" name="asm-commons" conf="compile, runtime" rev="3.3" rev-constraint-default="3.3" rev-constraint-dynamic="3.3" callerrev="3.3"/>
				<caller organisation="asm" name="asm-analysis" conf="compile, runtime" rev="3.3.1" rev-constraint-default="3.3.1" rev-constraint-dynamic="3.3.1" callerrev="3.3.1"/>
				<artifacts>
					<artifact name="asm-tree" type="jar" ext="jar" status="no" details="" size="21507" time="0" location="/Users/andrewsmith/lib/play-2.1.0/repository/local/asm/asm-tree/3.3.1/jars/asm-tree.jar">
						<origin-location is-local="true" location="/Users/andrewsmith/lib/play-2.1.0/repository/local/asm/asm-tree/3.3.1/jars/asm-tree.jar"/>
					</artifact>
				</artifacts>
			</revision>
			<revision name="3.3" status="release" pubdate="20121011011007" resolver="local" artresolver="local" evicted="latest-revision" evicted-reason="" homepage="" downloaded="false" searched="false" default="false" conf="compile, master(*), runtime, compile(*), runtime(*), master" position="-1">
				<metadata-artifact status="no" details="" size="3358" time="0" location="/Users/andrewsmith/lib/play-2.1.0/framework/../repository/cache/asm/asm-tree/ivy-3.3.xml" searched="false" origin-is-local="true" origin-location="/Users/andrewsmith/lib/play-2.1.0/repository/local/asm/asm-tree/3.3/ivys/ivy.xml"/>
				<evicted-by rev="3.3.1"/>
				<caller organisation="asm" name="asm-util" conf="compile, runtime" rev="3.3" rev-constraint-default="3.3" rev-constraint-dynamic="3.3" callerrev="3.3"/>
				<caller organisation="asm" name="asm-commons" conf="compile, runtime" rev="3.3" rev-constraint-default="3.3" rev-constraint-dynamic="3.3" callerrev="3.3"/>
				<artifacts>
				</artifacts>
			</revision>
		</module>
		<module organisation="asm" name="asm">
			<revision name="3.3.1" status="release" pubdate="20121010204216" resolver="local" artresolver="local" homepage="" downloaded="false" searched="false" default="false" conf="compile, master(*), runtime, compile(*), runtime(*), master" position="45">
				<metadata-artifact status="no" details="" size="2803" time="0" location="/Users/andrewsmith/lib/play-2.1.0/framework/../repository/cache/asm/asm/ivy-3.3.1.xml" searched="false" origin-is-local="true" origin-location="/Users/andrewsmith/lib/play-2.1.0/repository/local/asm/asm/3.3.1/ivys/ivy.xml"/>
				<caller organisation="asm" name="asm-tree" conf="compile, runtime" rev="3.3" rev-constraint-default="3.3" rev-constraint-dynamic="3.3" callerrev="3.3"/>
				<caller organisation="org.parboiled" name="parboiled-java" conf="compile, runtime" rev="3.3.1" rev-constraint-default="3.3.1" rev-constraint-dynamic="3.3.1" callerrev="1.0.2"/>
				<caller organisation="org.clapper" name="classutil_2.9.1" conf="compile, runtime" rev="3.3" rev-constraint-default="3.3" rev-constraint-dynamic="3.3" callerrev="0.4.2"/>
				<caller organisation="asm" name="asm-tree" conf="compile, runtime" rev="3.3.1" rev-constraint-default="3.3.1" rev-constraint-dynamic="3.3.1" callerrev="3.3.1"/>
				<artifacts>
					<artifact name="asm" type="jar" ext="jar" status="no" details="" size="43581" time="0" location="/Users/andrewsmith/lib/play-2.1.0/repository/local/asm/asm/3.3.1/jars/asm.jar">
						<origin-location is-local="true" location="/Users/andrewsmith/lib/play-2.1.0/repository/local/asm/asm/3.3.1/jars/asm.jar"/>
					</artifact>
				</artifacts>
			</revision>
			<revision name="3.3" status="release" pubdate="20121011010959" resolver="local" artresolver="local" evicted="latest-revision" evicted-reason="" homepage="" downloaded="false" searched="false" default="false" conf="compile, master(*), runtime, compile(*), runtime(*), master" position="-1">
				<metadata-artifact status="no" details="" size="2789" time="0" location="/Users/andrewsmith/lib/play-2.1.0/framework/../repository/cache/asm/asm/ivy-3.3.xml" searched="false" origin-is-local="true" origin-location="/Users/andrewsmith/lib/play-2.1.0/repository/local/asm/asm/3.3/ivys/ivy.xml"/>
				<evicted-by rev="3.3.1"/>
				<caller organisation="asm" name="asm-tree" conf="compile, runtime" rev="3.3" rev-constraint-default="3.3" rev-constraint-dynamic="3.3" callerrev="3.3"/>
				<caller organisation="org.clapper" name="classutil_2.9.1" conf="compile, runtime" rev="3.3" rev-constraint-default="3.3" rev-constraint-dynamic="3.3" callerrev="0.4.2"/>
				<artifacts>
				</artifacts>
			</revision>
		</module>
		<module organisation="org.parboiled" name="parboiled-core">
			<revision name="1.0.2" status="release" pubdate="20121010204212" resolver="local" artresolver="local" homepage="http://parboiled.org/" downloaded="false" searched="false" default="false" conf="compile, master(*), runtime, compile(*), runtime(*), master" position="43">
				<license name="Apache 2" url="http://www.apache.org/licenses/LICENSE-2.0.txt"/>
				<metadata-artifact status="no" details="" size="2294" time="0" location="/Users/andrewsmith/lib/play-2.1.0/framework/../repository/cache/org.parboiled/parboiled-core/ivy-1.0.2.xml" searched="false" origin-is-local="true" origin-location="/Users/andrewsmith/lib/play-2.1.0/repository/local/org.parboiled/parboiled-core/1.0.2/ivys/ivy.xml"/>
				<caller organisation="org.parboiled" name="parboiled-java" conf="compile, runtime" rev="1.0.2" rev-constraint-default="1.0.2" rev-constraint-dynamic="1.0.2" callerrev="1.0.2"/>
				<caller organisation="org.pegdown" name="pegdown" conf="default, compile, runtime, master" rev="1.0.2" rev-constraint-default="1.0.2" rev-constraint-dynamic="1.0.2" callerrev="1.1.0"/>
				<artifacts>
					<artifact name="parboiled-core" type="jar" ext="jar" status="no" details="" size="211833" time="0" location="/Users/andrewsmith/lib/play-2.1.0/repository/local/org.parboiled/parboiled-core/1.0.2/jars/parboiled-core.jar">
						<origin-location is-local="true" location="/Users/andrewsmith/lib/play-2.1.0/repository/local/org.parboiled/parboiled-core/1.0.2/jars/parboiled-core.jar"/>
					</artifact>
				</artifacts>
			</revision>
		</module>
		<module organisation="com.h2database" name="h2">
			<revision name="1.3.168" status="release" pubdate="20120713041808" resolver="local" artresolver="local" homepage="http://www.h2database.com" downloaded="false" searched="false" default="false" conf="default(compile), default, compile, runtime, master" position="41">
				<license name="The H2 License, Version 1.0" url="http://h2database.com/html/license.html"/>
				<metadata-artifact status="no" details="" size="2326" time="0" location="/Users/andrewsmith/lib/play-2.1.0/framework/../repository/cache/com.h2database/h2/ivy-1.3.168.xml" searched="false" origin-is-local="true" origin-location="/Users/andrewsmith/lib/play-2.1.0/repository/local/com.h2database/h2/1.3.168/ivys/ivy.xml"/>
				<caller organisation="play" name="sbt-plugin" conf="compile" rev="1.3.168" rev-constraint-default="1.3.168" rev-constraint-dynamic="1.3.168" callerrev="2.1.0"/>
				<artifacts>
					<artifact name="h2" type="jar" ext="jar" status="no" details="" size="1280753" time="0" location="/Users/andrewsmith/lib/play-2.1.0/repository/local/com.h2database/h2/1.3.168/jars/h2.jar">
						<origin-location is-local="true" location="/Users/andrewsmith/lib/play-2.1.0/repository/local/com.h2database/h2/1.3.168/jars/h2.jar"/>
					</artifact>
				</artifacts>
			</revision>
		</module>
		<module organisation="org.avaje.ebeanorm" name="avaje-ebeanorm">
			<revision name="3.1.2" status="release" pubdate="20121011011059" resolver="local" artresolver="local" homepage="http://www.avaje.org" downloaded="false" searched="false" default="false" conf="default(compile), default, compile, runtime, master" position="37">
				<license name="The Apache Software License, Version 2.0" url="http://www.apache.org/licenses/LICENSE-2.0.txt"/>
				<metadata-artifact status="no" details="" size="4600" time="0" location="/Users/andrewsmith/lib/play-2.1.0/framework/../repository/cache/org.avaje.ebeanorm/avaje-ebeanorm/ivy-3.1.2.xml" searched="false" origin-is-local="true" origin-location="/Users/andrewsmith/lib/play-2.1.0/repository/local/org.avaje.ebeanorm/avaje-ebeanorm/3.1.2/ivys/ivy.xml"/>
				<caller organisation="play" name="sbt-plugin" conf="compile" rev="3.1.2" rev-constraint-default="3.1.2" rev-constraint-dynamic="3.1.2" callerrev="2.1.0"/>
				<artifacts>
					<artifact name="avaje-ebeanorm" type="jar" ext="jar" status="no" details="" size="2470" time="0" location="/Users/andrewsmith/lib/play-2.1.0/repository/local/org.avaje.ebeanorm/avaje-ebeanorm/3.1.2/jars/avaje-ebeanorm.jar">
						<origin-location is-local="true" location="/Users/andrewsmith/lib/play-2.1.0/repository/local/org.avaje.ebeanorm/avaje-ebeanorm/3.1.2/jars/avaje-ebeanorm.jar"/>
					</artifact>
				</artifacts>
			</revision>
		</module>
		<module organisation="org.avaje.ebeanorm" name="avaje-ebeanorm-server">
			<revision name="3.1.2" status="release" pubdate="20121011011112" resolver="local" artresolver="local" homepage="http://www.avaje.org" downloaded="false" searched="false" default="false" conf="compile, master(*), runtime, compile(*), runtime(*), master" position="40">
				<license name="The Apache Software License, Version 2.0" url="http://www.apache.org/licenses/LICENSE-2.0.txt"/>
				<metadata-artifact status="no" details="" size="5677" time="0" location="/Users/andrewsmith/lib/play-2.1.0/framework/../repository/cache/org.avaje.ebeanorm/avaje-ebeanorm-server/ivy-3.1.2.xml" searched="false" origin-is-local="true" origin-location="/Users/andrewsmith/lib/play-2.1.0/repository/local/org.avaje.ebeanorm/avaje-ebeanorm-server/3.1.2/ivys/ivy.xml"/>
				<caller organisation="org.avaje.ebeanorm" name="avaje-ebeanorm" conf="default, compile, runtime, master" rev="3.1.2" rev-constraint-default="3.1.2" rev-constraint-dynamic="3.1.2" callerrev="3.1.2"/>
				<artifacts>
					<artifact name="avaje-ebeanorm-server" type="jar" ext="jar" status="no" details="" size="1458306" time="0" location="/Users/andrewsmith/lib/play-2.1.0/repository/local/org.avaje.ebeanorm/avaje-ebeanorm-server/3.1.2/jars/avaje-ebeanorm-server.jar">
						<origin-location is-local="true" location="/Users/andrewsmith/lib/play-2.1.0/repository/local/org.avaje.ebeanorm/avaje-ebeanorm-server/3.1.2/jars/avaje-ebeanorm-server.jar"/>
					</artifact>
				</artifacts>
			</revision>
		</module>
		<module organisation="org.avaje.ebeanorm" name="avaje-ebeanorm-api">
			<revision name="3.1.1" status="release" pubdate="20121011011107" resolver="local" artresolver="local" homepage="http://www.avaje.org" downloaded="false" searched="false" default="false" conf="compile, master(*), runtime, compile(*), runtime(*), master" position="38">
				<license name="The Apache Software License, Version 2.0" url="http://www.apache.org/licenses/LICENSE-2.0.txt"/>
				<metadata-artifact status="no" details="" size="5033" time="0" location="/Users/andrewsmith/lib/play-2.1.0/framework/../repository/cache/org.avaje.ebeanorm/avaje-ebeanorm-api/ivy-3.1.1.xml" searched="false" origin-is-local="true" origin-location="/Users/andrewsmith/lib/play-2.1.0/repository/local/org.avaje.ebeanorm/avaje-ebeanorm-api/3.1.1/ivys/ivy.xml"/>
				<caller organisation="org.avaje.ebeanorm" name="avaje-ebeanorm-server" conf="compile, runtime" rev="3.1.1" rev-constraint-default="3.1.1" rev-constraint-dynamic="3.1.1" callerrev="3.1.2"/>
				<caller organisation="org.avaje.ebeanorm" name="avaje-ebeanorm" conf="default, compile, runtime, master" rev="3.1.1" rev-constraint-default="3.1.1" rev-constraint-dynamic="3.1.1" callerrev="3.1.2"/>
				<artifacts>
					<artifact name="avaje-ebeanorm-api" type="jar" ext="jar" status="no" details="" size="289414" time="0" location="/Users/andrewsmith/lib/play-2.1.0/repository/local/org.avaje.ebeanorm/avaje-ebeanorm-api/3.1.1/jars/avaje-ebeanorm-api.jar">
						<origin-location is-local="true" location="/Users/andrewsmith/lib/play-2.1.0/repository/local/org.avaje.ebeanorm/avaje-ebeanorm-api/3.1.1/jars/avaje-ebeanorm-api.jar"/>
					</artifact>
				</artifacts>
			</revision>
		</module>
		<module organisation="org.avaje.ebeanorm" name="avaje-ebeanorm-agent">
			<revision name="3.1.1" status="release" pubdate="20121010204511" resolver="local" artresolver="local" homepage="http://www.avaje.org" downloaded="false" searched="true" default="false" conf="compile, master(*), runtime, compile(*), runtime(*), master" position="39">
				<license name="The Apache Software License, Version 2.0" url="http://www.apache.org/licenses/LICENSE-2.0.txt"/>
				<metadata-artifact status="no" details="" size="4595" time="0" location="/Users/andrewsmith/lib/play-2.1.0/framework/../repository/cache/org.avaje.ebeanorm/avaje-ebeanorm-agent/ivy-3.1.1.xml" searched="true" origin-is-local="true" origin-location="/Users/andrewsmith/lib/play-2.1.0/repository/local/org.avaje.ebeanorm/avaje-ebeanorm-agent/3.1.1/ivys/ivy.xml"/>
				<caller organisation="org.avaje.ebeanorm" name="avaje-ebeanorm-server" conf="compile, runtime" rev="3.1.1" rev-constraint-default="3.1.1" rev-constraint-dynamic="3.1.1" callerrev="3.1.2"/>
				<caller organisation="org.avaje.ebeanorm" name="avaje-ebeanorm-api" conf="compile, runtime" rev="[3.1,4)" rev-constraint-default="[3.1,4)" rev-constraint-dynamic="[3.1,4)" callerrev="3.1.1"/>
				<artifacts>
					<artifact name="avaje-ebeanorm-agent" type="jar" ext="jar" status="no" details="" size="182605" time="0" location="/Users/andrewsmith/lib/play-2.1.0/repository/local/org.avaje.ebeanorm/avaje-ebeanorm-agent/3.1.1/jars/avaje-ebeanorm-agent.jar">
						<origin-location is-local="true" location="/Users/andrewsmith/lib/play-2.1.0/repository/local/org.avaje.ebeanorm/avaje-ebeanorm-agent/3.1.1/jars/avaje-ebeanorm-agent.jar"/>
					</artifact>
				</artifacts>
			</revision>
		</module>
		<module organisation="com.google.javascript" name="closure-compiler">
			<revision name="rr2079.1" status="release" pubdate="20121010205608" resolver="local" artresolver="local" homepage="http://code.google.com/p/closure-compiler/" downloaded="false" searched="false" default="false" conf="default(compile), default, compile, runtime, master" position="35">
				<license name="The Apache Software License, Version 2.0" url="http://www.apache.org/licenses/LICENSE-2.0.html"/>
				<metadata-artifact status="no" details="" size="3975" time="0" location="/Users/andrewsmith/lib/play-2.1.0/framework/../repository/cache/com.google.javascript/closure-compiler/ivy-rr2079.1.xml" searched="false" origin-is-local="true" origin-location="/Users/andrewsmith/lib/play-2.1.0/repository/local/com.google.javascript/closure-compiler/rr2079.1/ivys/ivy.xml"/>
				<caller organisation="play" name="sbt-plugin" conf="compile" rev="rr2079.1" rev-constraint-default="rr2079.1" rev-constraint-dynamic="rr2079.1" callerrev="2.1.0"/>
				<artifacts>
					<artifact name="closure-compiler" type="jar" ext="jar" status="no" details="" size="3399207" time="0" location="/Users/andrewsmith/lib/play-2.1.0/repository/local/com.google.javascript/closure-compiler/rr2079.1/jars/closure-compiler.jar">
						<origin-location is-local="true" location="/Users/andrewsmith/lib/play-2.1.0/repository/local/com.google.javascript/closure-compiler/rr2079.1/jars/closure-compiler.jar"/>
					</artifact>
				</artifacts>
			</revision>
		</module>
		<module organisation="com.google.guava" name="guava">
			<revision name="10.0.1" status="release" pubdate="20121010203709" resolver="local" artresolver="local" homepage="" downloaded="false" searched="false" default="false" conf="default(compile), default, compile, runtime, master" position="36">
				<metadata-artifact status="no" details="" size="3825" time="0" location="/Users/andrewsmith/lib/play-2.1.0/framework/../repository/cache/com.google.guava/guava/ivy-10.0.1.xml" searched="false" origin-is-local="true" origin-location="/Users/andrewsmith/lib/play-2.1.0/repository/local/com.google.guava/guava/10.0.1/ivys/ivy.xml"/>
				<caller organisation="play" name="sbt-plugin" conf="compile" rev="10.0.1" rev-constraint-default="10.0.1" rev-constraint-dynamic="10.0.1" callerrev="2.1.0"/>
				<artifacts>
					<artifact name="guava" type="jar" ext="jar" status="no" details="" size="1501575" time="0" location="/Users/andrewsmith/lib/play-2.1.0/repository/local/com.google.guava/guava/10.0.1/jars/guava.jar">
						<origin-location is-local="true" location="/Users/andrewsmith/lib/play-2.1.0/repository/local/com.google.guava/guava/10.0.1/jars/guava.jar"/>
					</artifact>
				</artifacts>
			</revision>
		</module>
		<module organisation="rhino" name="js">
			<revision name="1.7R2" status="release" pubdate="20121010204201" resolver="local" artresolver="local" homepage="http://www.mozilla.org/rhino/" downloaded="false" searched="false" default="false" conf="default(compile), default, compile, runtime, master" position="34">
				<license name="Mozilla Public License" url="http://www.mozilla.org/MPL/MPL-1.1.html"/>
				<metadata-artifact status="no" details="" size="2457" time="0" location="/Users/andrewsmith/lib/play-2.1.0/framework/../repository/cache/rhino/js/ivy-1.7R2.xml" searched="false" origin-is-local="true" origin-location="/Users/andrewsmith/lib/play-2.1.0/repository/local/rhino/js/1.7R2/ivys/ivy.xml"/>
				<caller organisation="play" name="sbt-plugin" conf="compile" rev="1.7R2" rev-constraint-default="1.7R2" rev-constraint-dynamic="1.7R2" callerrev="2.1.0"/>
				<artifacts>
					<artifact name="js" type="jar" ext="jar" status="no" details="" size="871260" time="0" location="/Users/andrewsmith/lib/play-2.1.0/repository/local/rhino/js/1.7R2/jars/js.jar">
						<origin-location is-local="true" location="/Users/andrewsmith/lib/play-2.1.0/repository/local/rhino/js/1.7R2/jars/js.jar"/>
					</artifact>
				</artifacts>
			</revision>
		</module>
		<module organisation="com.typesafe" name="config">
			<revision name="1.0.0" status="release" pubdate="20121015020115" resolver="local" artresolver="local" homepage="https://github.com/typesafehub/config" downloaded="false" searched="false" default="false" conf="default(compile), default, compile, runtime, master" position="33">
				<license name="Apache License, Version 2.0" url="http://www.apache.org/licenses/LICENSE-2.0"/>
				<metadata-artifact status="no" details="" size="2714" time="0" location="/Users/andrewsmith/lib/play-2.1.0/framework/../repository/cache/com.typesafe/config/ivy-1.0.0.xml" searched="false" origin-is-local="true" origin-location="/Users/andrewsmith/lib/play-2.1.0/repository/local/com.typesafe/config/1.0.0/ivys/ivy.xml"/>
				<caller organisation="play" name="sbt-plugin" conf="compile" rev="1.0.0" rev-constraint-default="1.0.0" rev-constraint-dynamic="1.0.0" callerrev="2.1.0"/>
				<artifacts>
					<artifact name="config" type="bundle" ext="jar" status="no" details="" size="185676" time="0" location="/Users/andrewsmith/lib/play-2.1.0/repository/local/com.typesafe/config/1.0.0/bundles/config.jar">
						<origin-location is-local="true" location="/Users/andrewsmith/lib/play-2.1.0/repository/local/com.typesafe/config/1.0.0/bundles/config.jar"/>
					</artifact>
				</artifacts>
			</revision>
		</module>
		<module organisation="play" name="console_2.9.2">
			<revision name="2.1.0" status="release" pubdate="20130204133128" resolver="local" artresolver="local" downloaded="false" searched="false" default="false" conf="default(compile), compile" position="11">
				<metadata-artifact status="no" details="" size="1735" time="0" location="/Users/andrewsmith/lib/play-2.1.0/framework/../repository/cache/play/console_2.9.2/ivy-2.1.0.xml" searched="false" origin-is-local="true" origin-location="/Users/andrewsmith/lib/play-2.1.0/repository/local/play/console_2.9.2/2.1.0/ivys/ivy.xml"/>
				<caller organisation="play" name="sbt-plugin" conf="compile" rev="2.1.0" rev-constraint-default="2.1.0" rev-constraint-dynamic="2.1.0" callerrev="2.1.0"/>
				<artifacts>
					<artifact name="console_2.9.2" type="jar" ext="jar" status="no" details="" size="46495" time="0" location="/Users/andrewsmith/lib/play-2.1.0/repository/local/play/console_2.9.2/2.1.0/jars/console_2.9.2.jar">
						<origin-location is-local="true" location="/Users/andrewsmith/lib/play-2.1.0/repository/local/play/console_2.9.2/2.1.0/jars/console_2.9.2.jar"/>
					</artifact>
				</artifacts>
			</revision>
		</module>
		<module organisation="net.databinder.giter8" name="giter8_2.9.1">
			<revision name="0.5.0" status="release" pubdate="20121011010944" resolver="local" artresolver="local" homepage="https://github.com/n8han/giter8" downloaded="false" searched="false" default="false" conf="default(compile), default, compile, runtime, master" position="12">
				<license name="LGPL v3" url="http://www.gnu.org/licenses/lgpl.txt"/>
				<metadata-artifact status="no" details="" size="3311" time="0" location="/Users/andrewsmith/lib/play-2.1.0/framework/../repository/cache/net.databinder.giter8/giter8_2.9.1/ivy-0.5.0.xml" searched="false" origin-is-local="true" origin-location="/Users/andrewsmith/lib/play-2.1.0/repository/local/net.databinder.giter8/giter8_2.9.1/0.5.0/ivys/ivy.xml"/>
				<caller organisation="play" name="console_2.9.2" conf="compile" rev="0.5.0" rev-constraint-default="0.5.0" rev-constraint-dynamic="0.5.0" callerrev="2.1.0"/>
				<artifacts>
					<artifact name="giter8_2.9.1" type="jar" ext="jar" status="no" details="" size="25203" time="0" location="/Users/andrewsmith/lib/play-2.1.0/repository/local/net.databinder.giter8/giter8_2.9.1/0.5.0/jars/giter8_2.9.1.jar">
						<origin-location is-local="true" location="/Users/andrewsmith/lib/play-2.1.0/repository/local/net.databinder.giter8/giter8_2.9.1/0.5.0/jars/giter8_2.9.1.jar"/>
					</artifact>
				</artifacts>
			</revision>
		</module>
		<module organisation="com.github.scala-incubator.io" name="scala-io-file_2.9.1">
			<revision name="0.4.0-seq" status="release" pubdate="20121011020735" resolver="local" artresolver="local" homepage="http://jesseeichar.github.com/scala-io-doc/index.html" downloaded="false" searched="false" default="false" conf="compile, master(*), runtime, compile(*), runtime(*), master" position="31">
				<license name="Scala License" url="http://www.scala-lang.org/node/146"/>
				<metadata-artifact status="no" details="" size="2834" time="0" location="/Users/andrewsmith/lib/play-2.1.0/framework/../repository/cache/com.github.scala-incubator.io/scala-io-file_2.9.1/ivy-0.4.0-seq.xml" searched="false" origin-is-local="true" origin-location="/Users/andrewsmith/lib/play-2.1.0/repository/local/com.github.scala-incubator.io/scala-io-file_2.9.1/0.4.0-seq/ivys/ivy.xml"/>
				<caller organisation="net.databinder.giter8" name="giter8_2.9.1" conf="default, compile, runtime, master" rev="0.4.0-seq" rev-constraint-default="0.4.0-seq" rev-constraint-dynamic="0.4.0-seq" callerrev="0.5.0"/>
				<artifacts>
					<artifact name="scala-io-file_2.9.1" type="jar" ext="jar" status="no" details="" size="387664" time="0" location="/Users/andrewsmith/lib/play-2.1.0/repository/local/com.github.scala-incubator.io/scala-io-file_2.9.1/0.4.0-seq/jars/scala-io-file_2.9.1.jar">
						<origin-location is-local="true" location="/Users/andrewsmith/lib/play-2.1.0/repository/local/com.github.scala-incubator.io/scala-io-file_2.9.1/0.4.0-seq/jars/scala-io-file_2.9.1.jar"/>
					</artifact>
				</artifacts>
			</revision>
		</module>
		<module organisation="com.github.scala-incubator.io" name="scala-io-core_2.9.1">
			<revision name="0.4.0-seq" status="release" pubdate="20121011020737" resolver="local" artresolver="local" homepage="http://jesseeichar.github.com/scala-io-doc/index.html" downloaded="false" searched="false" default="false" conf="compile, master(*), runtime, compile(*), runtime(*), master" position="32">
				<license name="Scala License" url="http://www.scala-lang.org/node/146"/>
				<metadata-artifact status="no" details="" size="2824" time="0" location="/Users/andrewsmith/lib/play-2.1.0/framework/../repository/cache/com.github.scala-incubator.io/scala-io-core_2.9.1/ivy-0.4.0-seq.xml" searched="false" origin-is-local="true" origin-location="/Users/andrewsmith/lib/play-2.1.0/repository/local/com.github.scala-incubator.io/scala-io-core_2.9.1/0.4.0-seq/ivys/ivy.xml"/>
				<caller organisation="com.github.scala-incubator.io" name="scala-io-file_2.9.1" conf="compile, runtime" rev="0.4.0-seq" rev-constraint-default="0.4.0-seq" rev-constraint-dynamic="0.4.0-seq" callerrev="0.4.0-seq"/>
				<artifacts>
					<artifact name="scala-io-core_2.9.1" type="jar" ext="jar" status="no" details="" size="1341626" time="0" location="/Users/andrewsmith/lib/play-2.1.0/repository/local/com.github.scala-incubator.io/scala-io-core_2.9.1/0.4.0-seq/jars/scala-io-core_2.9.1.jar">
						<origin-location is-local="true" location="/Users/andrewsmith/lib/play-2.1.0/repository/local/com.github.scala-incubator.io/scala-io-core_2.9.1/0.4.0-seq/jars/scala-io-core_2.9.1.jar"/>
					</artifact>
				</artifacts>
			</revision>
		</module>
		<module organisation="org.eclipse.jgit" name="org.eclipse.jgit">
			<revision name="1.3.0.201202151440-r" status="release" pubdate="20121011011046" resolver="local" artresolver="local" homepage="" downloaded="false" searched="false" default="false" conf="compile, master(*), runtime, compile(*), runtime(*), master" position="30">
				<metadata-artifact status="no" details="" size="5634" time="0" location="/Users/andrewsmith/lib/play-2.1.0/framework/../repository/cache/org.eclipse.jgit/org.eclipse.jgit/ivy-1.3.0.201202151440-r.xml" searched="false" origin-is-local="true" origin-location="/Users/andrewsmith/lib/play-2.1.0/repository/local/org.eclipse.jgit/org.eclipse.jgit/1.3.0.201202151440-r/ivys/ivy.xml"/>
				<caller organisation="net.databinder.giter8" name="giter8_2.9.1" conf="default, compile, runtime, master" rev="1.3.0.201202151440-r" rev-constraint-default="1.3.0.201202151440-r" rev-constraint-dynamic="1.3.0.201202151440-r" callerrev="0.5.0"/>
				<artifacts>
					<artifact name="org.eclipse.jgit" type="jar" ext="jar" status="no" details="" size="1531924" time="0" location="/Users/andrewsmith/lib/play-2.1.0/repository/local/org.eclipse.jgit/org.eclipse.jgit/1.3.0.201202151440-r/jars/org.eclipse.jgit.jar">
						<origin-location is-local="true" location="/Users/andrewsmith/lib/play-2.1.0/repository/local/org.eclipse.jgit/org.eclipse.jgit/1.3.0.201202151440-r/jars/org.eclipse.jgit.jar"/>
					</artifact>
				</artifacts>
			</revision>
		</module>
		<module organisation="com.jcraft" name="jsch">
			<revision name="0.1.44-1" status="release" pubdate="20121010220458" resolver="local" artresolver="local" evicted="latest-revision" evicted-reason="" homepage="http://www.jcraft.com/jsch/" downloaded="false" searched="false" default="false" conf="compile, master(*), runtime, compile(*), runtime(*), master" position="-1">
				<license name="Revised BSD" url="http://www.jcraft.com/jsch/LICENSE.txt"/>
				<metadata-artifact status="no" details="" size="3194" time="0" location="/Users/andrewsmith/lib/play-2.1.0/framework/../repository/cache/com.jcraft/jsch/ivy-0.1.44-1.xml" searched="false" origin-is-local="true" origin-location="/Users/andrewsmith/lib/play-2.1.0/repository/local/com.jcraft/jsch/0.1.44-1/ivys/ivy.xml"/>
				<evicted-by rev="0.1.46"/>
				<caller organisation="org.eclipse.jgit" name="org.eclipse.jgit" conf="compile, runtime" rev="0.1.44-1" rev-constraint-default="0.1.44-1" rev-constraint-dynamic="0.1.44-1" callerrev="1.3.0.201202151440-r"/>
				<artifacts>
				</artifacts>
			</revision>
			<revision name="0.1.46" status="release" pubdate="20120202013927" resolver="local" artresolver="local" homepage="http://www.jcraft.com/jsch/" downloaded="false" searched="false" default="false" conf="default(compile), default, compile, runtime, master, master(*), compile(*), runtime(*)" position="79">
				<license name="Revised BSD" url="http://www.jcraft.com/jsch/LICENSE.txt"/>
				<metadata-artifact status="no" details="" size="3192" time="0" location="/Users/andrewsmith/lib/play-2.1.0/framework/../repository/cache/com.jcraft/jsch/ivy-0.1.46.xml" searched="false" origin-is-local="true" origin-location="/Users/andrewsmith/lib/play-2.1.0/repository/local/com.jcraft/jsch/0.1.46/ivys/ivy.xml"/>
				<caller organisation="org.eclipse.jgit" name="org.eclipse.jgit" conf="compile, runtime" rev="0.1.44-1" rev-constraint-default="0.1.44-1" rev-constraint-dynamic="0.1.44-1" callerrev="1.3.0.201202151440-r"/>
				<caller organisation="org.scala-sbt" name="ivy" conf="compile" rev="0.1.46" rev-constraint-default="0.1.46" rev-constraint-dynamic="0.1.46" callerrev="0.12.2"/>
				<artifacts>
					<artifact name="jsch" type="jar" ext="jar" status="no" details="" size="225751" time="0" location="/Users/andrewsmith/lib/play-2.1.0/repository/local/com.jcraft/jsch/0.1.46/jars/jsch.jar">
						<origin-location is-local="true" location="/Users/andrewsmith/lib/play-2.1.0/repository/local/com.jcraft/jsch/0.1.46/jars/jsch.jar"/>
					</artifact>
				</artifacts>
			</revision>
		</module>
		<module organisation="net.databinder.giter8" name="giter8-lib_2.9.1">
			<revision name="0.5.0" status="release" pubdate="20121011010948" resolver="local" artresolver="local" homepage="https://github.com/n8han/giter8" downloaded="false" searched="false" default="false" conf="compile, master(*), runtime, compile(*), runtime(*), master" position="13">
				<license name="LGPL v3" url="http://www.gnu.org/licenses/lgpl.txt"/>
				<metadata-artifact status="no" details="" size="2802" time="0" location="/Users/andrewsmith/lib/play-2.1.0/framework/../repository/cache/net.databinder.giter8/giter8-lib_2.9.1/ivy-0.5.0.xml" searched="false" origin-is-local="true" origin-location="/Users/andrewsmith/lib/play-2.1.0/repository/local/net.databinder.giter8/giter8-lib_2.9.1/0.5.0/ivys/ivy.xml"/>
				<caller organisation="net.databinder.giter8" name="giter8_2.9.1" conf="default, compile, runtime, master" rev="0.5.0" rev-constraint-default="0.5.0" rev-constraint-dynamic="0.5.0" callerrev="0.5.0"/>
				<artifacts>
					<artifact name="giter8-lib_2.9.1" type="jar" ext="jar" status="no" details="" size="84352" time="0" location="/Users/andrewsmith/lib/play-2.1.0/repository/local/net.databinder.giter8/giter8-lib_2.9.1/0.5.0/jars/giter8-lib_2.9.1.jar">
						<origin-location is-local="true" location="/Users/andrewsmith/lib/play-2.1.0/repository/local/net.databinder.giter8/giter8-lib_2.9.1/0.5.0/jars/giter8-lib_2.9.1.jar"/>
					</artifact>
				</artifacts>
			</revision>
		</module>
		<module organisation="me.lessis" name="ls_2.9.1">
			<revision name="0.1.2-RC2" status="release" pubdate="20121011011022" resolver="local" artresolver="local" homepage="http://ls.implicit.ly/" downloaded="false" searched="false" default="false" conf="compile, master(*), runtime, compile(*), runtime(*), master" position="22">
				<license name="MIT" url="http://www.opensource.org/licenses/MIT"/>
				<metadata-artifact status="no" details="" size="2610" time="0" location="/Users/andrewsmith/lib/play-2.1.0/framework/../repository/cache/me.lessis/ls_2.9.1/ivy-0.1.2-RC2.xml" searched="false" origin-is-local="true" origin-location="/Users/andrewsmith/lib/play-2.1.0/repository/local/me.lessis/ls_2.9.1/0.1.2-RC2/ivys/ivy.xml"/>
				<caller organisation="net.databinder.giter8" name="giter8-lib_2.9.1" conf="compile, runtime" rev="0.1.2-RC2" rev-constraint-default="0.1.2-RC2" rev-constraint-dynamic="0.1.2-RC2" callerrev="0.5.0"/>
				<artifacts>
					<artifact name="ls_2.9.1" type="jar" ext="jar" status="no" details="" size="62978" time="0" location="/Users/andrewsmith/lib/play-2.1.0/repository/local/me.lessis/ls_2.9.1/0.1.2-RC2/jars/ls_2.9.1.jar">
						<origin-location is-local="true" location="/Users/andrewsmith/lib/play-2.1.0/repository/local/me.lessis/ls_2.9.1/0.1.2-RC2/jars/ls_2.9.1.jar"/>
					</artifact>
				</artifacts>
			</revision>
		</module>
		<module organisation="net.databinder" name="dispatch-http_2.9.1">
			<revision name="0.8.6" status="release" pubdate="20121011011025" resolver="local" artresolver="local" homepage="" downloaded="false" searched="false" default="false" conf="compile, master(*), runtime, compile(*), runtime(*), master" position="23">
				<metadata-artifact status="no" details="" size="2974" time="0" location="/Users/andrewsmith/lib/play-2.1.0/framework/../repository/cache/net.databinder/dispatch-http_2.9.1/ivy-0.8.6.xml" searched="false" origin-is-local="true" origin-location="/Users/andrewsmith/lib/play-2.1.0/repository/local/net.databinder/dispatch-http_2.9.1/0.8.6/ivys/ivy.xml"/>
				<caller organisation="me.lessis" name="ls_2.9.1" conf="compile, runtime" rev="0.8.6" rev-constraint-default="0.8.6" rev-constraint-dynamic="0.8.6" callerrev="0.1.2-RC2"/>
				<artifacts>
					<artifact name="dispatch-http_2.9.1" type="jar" ext="jar" status="no" details="" size="32576" time="0" location="/Users/andrewsmith/lib/play-2.1.0/repository/local/net.databinder/dispatch-http_2.9.1/0.8.6/jars/dispatch-http_2.9.1.jar">
						<origin-location is-local="true" location="/Users/andrewsmith/lib/play-2.1.0/repository/local/net.databinder/dispatch-http_2.9.1/0.8.6/jars/dispatch-http_2.9.1.jar"/>
					</artifact>
				</artifacts>
			</revision>
		</module>
		<module organisation="net.databinder" name="dispatch-futures_2.9.1">
			<revision name="0.8.6" status="release" pubdate="20121011011043" resolver="local" artresolver="local" homepage="" downloaded="false" searched="false" default="false" conf="compile, master(*), runtime, compile(*), runtime(*), master" position="29">
				<metadata-artifact status="no" details="" size="2688" time="0" location="/Users/andrewsmith/lib/play-2.1.0/framework/../repository/cache/net.databinder/dispatch-futures_2.9.1/ivy-0.8.6.xml" searched="false" origin-is-local="true" origin-location="/Users/andrewsmith/lib/play-2.1.0/repository/local/net.databinder/dispatch-futures_2.9.1/0.8.6/ivys/ivy.xml"/>
				<caller organisation="net.databinder" name="dispatch-http_2.9.1" conf="compile, runtime" rev="0.8.6" rev-constraint-default="0.8.6" rev-constraint-dynamic="0.8.6" callerrev="0.8.6"/>
				<artifacts>
					<artifact name="dispatch-futures_2.9.1" type="jar" ext="jar" status="no" details="" size="13279" time="0" location="/Users/andrewsmith/lib/play-2.1.0/repository/local/net.databinder/dispatch-futures_2.9.1/0.8.6/jars/dispatch-futures_2.9.1.jar">
						<origin-location is-local="true" location="/Users/andrewsmith/lib/play-2.1.0/repository/local/net.databinder/dispatch-futures_2.9.1/0.8.6/jars/dispatch-futures_2.9.1.jar"/>
					</artifact>
				</artifacts>
			</revision>
		</module>
		<module organisation="net.databinder" name="dispatch-core_2.9.1">
			<revision name="0.8.6" status="release" pubdate="20121011011028" resolver="local" artresolver="local" homepage="" downloaded="false" searched="false" default="false" conf="compile, master(*), runtime, compile(*), runtime(*), master" position="24">
				<metadata-artifact status="no" details="" size="2679" time="0" location="/Users/andrewsmith/lib/play-2.1.0/framework/../repository/cache/net.databinder/dispatch-core_2.9.1/ivy-0.8.6.xml" searched="false" origin-is-local="true" origin-location="/Users/andrewsmith/lib/play-2.1.0/repository/local/net.databinder/dispatch-core_2.9.1/0.8.6/ivys/ivy.xml"/>
				<caller organisation="net.databinder" name="dispatch-http_2.9.1" conf="compile, runtime" rev="0.8.6" rev-constraint-default="0.8.6" rev-constraint-dynamic="0.8.6" callerrev="0.8.6"/>
				<artifacts>
					<artifact name="dispatch-core_2.9.1" type="jar" ext="jar" status="no" details="" size="119176" time="0" location="/Users/andrewsmith/lib/play-2.1.0/repository/local/net.databinder/dispatch-core_2.9.1/0.8.6/jars/dispatch-core_2.9.1.jar">
						<origin-location is-local="true" location="/Users/andrewsmith/lib/play-2.1.0/repository/local/net.databinder/dispatch-core_2.9.1/0.8.6/jars/dispatch-core_2.9.1.jar"/>
					</artifact>
				</artifacts>
			</revision>
		</module>
		<module organisation="org.apache.httpcomponents" name="httpclient">
			<revision name="4.1.2" status="release" pubdate="20110729110203" resolver="local" artresolver="local" homepage="http://hc.apache.org/httpcomponents-client" downloaded="false" searched="false" default="false" conf="compile, master(*), runtime, compile(*), runtime(*), master" position="25">
				<metadata-artifact status="no" details="" size="5563" time="0" location="/Users/andrewsmith/lib/play-2.1.0/framework/../repository/cache/org.apache.httpcomponents/httpclient/ivy-4.1.2.xml" searched="false" origin-is-local="true" origin-location="/Users/andrewsmith/lib/play-2.1.0/repository/local/org.apache.httpcomponents/httpclient/4.1.2/ivys/ivy.xml"/>
				<caller organisation="net.databinder" name="dispatch-futures_2.9.1" conf="compile, runtime" rev="4.1.2" rev-constraint-default="4.1.2" rev-constraint-dynamic="4.1.2" callerrev="0.8.6"/>
				<caller organisation="net.databinder" name="dispatch-core_2.9.1" conf="compile, runtime" rev="4.1.2" rev-constraint-default="4.1.2" rev-constraint-dynamic="4.1.2" callerrev="0.8.6"/>
				<caller organisation="net.databinder" name="dispatch-http_2.9.1" conf="compile, runtime" rev="4.1.2" rev-constraint-default="4.1.2" rev-constraint-dynamic="4.1.2" callerrev="0.8.6"/>
				<artifacts>
					<artifact name="httpclient" type="jar" ext="jar" status="no" details="" size="352254" time="0" location="/Users/andrewsmith/lib/play-2.1.0/repository/local/org.apache.httpcomponents/httpclient/4.1.2/jars/httpclient.jar">
						<origin-location is-local="true" location="/Users/andrewsmith/lib/play-2.1.0/repository/local/org.apache.httpcomponents/httpclient/4.1.2/jars/httpclient.jar"/>
					</artifact>
				</artifacts>
			</revision>
		</module>
		<module organisation="commons-codec" name="commons-codec">
			<revision name="1.4" status="release" pubdate="20121010204425" resolver="local" artresolver="local" homepage="http://commons.apache.org/codec/" downloaded="false" searched="false" default="false" conf="compile, master(*), runtime, compile(*), runtime(*), master" position="28">
				<metadata-artifact status="no" details="" size="4974" time="0" location="/Users/andrewsmith/lib/play-2.1.0/framework/../repository/cache/commons-codec/commons-codec/ivy-1.4.xml" searched="false" origin-is-local="true" origin-location="/Users/andrewsmith/lib/play-2.1.0/repository/local/commons-codec/commons-codec/1.4/ivys/ivy.xml"/>
				<caller organisation="org.apache.httpcomponents" name="httpclient" conf="compile, runtime" rev="1.4" rev-constraint-default="1.4" rev-constraint-dynamic="1.4" callerrev="4.1.2"/>
				<caller organisation="commons-httpclient" name="commons-httpclient" conf="default, compile, runtime, master" rev="1.2" rev-constraint-default="1.2" rev-constraint-dynamic="1.2" callerrev="3.1"/>
				<artifacts>
					<artifact name="commons-codec" type="jar" ext="jar" status="no" details="" size="58160" time="0" location="/Users/andrewsmith/lib/play-2.1.0/repository/local/commons-codec/commons-codec/1.4/jars/commons-codec.jar">
						<origin-location is-local="true" location="/Users/andrewsmith/lib/play-2.1.0/repository/local/commons-codec/commons-codec/1.4/jars/commons-codec.jar"/>
					</artifact>
				</artifacts>
			</revision>
			<revision name="1.2" status="release" pubdate="20120823211527" resolver="local" artresolver="local" evicted="latest-revision" evicted-reason="" homepage="" downloaded="false" searched="false" default="false" conf="compile, master(*), runtime, compile(*), runtime(*), master" position="-1">
				<metadata-artifact status="no" details="" size="2527" time="0" location="/Users/andrewsmith/lib/play-2.1.0/framework/../repository/cache/commons-codec/commons-codec/ivy-1.2.xml" searched="false" origin-is-local="true" origin-location="/Users/andrewsmith/lib/play-2.1.0/repository/local/commons-codec/commons-codec/1.2/ivys/ivy.xml"/>
				<evicted-by rev="1.4"/>
				<caller organisation="commons-httpclient" name="commons-httpclient" conf="default, compile, runtime, master" rev="1.2" rev-constraint-default="1.2" rev-constraint-dynamic="1.2" callerrev="3.1"/>
				<artifacts>
				</artifacts>
			</revision>
		</module>
		<module organisation="commons-logging" name="commons-logging">
			<revision name="1.1.1" status="release" pubdate="20071126092410" resolver="local" artresolver="local" homepage="http://commons.apache.org/logging" downloaded="false" searched="false" default="false" conf="compile, master(*), runtime, compile(*), runtime(*), master" position="27">
				<metadata-artifact status="no" details="" size="3931" time="0" location="/Users/andrewsmith/lib/play-2.1.0/framework/../repository/cache/commons-logging/commons-logging/ivy-1.1.1.xml" searched="false" origin-is-local="true" origin-location="/Users/andrewsmith/lib/play-2.1.0/repository/local/commons-logging/commons-logging/1.1.1/ivys/ivy.xml"/>
				<caller organisation="org.apache.httpcomponents" name="httpclient" conf="compile, runtime" rev="1.1.1" rev-constraint-default="1.1.1" rev-constraint-dynamic="1.1.1" callerrev="4.1.2"/>
				<caller organisation="commons-httpclient" name="commons-httpclient" conf="default, compile, runtime, master" rev="1.0.4" rev-constraint-default="1.0.4" rev-constraint-dynamic="1.0.4" callerrev="3.1"/>
				<artifacts>
					<artifact name="commons-logging" type="jar" ext="jar" status="no" details="" size="60686" time="0" location="/Users/andrewsmith/lib/play-2.1.0/repository/local/commons-logging/commons-logging/1.1.1/jars/commons-logging.jar">
						<origin-location is-local="true" location="/Users/andrewsmith/lib/play-2.1.0/repository/local/commons-logging/commons-logging/1.1.1/jars/commons-logging.jar"/>
					</artifact>
				</artifacts>
			</revision>
			<revision name="1.0.4" status="release" pubdate="20120823211527" resolver="local" artresolver="local" evicted="latest-revision" evicted-reason="" homepage="http://jakarta.apache.org/commons/logging/" downloaded="false" searched="false" default="false" conf="compile, master(*), runtime, compile(*), runtime(*), master" position="-1">
				<license name="The Apache Software License, Version 2.0" url="/LICENSE.txt"/>
				<metadata-artifact status="no" details="" size="2980" time="0" location="/Users/andrewsmith/lib/play-2.1.0/framework/../repository/cache/commons-logging/commons-logging/ivy-1.0.4.xml" searched="false" origin-is-local="true" origin-location="/Users/andrewsmith/lib/play-2.1.0/repository/local/commons-logging/commons-logging/1.0.4/ivys/ivy.xml"/>
				<evicted-by rev="1.1.1"/>
				<caller organisation="commons-httpclient" name="commons-httpclient" conf="default, compile, runtime, master" rev="1.0.4" rev-constraint-default="1.0.4" rev-constraint-dynamic="1.0.4" callerrev="3.1"/>
				<artifacts>
				</artifacts>
			</revision>
		</module>
		<module organisation="org.apache.httpcomponents" name="httpcore">
			<revision name="4.1.2" status="release" pubdate="20121010205722" resolver="local" artresolver="local" homepage="http://hc.apache.org/httpcomponents-core-ga" downloaded="false" searched="false" default="false" conf="compile, master(*), runtime, compile(*), runtime(*), master" position="26">
				<metadata-artifact status="no" details="" size="4665" time="0" location="/Users/andrewsmith/lib/play-2.1.0/framework/../repository/cache/org.apache.httpcomponents/httpcore/ivy-4.1.2.xml" searched="false" origin-is-local="true" origin-location="/Users/andrewsmith/lib/play-2.1.0/repository/local/org.apache.httpcomponents/httpcore/4.1.2/ivys/ivy.xml"/>
				<caller organisation="org.apache.httpcomponents" name="httpclient" conf="compile, runtime" rev="4.1.2" rev-constraint-default="4.1.2" rev-constraint-dynamic="4.1.2" callerrev="4.1.2"/>
				<artifacts>
					<artifact name="httpcore" type="jar" ext="jar" status="no" details="" size="181200" time="0" location="/Users/andrewsmith/lib/play-2.1.0/repository/local/org.apache.httpcomponents/httpcore/4.1.2/jars/httpcore.jar">
						<origin-location is-local="true" location="/Users/andrewsmith/lib/play-2.1.0/repository/local/org.apache.httpcomponents/httpcore/4.1.2/jars/httpcore.jar"/>
					</artifact>
				</artifacts>
			</revision>
		</module>
		<module organisation="org.clapper" name="scalasti_2.9.1">
			<revision name="0.5.5" status="release" pubdate="20121011010950" resolver="local" artresolver="local" homepage="" downloaded="false" searched="false" default="false" conf="compile, master(*), runtime, compile(*), runtime(*), master" position="14">
				<metadata-artifact status="no" details="" size="2901" time="0" location="/Users/andrewsmith/lib/play-2.1.0/framework/../repository/cache/org.clapper/scalasti_2.9.1/ivy-0.5.5.xml" searched="false" origin-is-local="true" origin-location="/Users/andrewsmith/lib/play-2.1.0/repository/local/org.clapper/scalasti_2.9.1/0.5.5/ivys/ivy.xml"/>
				<caller organisation="net.databinder.giter8" name="giter8-lib_2.9.1" conf="compile, runtime" rev="0.5.5" rev-constraint-default="0.5.5" rev-constraint-dynamic="0.5.5" callerrev="0.5.0"/>
				<caller organisation="net.databinder.giter8" name="giter8_2.9.1" conf="default, compile, runtime, master" rev="0.5.5" rev-constraint-default="0.5.5" rev-constraint-dynamic="0.5.5" callerrev="0.5.0"/>
				<artifacts>
					<artifact name="scalasti_2.9.1" type="jar" ext="jar" status="no" details="" size="18400" time="0" location="/Users/andrewsmith/lib/play-2.1.0/repository/local/org.clapper/scalasti_2.9.1/0.5.5/jars/scalasti_2.9.1.jar">
						<origin-location is-local="true" location="/Users/andrewsmith/lib/play-2.1.0/repository/local/org.clapper/scalasti_2.9.1/0.5.5/jars/scalasti_2.9.1.jar"/>
					</artifact>
				</artifacts>
			</revision>
		</module>
		<module organisation="org.antlr" name="stringtemplate">
			<revision name="3.2.1" status="release" pubdate="20121011005859" resolver="local" artresolver="local" homepage="http://www.stringtemplate.org" downloaded="false" searched="false" default="false" conf="compile, master(*), runtime, compile(*), runtime(*), master" position="20">
				<license name="BSD licence" url="http://antlr.org/license.html"/>
				<metadata-artifact status="no" details="" size="3535" time="0" location="/Users/andrewsmith/lib/play-2.1.0/framework/../repository/cache/org.antlr/stringtemplate/ivy-3.2.1.xml" searched="false" origin-is-local="true" origin-location="/Users/andrewsmith/lib/play-2.1.0/repository/local/org.antlr/stringtemplate/3.2.1/ivys/ivy.xml"/>
				<caller organisation="org.clapper" name="scalasti_2.9.1" conf="compile, runtime" rev="3.2.1" rev-constraint-default="3.2.1" rev-constraint-dynamic="3.2.1" callerrev="0.5.5"/>
				<artifacts>
					<artifact name="stringtemplate" type="jar" ext="jar" status="no" details="" size="148627" time="0" location="/Users/andrewsmith/lib/play-2.1.0/repository/local/org.antlr/stringtemplate/3.2.1/jars/stringtemplate.jar">
						<origin-location is-local="true" location="/Users/andrewsmith/lib/play-2.1.0/repository/local/org.antlr/stringtemplate/3.2.1/jars/stringtemplate.jar"/>
					</artifact>
				</artifacts>
			</revision>
		</module>
		<module organisation="antlr" name="antlr">
			<revision name="2.7.7" status="release" pubdate="20121010203908" resolver="local" artresolver="local" homepage="http://www.antlr.org/" downloaded="false" searched="false" default="false" conf="compile, master(*), runtime, compile(*), runtime(*), master" position="21">
				<license name="BSD License" url="http://www.antlr.org/license.html"/>
				<metadata-artifact status="no" details="" size="2428" time="0" location="/Users/andrewsmith/lib/play-2.1.0/framework/../repository/cache/antlr/antlr/ivy-2.7.7.xml" searched="false" origin-is-local="true" origin-location="/Users/andrewsmith/lib/play-2.1.0/repository/local/antlr/antlr/2.7.7/ivys/ivy.xml"/>
				<caller organisation="org.antlr" name="stringtemplate" conf="compile, runtime" rev="2.7.7" rev-constraint-default="2.7.7" rev-constraint-dynamic="2.7.7" callerrev="3.2.1"/>
				<artifacts>
					<artifact name="antlr" type="jar" ext="jar" status="no" details="" size="445288" time="0" location="/Users/andrewsmith/lib/play-2.1.0/repository/local/antlr/antlr/2.7.7/jars/antlr.jar">
						<origin-location is-local="true" location="/Users/andrewsmith/lib/play-2.1.0/repository/local/antlr/antlr/2.7.7/jars/antlr.jar"/>
					</artifact>
				</artifacts>
			</revision>
		</module>
		<module organisation="org.clapper" name="classutil_2.9.1">
			<revision name="0.4.2" status="release" pubdate="20121011010957" resolver="local" artresolver="local" homepage="" downloaded="false" searched="false" default="false" conf="compile, master(*), runtime, compile(*), runtime(*), master" position="16">
				<metadata-artifact status="no" details="" size="3136" time="0" location="/Users/andrewsmith/lib/play-2.1.0/framework/../repository/cache/org.clapper/classutil_2.9.1/ivy-0.4.2.xml" searched="false" origin-is-local="true" origin-location="/Users/andrewsmith/lib/play-2.1.0/repository/local/org.clapper/classutil_2.9.1/0.4.2/ivys/ivy.xml"/>
				<caller organisation="org.clapper" name="scalasti_2.9.1" conf="compile, runtime" rev="0.4.2" rev-constraint-default="0.4.2" rev-constraint-dynamic="0.4.2" callerrev="0.5.5"/>
				<artifacts>
					<artifact name="classutil_2.9.1" type="jar" ext="jar" status="no" details="" size="99196" time="0" location="/Users/andrewsmith/lib/play-2.1.0/repository/local/org.clapper/classutil_2.9.1/0.4.2/jars/classutil_2.9.1.jar">
						<origin-location is-local="true" location="/Users/andrewsmith/lib/play-2.1.0/repository/local/org.clapper/classutil_2.9.1/0.4.2/jars/classutil_2.9.1.jar"/>
					</artifact>
				</artifacts>
			</revision>
		</module>
		<module organisation="org.clapper" name="grizzled-slf4j_2.9.1">
			<revision name="0.6.5" status="release" pubdate="20121011011012" resolver="local" artresolver="local" homepage="" downloaded="false" searched="false" default="false" conf="compile, master(*), runtime, compile(*), runtime(*), master" position="18">
				<metadata-artifact status="no" details="" size="2505" time="0" location="/Users/andrewsmith/lib/play-2.1.0/framework/../repository/cache/org.clapper/grizzled-slf4j_2.9.1/ivy-0.6.5.xml" searched="false" origin-is-local="true" origin-location="/Users/andrewsmith/lib/play-2.1.0/repository/local/org.clapper/grizzled-slf4j_2.9.1/0.6.5/ivys/ivy.xml"/>
				<caller organisation="org.clapper" name="classutil_2.9.1" conf="compile, runtime" rev="0.6.5" rev-constraint-default="0.6.5" rev-constraint-dynamic="0.6.5" callerrev="0.4.2"/>
				<artifacts>
					<artifact name="grizzled-slf4j_2.9.1" type="jar" ext="jar" status="no" details="" size="6095" time="0" location="/Users/andrewsmith/lib/play-2.1.0/repository/local/org.clapper/grizzled-slf4j_2.9.1/0.6.5/jars/grizzled-slf4j_2.9.1.jar">
						<origin-location is-local="true" location="/Users/andrewsmith/lib/play-2.1.0/repository/local/org.clapper/grizzled-slf4j_2.9.1/0.6.5/jars/grizzled-slf4j_2.9.1.jar"/>
					</artifact>
				</artifacts>
			</revision>
		</module>
		<module organisation="org.slf4j" name="slf4j-api">
			<revision name="1.6.2" status="release" pubdate="20121011011014" resolver="local" artresolver="local" homepage="http://www.slf4j.org" downloaded="false" searched="false" default="false" conf="compile, master(*), runtime, compile(*), runtime(*), master" position="19">
				<metadata-artifact status="no" details="" size="4123" time="0" location="/Users/andrewsmith/lib/play-2.1.0/framework/../repository/cache/org.slf4j/slf4j-api/ivy-1.6.2.xml" searched="false" origin-is-local="true" origin-location="/Users/andrewsmith/lib/play-2.1.0/repository/local/org.slf4j/slf4j-api/1.6.2/ivys/ivy.xml"/>
				<caller organisation="org.clapper" name="grizzled-slf4j_2.9.1" conf="compile, runtime" rev="1.6.2" rev-constraint-default="1.6.2" rev-constraint-dynamic="1.6.2" callerrev="0.6.5"/>
				<artifacts>
					<artifact name="slf4j-api" type="jar" ext="jar" status="no" details="" size="25689" time="0" location="/Users/andrewsmith/lib/play-2.1.0/repository/local/org.slf4j/slf4j-api/1.6.2/jars/slf4j-api.jar">
						<origin-location is-local="true" location="/Users/andrewsmith/lib/play-2.1.0/repository/local/org.slf4j/slf4j-api/1.6.2/jars/slf4j-api.jar"/>
					</artifact>
				</artifacts>
			</revision>
		</module>
		<module organisation="asm" name="asm-commons">
			<revision name="3.3" status="release" pubdate="20121011011004" resolver="local" artresolver="local" homepage="" downloaded="false" searched="false" default="false" conf="compile, master(*), runtime, compile(*), runtime(*), master" position="17">
				<metadata-artifact status="no" details="" size="3369" time="0" location="/Users/andrewsmith/lib/play-2.1.0/framework/../repository/cache/asm/asm-commons/ivy-3.3.xml" searched="false" origin-is-local="true" origin-location="/Users/andrewsmith/lib/play-2.1.0/repository/local/asm/asm-commons/3.3/ivys/ivy.xml"/>
				<caller organisation="org.clapper" name="classutil_2.9.1" conf="compile, runtime" rev="3.3" rev-constraint-default="3.3" rev-constraint-dynamic="3.3" callerrev="0.4.2"/>
				<artifacts>
					<artifact name="asm-commons" type="jar" ext="jar" status="no" details="" size="38275" time="0" location="/Users/andrewsmith/lib/play-2.1.0/repository/local/asm/asm-commons/3.3/jars/asm-commons.jar">
						<origin-location is-local="true" location="/Users/andrewsmith/lib/play-2.1.0/repository/local/asm/asm-commons/3.3/jars/asm-commons.jar"/>
					</artifact>
				</artifacts>
			</revision>
		</module>
		<module organisation="org.clapper" name="grizzled-scala_2.9.1">
			<revision name="1.0.8" status="release" pubdate="20121010213406" resolver="local" artresolver="local" homepage="" downloaded="false" searched="false" default="false" conf="compile, master(*), runtime, compile(*), runtime(*), master" position="15">
				<metadata-artifact status="no" details="" size="2618" time="0" location="/Users/andrewsmith/lib/play-2.1.0/framework/../repository/cache/org.clapper/grizzled-scala_2.9.1/ivy-1.0.8.xml" searched="false" origin-is-local="true" origin-location="/Users/andrewsmith/lib/play-2.1.0/repository/local/org.clapper/grizzled-scala_2.9.1/1.0.8/ivys/ivy.xml"/>
				<caller organisation="org.clapper" name="scalasti_2.9.1" conf="compile, runtime" rev="1.0.8" rev-constraint-default="1.0.8" rev-constraint-dynamic="1.0.8" callerrev="0.5.5"/>
				<caller organisation="org.clapper" name="classutil_2.9.1" conf="compile, runtime" rev="1.0.8" rev-constraint-default="1.0.8" rev-constraint-dynamic="1.0.8" callerrev="0.4.2"/>
				<artifacts>
					<artifact name="grizzled-scala_2.9.1" type="jar" ext="jar" status="no" details="" size="447996" time="0" location="/Users/andrewsmith/lib/play-2.1.0/repository/local/org.clapper/grizzled-scala_2.9.1/1.0.8/jars/grizzled-scala_2.9.1.jar">
						<origin-location is-local="true" location="/Users/andrewsmith/lib/play-2.1.0/repository/local/org.clapper/grizzled-scala_2.9.1/1.0.8/jars/grizzled-scala_2.9.1.jar"/>
					</artifact>
				</artifacts>
			</revision>
		</module>
		<module organisation="jline" name="jline">
			<revision name="0.9.94" status="release" pubdate="20121010212858" resolver="local" artresolver="local" evicted="latest-revision" evicted-reason="" homepage="http://jline.sourceforge.net" downloaded="false" searched="false" default="false" conf="compile, master(*), runtime, compile(*), runtime(*), master" position="-1">
				<license name="BSD" url="LICENSE.txt"/>
				<metadata-artifact status="no" details="" size="2825" time="0" location="/Users/andrewsmith/lib/play-2.1.0/framework/../repository/cache/jline/jline/ivy-0.9.94.xml" searched="false" origin-is-local="true" origin-location="/Users/andrewsmith/lib/play-2.1.0/repository/local/jline/jline/0.9.94/ivys/ivy.xml"/>
				<evicted-by rev="1.0"/>
				<caller organisation="org.clapper" name="grizzled-scala_2.9.1" conf="compile, runtime" rev="0.9.94" rev-constraint-default="0.9.94" rev-constraint-dynamic="0.9.94" callerrev="1.0.8"/>
				<artifacts>
				</artifacts>
			</revision>
			<revision name="1.0" status="release" pubdate="20111027145303" resolver="local" artresolver="local" homepage="http://jline.sourceforge.net" downloaded="false" searched="false" default="false" conf="default(compile), default, compile, runtime, master, master(*), compile(*), runtime(*)" position="66">
				<license name="BSD" url="LICENSE.txt"/>
				<metadata-artifact status="no" details="" size="3455" time="0" location="/Users/andrewsmith/lib/play-2.1.0/framework/../repository/cache/jline/jline/ivy-1.0.xml" searched="false" origin-is-local="true" origin-location="/Users/andrewsmith/lib/play-2.1.0/repository/local/jline/jline/1.0/ivys/ivy.xml"/>
				<caller organisation="org.scala-sbt" name="precompiled-2_10_0" conf="compile" rev="1.0" rev-constraint-default="1.0" rev-constraint-dynamic="1.0" callerrev="0.12.2"/>
				<caller organisation="org.scala-sbt" name="completion" conf="compile" rev="1.0" rev-constraint-default="1.0" rev-constraint-dynamic="1.0" callerrev="0.12.2"/>
				<caller organisation="org.scala-sbt" name="compiler-interface" conf="compile" rev="1.0" rev-constraint-default="1.0" rev-constraint-dynamic="1.0" callerrev="0.12.2"/>
				<caller organisation="org.scala-sbt" name="precompiled-2_8_2" conf="compile" rev="1.0" rev-constraint-default="1.0" rev-constraint-dynamic="1.0" callerrev="0.12.2"/>
				<caller organisation="org.clapper" name="grizzled-scala_2.9.1" conf="compile, runtime" rev="0.9.94" rev-constraint-default="0.9.94" rev-constraint-dynamic="0.9.94" callerrev="1.0.8"/>
				<artifacts>
					<artifact name="jline" type="jar" ext="jar" status="no" details="" size="91225" time="0" location="/Users/andrewsmith/lib/play-2.1.0/repository/local/jline/jline/1.0/jars/jline.jar">
						<origin-location is-local="true" location="/Users/andrewsmith/lib/play-2.1.0/repository/local/jline/jline/1.0/jars/jline.jar"/>
					</artifact>
				</artifacts>
			</revision>
		</module>
		<module organisation="play" name="templates-compiler_2.9.2">
			<revision name="2.1.0" status="release" pubdate="20130204133128" resolver="local" artresolver="local" downloaded="false" searched="false" default="false" conf="default(compile), compile" position="10">
				<metadata-artifact status="no" details="" size="1929" time="0" location="/Users/andrewsmith/lib/play-2.1.0/framework/../repository/cache/play/templates-compiler_2.9.2/ivy-2.1.0.xml" searched="false" origin-is-local="true" origin-location="/Users/andrewsmith/lib/play-2.1.0/repository/local/play/templates-compiler_2.9.2/2.1.0/ivys/ivy.xml"/>
				<caller organisation="play" name="sbt-plugin" conf="compile" rev="2.1.0" rev-constraint-default="2.1.0" rev-constraint-dynamic="2.1.0" callerrev="2.1.0"/>
				<artifacts>
					<artifact name="templates-compiler_2.9.2" type="jar" ext="jar" status="no" details="" size="327722" time="0" location="/Users/andrewsmith/lib/play-2.1.0/repository/local/play/templates-compiler_2.9.2/2.1.0/jars/templates-compiler_2.9.2.jar">
						<origin-location is-local="true" location="/Users/andrewsmith/lib/play-2.1.0/repository/local/play/templates-compiler_2.9.2/2.1.0/jars/templates-compiler_2.9.2.jar"/>
					</artifact>
				</artifacts>
			</revision>
		</module>
		<module organisation="play" name="routes-compiler_2.9.2">
			<revision name="2.1.0" status="release" pubdate="20130204133128" resolver="local" artresolver="local" downloaded="false" searched="false" default="false" conf="default(compile), compile" position="4">
				<metadata-artifact status="no" details="" size="1917" time="0" location="/Users/andrewsmith/lib/play-2.1.0/framework/../repository/cache/play/routes-compiler_2.9.2/ivy-2.1.0.xml" searched="false" origin-is-local="true" origin-location="/Users/andrewsmith/lib/play-2.1.0/repository/local/play/routes-compiler_2.9.2/2.1.0/ivys/ivy.xml"/>
				<caller organisation="play" name="sbt-plugin" conf="compile" rev="2.1.0" rev-constraint-default="2.1.0" rev-constraint-dynamic="2.1.0" callerrev="2.1.0"/>
				<artifacts>
					<artifact name="routes-compiler_2.9.2" type="jar" ext="jar" status="no" details="" size="431036" time="0" location="/Users/andrewsmith/lib/play-2.1.0/repository/local/play/routes-compiler_2.9.2/2.1.0/jars/routes-compiler_2.9.2.jar">
						<origin-location is-local="true" location="/Users/andrewsmith/lib/play-2.1.0/repository/local/play/routes-compiler_2.9.2/2.1.0/jars/routes-compiler_2.9.2.jar"/>
					</artifact>
				</artifacts>
			</revision>
		</module>
		<module organisation="com.github.scala-incubator.io" name="scala-io-file_2.9.2">
			<revision name="0.4.1" status="release" pubdate="20121010220846" resolver="local" artresolver="local" homepage="http://jesseeichar.github.com/scala-io-doc/index.html" downloaded="false" searched="false" default="false" conf="default(compile), default, compile, runtime, master" position="5">
				<license name="Scala License" url="http://www.scala-lang.org/node/146"/>
				<metadata-artifact status="no" details="" size="2826" time="0" location="/Users/andrewsmith/lib/play-2.1.0/framework/../repository/cache/com.github.scala-incubator.io/scala-io-file_2.9.2/ivy-0.4.1.xml" searched="false" origin-is-local="true" origin-location="/Users/andrewsmith/lib/play-2.1.0/repository/local/com.github.scala-incubator.io/scala-io-file_2.9.2/0.4.1/ivys/ivy.xml"/>
				<caller organisation="play" name="routes-compiler_2.9.2" conf="compile" rev="0.4.1" rev-constraint-default="0.4.1" rev-constraint-dynamic="0.4.1" callerrev="2.1.0"/>
				<caller organisation="play" name="templates-compiler_2.9.2" conf="compile" rev="0.4.1" rev-constraint-default="0.4.1" rev-constraint-dynamic="0.4.1" callerrev="2.1.0"/>
				<caller organisation="play" name="sbt-plugin" conf="compile" rev="0.4.1" rev-constraint-default="0.4.1" rev-constraint-dynamic="0.4.1" callerrev="2.1.0"/>
				<artifacts>
					<artifact name="scala-io-file_2.9.2" type="jar" ext="jar" status="no" details="" size="389888" time="0" location="/Users/andrewsmith/lib/play-2.1.0/repository/local/com.github.scala-incubator.io/scala-io-file_2.9.2/0.4.1/jars/scala-io-file_2.9.2.jar">
						<origin-location is-local="true" location="/Users/andrewsmith/lib/play-2.1.0/repository/local/com.github.scala-incubator.io/scala-io-file_2.9.2/0.4.1/jars/scala-io-file_2.9.2.jar"/>
					</artifact>
				</artifacts>
			</revision>
		</module>
		<module organisation="com.github.scala-incubator.io" name="scala-io-core_2.9.2">
			<revision name="0.4.1" status="release" pubdate="20121010220848" resolver="local" artresolver="local" homepage="http://jesseeichar.github.com/scala-io-doc/index.html" downloaded="false" searched="false" default="false" conf="compile, master(*), runtime, compile(*), runtime(*), master" position="6">
				<license name="Scala License" url="http://www.scala-lang.org/node/146"/>
				<metadata-artifact status="no" details="" size="2960" time="0" location="/Users/andrewsmith/lib/play-2.1.0/framework/../repository/cache/com.github.scala-incubator.io/scala-io-core_2.9.2/ivy-0.4.1.xml" searched="false" origin-is-local="true" origin-location="/Users/andrewsmith/lib/play-2.1.0/repository/local/com.github.scala-incubator.io/scala-io-core_2.9.2/0.4.1/ivys/ivy.xml"/>
				<caller organisation="com.github.scala-incubator.io" name="scala-io-file_2.9.2" conf="default, compile, runtime, master" rev="0.4.1" rev-constraint-default="0.4.1" rev-constraint-dynamic="0.4.1" callerrev="0.4.1"/>
				<artifacts>
					<artifact name="scala-io-core_2.9.2" type="jar" ext="jar" status="no" details="" size="1427458" time="0" location="/Users/andrewsmith/lib/play-2.1.0/repository/local/com.github.scala-incubator.io/scala-io-core_2.9.2/0.4.1/jars/scala-io-core_2.9.2.jar">
						<origin-location is-local="true" location="/Users/andrewsmith/lib/play-2.1.0/repository/local/com.github.scala-incubator.io/scala-io-core_2.9.2/0.4.1/jars/scala-io-core_2.9.2.jar"/>
					</artifact>
				</artifacts>
			</revision>
		</module>
		<module organisation="com.typesafe.akka" name="akka-actor">
			<revision name="2.0.1" status="release" pubdate="20121010204557" resolver="local" artresolver="local" homepage="http://akka.io" downloaded="false" searched="false" default="false" conf="compile, master(*), runtime, compile(*), runtime(*), master" position="9">
				<license name="Apache 2" url="http://www.apache.org/licenses/LICENSE-2.0.txt"/>
				<metadata-artifact status="no" details="" size="2487" time="0" location="/Users/andrewsmith/lib/play-2.1.0/framework/../repository/cache/com.typesafe.akka/akka-actor/ivy-2.0.1.xml" searched="false" origin-is-local="true" origin-location="/Users/andrewsmith/lib/play-2.1.0/repository/local/com.typesafe.akka/akka-actor/2.0.1/ivys/ivy.xml"/>
				<caller organisation="com.github.scala-incubator.io" name="scala-io-core_2.9.2" conf="compile, runtime" rev="2.0.1" rev-constraint-default="2.0.1" rev-constraint-dynamic="2.0.1" callerrev="0.4.1"/>
				<artifacts>
					<artifact name="akka-actor" type="jar" ext="jar" status="no" details="" size="1841418" time="0" location="/Users/andrewsmith/lib/play-2.1.0/repository/local/com.typesafe.akka/akka-actor/2.0.1/jars/akka-actor.jar">
						<origin-location is-local="true" location="/Users/andrewsmith/lib/play-2.1.0/repository/local/com.typesafe.akka/akka-actor/2.0.1/jars/akka-actor.jar"/>
					</artifact>
				</artifacts>
			</revision>
		</module>
		<module organisation="com.github.jsuereth.scala-arm" name="scala-arm_2.9.1">
			<revision name="1.1" status="release" pubdate="20121010203652" resolver="local" artresolver="local" homepage="" downloaded="false" searched="false" default="false" conf="compile, master(*), runtime, compile(*), runtime(*), master" position="8">
				<metadata-artifact status="no" details="" size="2737" time="0" location="/Users/andrewsmith/lib/play-2.1.0/framework/../repository/cache/com.github.jsuereth.scala-arm/scala-arm_2.9.1/ivy-1.1.xml" searched="false" origin-is-local="true" origin-location="/Users/andrewsmith/lib/play-2.1.0/repository/local/com.github.jsuereth.scala-arm/scala-arm_2.9.1/1.1/ivys/ivy.xml"/>
				<caller organisation="com.github.scala-incubator.io" name="scala-io-core_2.9.2" conf="compile, runtime" rev="1.1" rev-constraint-default="1.1" rev-constraint-dynamic="1.1" callerrev="0.4.1"/>
				<caller organisation="com.github.scala-incubator.io" name="scala-io-core_2.9.1" conf="compile, runtime" rev="1.1" rev-constraint-default="1.1" rev-constraint-dynamic="1.1" callerrev="0.4.0-seq"/>
				<artifacts>
					<artifact name="scala-arm_2.9.1" type="jar" ext="jar" status="no" details="" size="68729" time="0" location="/Users/andrewsmith/lib/play-2.1.0/repository/local/com.github.jsuereth.scala-arm/scala-arm_2.9.1/1.1/jars/scala-arm_2.9.1.jar">
						<origin-location is-local="true" location="/Users/andrewsmith/lib/play-2.1.0/repository/local/com.github.jsuereth.scala-arm/scala-arm_2.9.1/1.1/jars/scala-arm_2.9.1.jar"/>
					</artifact>
				</artifacts>
			</revision>
		</module>
		<module organisation="play" name="play-exceptions">
			<revision name="2.1.0" status="release" pubdate="20130204133128" resolver="local" artresolver="local" downloaded="false" searched="false" default="false" conf="default(compile), compile" position="3">
				<metadata-artifact status="no" details="" size="1227" time="0" location="/Users/andrewsmith/lib/play-2.1.0/framework/../repository/cache/play/play-exceptions/ivy-2.1.0.xml" searched="false" origin-is-local="true" origin-location="/Users/andrewsmith/lib/play-2.1.0/repository/local/play/play-exceptions/2.1.0/ivys/ivy.xml"/>
				<caller organisation="play" name="sbt-plugin" conf="compile" rev="2.1.0" rev-constraint-default="2.1.0" rev-constraint-dynamic="2.1.0" callerrev="2.1.0"/>
				<artifacts>
					<artifact name="play-exceptions" type="jar" ext="jar" status="no" details="" size="4555" time="0" location="/Users/andrewsmith/lib/play-2.1.0/repository/local/play/play-exceptions/2.1.0/jars/play-exceptions.jar">
						<origin-location is-local="true" location="/Users/andrewsmith/lib/play-2.1.0/repository/local/play/play-exceptions/2.1.0/jars/play-exceptions.jar"/>
					</artifact>
				</artifacts>
			</revision>
		</module>
		<module organisation="play" name="sbt-link">
			<revision name="2.1.0" status="release" pubdate="20130204133128" resolver="local" artresolver="local" downloaded="false" searched="false" default="false" conf="default(compile), compile" position="1">
				<metadata-artifact status="no" details="" size="1706" time="0" location="/Users/andrewsmith/lib/play-2.1.0/framework/../repository/cache/play/sbt-link/ivy-2.1.0.xml" searched="false" origin-is-local="true" origin-location="/Users/andrewsmith/lib/play-2.1.0/repository/local/play/sbt-link/2.1.0/ivys/ivy.xml"/>
				<caller organisation="play" name="sbt-plugin" conf="compile" rev="2.1.0" rev-constraint-default="2.1.0" rev-constraint-dynamic="2.1.0" callerrev="2.1.0"/>
				<artifacts>
					<artifact name="sbt-link" type="jar" ext="jar" status="no" details="" size="8477" time="0" location="/Users/andrewsmith/lib/play-2.1.0/repository/local/play/sbt-link/2.1.0/jars/sbt-link.jar">
						<origin-location is-local="true" location="/Users/andrewsmith/lib/play-2.1.0/repository/local/play/sbt-link/2.1.0/jars/sbt-link.jar"/>
					</artifact>
				</artifacts>
			</revision>
		</module>
		<module organisation="org.javassist" name="javassist">
			<revision name="3.16.1-GA" status="release" pubdate="20121010205543" resolver="local" artresolver="local" homepage="http://www.javassist.org/" downloaded="false" searched="false" default="false" conf="default(compile), default, compile, runtime, master" position="2">
				<license name="MPL 1.1" url="http://www.mozilla.org/MPL/MPL-1.1.html"/>
				<license name="LGPL 2.1" url="http://www.gnu.org/licenses/lgpl-2.1.html"/>
				<license name="Apache License 2.0" url="http://www.apache.org/licenses/"/>
				<metadata-artifact status="no" details="" size="3051" time="0" location="/Users/andrewsmith/lib/play-2.1.0/framework/../repository/cache/org.javassist/javassist/ivy-3.16.1-GA.xml" searched="false" origin-is-local="true" origin-location="/Users/andrewsmith/lib/play-2.1.0/repository/local/org.javassist/javassist/3.16.1-GA/ivys/ivy.xml"/>
				<caller organisation="play" name="sbt-plugin" conf="compile" rev="3.16.1-GA" rev-constraint-default="3.16.1-GA" rev-constraint-dynamic="3.16.1-GA" callerrev="2.1.0"/>
				<caller organisation="play" name="sbt-link" conf="compile" rev="3.16.1-GA" rev-constraint-default="3.16.1-GA" rev-constraint-dynamic="3.16.1-GA" callerrev="2.1.0"/>
				<artifacts>
					<artifact name="javassist" type="jar" ext="jar" status="no" details="" size="659343" time="0" location="/Users/andrewsmith/lib/play-2.1.0/repository/local/org.javassist/javassist/3.16.1-GA/jars/javassist.jar">
						<origin-location is-local="true" location="/Users/andrewsmith/lib/play-2.1.0/repository/local/org.javassist/javassist/3.16.1-GA/jars/javassist.jar"/>
					</artifact>
				</artifacts>
			</revision>
		</module>
		<module organisation="org.scala-sbt" name="sbt">
			<revision name="0.12.2" status="release" pubdate="20130116104518" resolver="local" artresolver="local" downloaded="false" searched="false" default="false" conf="default(compile), compile" position="55">
				<metadata-artifact status="no" details="" size="2191" time="0" location="/Users/andrewsmith/lib/play-2.1.0/framework/../repository/cache/org.scala-sbt/sbt/ivy-0.12.2.xml" searched="false" origin-is-local="true" origin-location="/Users/andrewsmith/lib/play-2.1.0/repository/local/org.scala-sbt/sbt/0.12.2/ivys/ivy.xml"/>
				<caller organisation="default" name="default-24da60" conf="test-internal, test, optional, compile, runtime, provided" rev="0.12.2" rev-constraint-default="0.12.2" rev-constraint-dynamic="0.12.2" callerrev="0.1-SNAPSHOT"/>
				<artifacts>
					<artifact name="sbt" type="jar" ext="jar" status="no" details="" size="18844" time="0" location="/Users/andrewsmith/lib/play-2.1.0/repository/local/org.scala-sbt/sbt/0.12.2/jars/sbt.jar">
						<origin-location is-local="true" location="/Users/andrewsmith/lib/play-2.1.0/repository/local/org.scala-sbt/sbt/0.12.2/jars/sbt.jar"/>
					</artifact>
				</artifacts>
			</revision>
		</module>
		<module organisation="org.scala-sbt" name="precompiled-2_10_0">
			<revision name="0.12.2" status="release" pubdate="20130116104417" resolver="local" artresolver="local" downloaded="false" searched="false" default="false" conf="default(compile), compile" position="92">
				<metadata-artifact status="no" details="" size="1864" time="0" location="/Users/andrewsmith/lib/play-2.1.0/framework/../repository/cache/org.scala-sbt/precompiled-2_10_0/ivy-0.12.2.xml" searched="false" origin-is-local="true" origin-location="/Users/andrewsmith/lib/play-2.1.0/repository/local/org.scala-sbt/precompiled-2_10_0/0.12.2/ivys/ivy.xml"/>
				<caller organisation="org.scala-sbt" name="sbt" conf="compile" rev="0.12.2" rev-constraint-default="0.12.2" rev-constraint-dynamic="0.12.2" callerrev="0.12.2"/>
				<artifacts>
					<artifact name="compiler-interface-bin" type="jar" ext="jar" extra-component="compiler-interface-bin_2.10.0" status="no" details="" size="185807" time="0" location="/Users/andrewsmith/lib/play-2.1.0/repository/local/org.scala-sbt/precompiled-2_10_0/0.12.2/jars/compiler-interface-bin.jar">
						<origin-location is-local="true" location="/Users/andrewsmith/lib/play-2.1.0/repository/local/org.scala-sbt/precompiled-2_10_0/0.12.2/jars/compiler-interface-bin.jar"/>
					</artifact>
				</artifacts>
			</revision>
		</module>
		<module organisation="org.scala-sbt" name="precompiled-2_8_2">
			<revision name="0.12.2" status="release" pubdate="20130116104418" resolver="local" artresolver="local" downloaded="false" searched="false" default="false" conf="default(compile), compile" position="91">
				<metadata-artifact status="no" details="" size="1864" time="0" location="/Users/andrewsmith/lib/play-2.1.0/framework/../repository/cache/org.scala-sbt/precompiled-2_8_2/ivy-0.12.2.xml" searched="false" origin-is-local="true" origin-location="/Users/andrewsmith/lib/play-2.1.0/repository/local/org.scala-sbt/precompiled-2_8_2/0.12.2/ivys/ivy.xml"/>
				<caller organisation="org.scala-sbt" name="sbt" conf="compile" rev="0.12.2" rev-constraint-default="0.12.2" rev-constraint-dynamic="0.12.2" callerrev="0.12.2"/>
				<artifacts>
					<artifact name="compiler-interface-bin" type="jar" ext="jar" extra-component="compiler-interface-bin_2.8.2.final" status="no" details="" size="173918" time="0" location="/Users/andrewsmith/lib/play-2.1.0/repository/local/org.scala-sbt/precompiled-2_8_2/0.12.2/jars/compiler-interface-bin.jar">
						<origin-location is-local="true" location="/Users/andrewsmith/lib/play-2.1.0/repository/local/org.scala-sbt/precompiled-2_8_2/0.12.2/jars/compiler-interface-bin.jar"/>
					</artifact>
				</artifacts>
			</revision>
		</module>
		<module organisation="org.scala-sbt" name="compiler-interface">
			<revision name="0.12.2" status="release" pubdate="20130116104423" resolver="local" artresolver="local" downloaded="false" searched="false" default="false" conf="default(compile), compile" position="90">
				<metadata-artifact status="no" details="" size="2238" time="0" location="/Users/andrewsmith/lib/play-2.1.0/framework/../repository/cache/org.scala-sbt/compiler-interface/ivy-0.12.2.xml" searched="false" origin-is-local="true" origin-location="/Users/andrewsmith/lib/play-2.1.0/repository/local/org.scala-sbt/compiler-interface/0.12.2/ivys/ivy.xml"/>
				<caller organisation="org.scala-sbt" name="sbt" conf="compile" rev="0.12.2" rev-constraint-default="0.12.2" rev-constraint-dynamic="0.12.2" callerrev="0.12.2"/>
				<artifacts>
					<artifact name="compiler-interface-src" type="jar" ext="jar" extra-component="compiler-interface-src" status="no" details="" size="21647" time="0" location="/Users/andrewsmith/lib/play-2.1.0/repository/local/org.scala-sbt/compiler-interface/0.12.2/jars/compiler-interface-src.jar">
						<origin-location is-local="true" location="/Users/andrewsmith/lib/play-2.1.0/repository/local/org.scala-sbt/compiler-interface/0.12.2/jars/compiler-interface-src.jar"/>
					</artifact>
					<artifact name="compiler-interface-bin" type="jar" ext="jar" extra-component="compiler-interface-bin_2.9.2" status="no" details="" size="179584" time="0" location="/Users/andrewsmith/lib/play-2.1.0/repository/local/org.scala-sbt/compiler-interface/0.12.2/jars/compiler-interface-bin.jar">
						<origin-location is-local="true" location="/Users/andrewsmith/lib/play-2.1.0/repository/local/org.scala-sbt/compiler-interface/0.12.2/jars/compiler-interface-bin.jar"/>
					</artifact>
				</artifacts>
			</revision>
		</module>
		<module organisation="org.scala-sbt" name="main">
			<revision name="0.12.2" status="release" pubdate="20130116104509" resolver="local" artresolver="local" downloaded="false" searched="false" default="false" conf="default(compile), compile" position="56">
				<metadata-artifact status="no" details="" size="2879" time="0" location="/Users/andrewsmith/lib/play-2.1.0/framework/../repository/cache/org.scala-sbt/main/ivy-0.12.2.xml" searched="false" origin-is-local="true" origin-location="/Users/andrewsmith/lib/play-2.1.0/repository/local/org.scala-sbt/main/0.12.2/ivys/ivy.xml"/>
				<caller organisation="org.scala-sbt" name="sbt" conf="compile" rev="0.12.2" rev-constraint-default="0.12.2" rev-constraint-dynamic="0.12.2" callerrev="0.12.2"/>
				<artifacts>
					<artifact name="main" type="jar" ext="jar" status="no" details="" size="2024129" time="0" location="/Users/andrewsmith/lib/play-2.1.0/repository/local/org.scala-sbt/main/0.12.2/jars/main.jar">
						<origin-location is-local="true" location="/Users/andrewsmith/lib/play-2.1.0/repository/local/org.scala-sbt/main/0.12.2/jars/main.jar"/>
					</artifact>
				</artifacts>
			</revision>
		</module>
		<module organisation="org.scala-sbt" name="command">
			<revision name="0.12.2" status="release" pubdate="20130116104423" resolver="local" artresolver="local" downloaded="false" searched="false" default="false" conf="default(compile), compile" position="89">
				<metadata-artifact status="no" details="" size="2544" time="0" location="/Users/andrewsmith/lib/play-2.1.0/framework/../repository/cache/org.scala-sbt/command/ivy-0.12.2.xml" searched="false" origin-is-local="true" origin-location="/Users/andrewsmith/lib/play-2.1.0/repository/local/org.scala-sbt/command/0.12.2/ivys/ivy.xml"/>
				<caller organisation="org.scala-sbt" name="main" conf="compile" rev="0.12.2" rev-constraint-default="0.12.2" rev-constraint-dynamic="0.12.2" callerrev="0.12.2"/>
				<artifacts>
					<artifact name="command" type="jar" ext="jar" status="no" details="" size="204482" time="0" location="/Users/andrewsmith/lib/play-2.1.0/repository/local/org.scala-sbt/command/0.12.2/jars/command.jar">
						<origin-location is-local="true" location="/Users/andrewsmith/lib/play-2.1.0/repository/local/org.scala-sbt/command/0.12.2/jars/command.jar"/>
					</artifact>
				</artifacts>
			</revision>
		</module>
		<module organisation="org.scala-sbt" name="actions">
			<revision name="0.12.2" status="release" pubdate="20130116104506" resolver="local" artresolver="local" downloaded="false" searched="false" default="false" conf="default(compile), compile" position="57">
				<metadata-artifact status="no" details="" size="3417" time="0" location="/Users/andrewsmith/lib/play-2.1.0/framework/../repository/cache/org.scala-sbt/actions/ivy-0.12.2.xml" searched="false" origin-is-local="true" origin-location="/Users/andrewsmith/lib/play-2.1.0/repository/local/org.scala-sbt/actions/0.12.2/ivys/ivy.xml"/>
				<caller organisation="org.scala-sbt" name="main" conf="compile" rev="0.12.2" rev-constraint-default="0.12.2" rev-constraint-dynamic="0.12.2" callerrev="0.12.2"/>
				<artifacts>
					<artifact name="actions" type="jar" ext="jar" status="no" details="" size="285721" time="0" location="/Users/andrewsmith/lib/play-2.1.0/repository/local/org.scala-sbt/actions/0.12.2/jars/actions.jar">
						<origin-location is-local="true" location="/Users/andrewsmith/lib/play-2.1.0/repository/local/org.scala-sbt/actions/0.12.2/jars/actions.jar"/>
					</artifact>
				</artifacts>
			</revision>
		</module>
		<module organisation="org.scala-sbt" name="testing">
			<revision name="0.12.2" status="release" pubdate="20130116104423" resolver="local" artresolver="local" downloaded="false" searched="false" default="false" conf="default(compile), compile" position="86">
				<metadata-artifact status="no" details="" size="2296" time="0" location="/Users/andrewsmith/lib/play-2.1.0/framework/../repository/cache/org.scala-sbt/testing/ivy-0.12.2.xml" searched="false" origin-is-local="true" origin-location="/Users/andrewsmith/lib/play-2.1.0/repository/local/org.scala-sbt/testing/0.12.2/ivys/ivy.xml"/>
				<caller organisation="org.scala-sbt" name="actions" conf="compile" rev="0.12.2" rev-constraint-default="0.12.2" rev-constraint-dynamic="0.12.2" callerrev="0.12.2"/>
				<artifacts>
					<artifact name="testing" type="jar" ext="jar" status="no" details="" size="85495" time="0" location="/Users/andrewsmith/lib/play-2.1.0/repository/local/org.scala-sbt/testing/0.12.2/jars/testing.jar">
						<origin-location is-local="true" location="/Users/andrewsmith/lib/play-2.1.0/repository/local/org.scala-sbt/testing/0.12.2/jars/testing.jar"/>
					</artifact>
				</artifacts>
			</revision>
		</module>
		<module organisation="org.scala-sbt" name="test-agent">
			<revision name="0.12.2" status="release" pubdate="20130116104417" resolver="local" artresolver="local" downloaded="false" searched="false" default="false" conf="default(compile), compile" position="87">
				<metadata-artifact status="no" details="" size="1697" time="0" location="/Users/andrewsmith/lib/play-2.1.0/framework/../repository/cache/org.scala-sbt/test-agent/ivy-0.12.2.xml" searched="false" origin-is-local="true" origin-location="/Users/andrewsmith/lib/play-2.1.0/repository/local/org.scala-sbt/test-agent/0.12.2/ivys/ivy.xml"/>
				<caller organisation="org.scala-sbt" name="testing" conf="compile" rev="0.12.2" rev-constraint-default="0.12.2" rev-constraint-dynamic="0.12.2" callerrev="0.12.2"/>
				<artifacts>
					<artifact name="test-agent" type="jar" ext="jar" status="no" details="" size="9978" time="0" location="/Users/andrewsmith/lib/play-2.1.0/repository/local/org.scala-sbt/test-agent/0.12.2/jars/test-agent.jar">
						<origin-location is-local="true" location="/Users/andrewsmith/lib/play-2.1.0/repository/local/org.scala-sbt/test-agent/0.12.2/jars/test-agent.jar"/>
					</artifact>
				</artifacts>
			</revision>
		</module>
		<module organisation="org.scala-tools.testing" name="test-interface">
			<revision name="0.5" status="release" pubdate="20100327123658" resolver="local" artresolver="local" homepage="" downloaded="false" searched="false" default="false" conf="default(compile), default, compile, runtime, master" position="88">
				<metadata-artifact status="no" details="" size="2199" time="0" location="/Users/andrewsmith/lib/play-2.1.0/framework/../repository/cache/org.scala-tools.testing/test-interface/ivy-0.5.xml" searched="false" origin-is-local="true" origin-location="/Users/andrewsmith/lib/play-2.1.0/repository/local/org.scala-tools.testing/test-interface/0.5/ivys/ivy.xml"/>
				<caller organisation="org.scala-sbt" name="testing" conf="compile" rev="0.5" rev-constraint-default="0.5" rev-constraint-dynamic="0.5" callerrev="0.12.2"/>
				<caller organisation="org.scala-sbt" name="test-agent" conf="compile" rev="0.5" rev-constraint-default="0.5" rev-constraint-dynamic="0.5" callerrev="0.12.2"/>
				<artifacts>
					<artifact name="test-interface" type="jar" ext="jar" status="no" details="" size="4407" time="0" location="/Users/andrewsmith/lib/play-2.1.0/repository/local/org.scala-tools.testing/test-interface/0.5/jars/test-interface.jar">
						<origin-location is-local="true" location="/Users/andrewsmith/lib/play-2.1.0/repository/local/org.scala-tools.testing/test-interface/0.5/jars/test-interface.jar"/>
					</artifact>
				</artifacts>
			</revision>
		</module>
		<module organisation="org.scala-sbt" name="tracking">
			<revision name="0.12.2" status="release" pubdate="20130116104422" resolver="local" artresolver="local" downloaded="false" searched="false" default="false" conf="default(compile), compile" position="84">
				<metadata-artifact status="no" details="" size="1811" time="0" location="/Users/andrewsmith/lib/play-2.1.0/framework/../repository/cache/org.scala-sbt/tracking/ivy-0.12.2.xml" searched="false" origin-is-local="true" origin-location="/Users/andrewsmith/lib/play-2.1.0/repository/local/org.scala-sbt/tracking/0.12.2/ivys/ivy.xml"/>
				<caller organisation="org.scala-sbt" name="actions" conf="compile" rev="0.12.2" rev-constraint-default="0.12.2" rev-constraint-dynamic="0.12.2" callerrev="0.12.2"/>
				<artifacts>
					<artifact name="tracking" type="jar" ext="jar" status="no" details="" size="43063" time="0" location="/Users/andrewsmith/lib/play-2.1.0/repository/local/org.scala-sbt/tracking/0.12.2/jars/tracking.jar">
						<origin-location is-local="true" location="/Users/andrewsmith/lib/play-2.1.0/repository/local/org.scala-sbt/tracking/0.12.2/jars/tracking.jar"/>
					</artifact>
				</artifacts>
			</revision>
		</module>
		<module organisation="org.scala-sbt" name="cache">
			<revision name="0.12.2" status="release" pubdate="20130116104418" resolver="local" artresolver="local" downloaded="false" searched="false" default="false" conf="default(compile), compile" position="85">
				<metadata-artifact status="no" details="" size="1917" time="0" location="/Users/andrewsmith/lib/play-2.1.0/framework/../repository/cache/org.scala-sbt/cache/ivy-0.12.2.xml" searched="false" origin-is-local="true" origin-location="/Users/andrewsmith/lib/play-2.1.0/repository/local/org.scala-sbt/cache/0.12.2/ivys/ivy.xml"/>
				<caller organisation="org.scala-sbt" name="tracking" conf="compile" rev="0.12.2" rev-constraint-default="0.12.2" rev-constraint-dynamic="0.12.2" callerrev="0.12.2"/>
				<artifacts>
					<artifact name="cache" type="jar" ext="jar" status="no" details="" size="113060" time="0" location="/Users/andrewsmith/lib/play-2.1.0/repository/local/org.scala-sbt/cache/0.12.2/jars/cache.jar">
						<origin-location is-local="true" location="/Users/andrewsmith/lib/play-2.1.0/repository/local/org.scala-sbt/cache/0.12.2/jars/cache.jar"/>
					</artifact>
				</artifacts>
			</revision>
		</module>
		<module organisation="org.scala-sbt" name="task-system">
			<revision name="0.12.2" status="release" pubdate="20130116104423" resolver="local" artresolver="local" downloaded="false" searched="false" default="false" conf="default(compile), compile" position="82">
				<metadata-artifact status="no" details="" size="2415" time="0" location="/Users/andrewsmith/lib/play-2.1.0/framework/../repository/cache/org.scala-sbt/task-system/ivy-0.12.2.xml" searched="false" origin-is-local="true" origin-location="/Users/andrewsmith/lib/play-2.1.0/repository/local/org.scala-sbt/task-system/0.12.2/ivys/ivy.xml"/>
				<caller organisation="org.scala-sbt" name="actions" conf="compile" rev="0.12.2" rev-constraint-default="0.12.2" rev-constraint-dynamic="0.12.2" callerrev="0.12.2"/>
				<artifacts>
					<artifact name="task-system" type="jar" ext="jar" status="no" details="" size="126045" time="0" location="/Users/andrewsmith/lib/play-2.1.0/repository/local/org.scala-sbt/task-system/0.12.2/jars/task-system.jar">
						<origin-location is-local="true" location="/Users/andrewsmith/lib/play-2.1.0/repository/local/org.scala-sbt/task-system/0.12.2/jars/task-system.jar"/>
					</artifact>
				</artifacts>
			</revision>
		</module>
		<module organisation="org.scala-sbt" name="tasks">
			<revision name="0.12.2" status="release" pubdate="20130116104418" resolver="local" artresolver="local" downloaded="false" searched="false" default="false" conf="default(compile), compile" position="83">
				<metadata-artifact status="no" details="" size="2027" time="0" location="/Users/andrewsmith/lib/play-2.1.0/framework/../repository/cache/org.scala-sbt/tasks/ivy-0.12.2.xml" searched="false" origin-is-local="true" origin-location="/Users/andrewsmith/lib/play-2.1.0/repository/local/org.scala-sbt/tasks/0.12.2/ivys/ivy.xml"/>
				<caller organisation="org.scala-sbt" name="task-system" conf="compile" rev="0.12.2" rev-constraint-default="0.12.2" rev-constraint-dynamic="0.12.2" callerrev="0.12.2"/>
				<caller organisation="org.scala-sbt" name="actions" conf="compile" rev="0.12.2" rev-constraint-default="0.12.2" rev-constraint-dynamic="0.12.2" callerrev="0.12.2"/>
				<artifacts>
					<artifact name="tasks" type="jar" ext="jar" status="no" details="" size="121428" time="0" location="/Users/andrewsmith/lib/play-2.1.0/repository/local/org.scala-sbt/tasks/0.12.2/jars/tasks.jar">
						<origin-location is-local="true" location="/Users/andrewsmith/lib/play-2.1.0/repository/local/org.scala-sbt/tasks/0.12.2/jars/tasks.jar"/>
					</artifact>
				</artifacts>
			</revision>
		</module>
		<module organisation="org.scala-sbt" name="run">
			<revision name="0.12.2" status="release" pubdate="20130116104423" resolver="local" artresolver="local" downloaded="false" searched="false" default="false" conf="default(compile), compile" position="81">
				<metadata-artifact status="no" details="" size="2035" time="0" location="/Users/andrewsmith/lib/play-2.1.0/framework/../repository/cache/org.scala-sbt/run/ivy-0.12.2.xml" searched="false" origin-is-local="true" origin-location="/Users/andrewsmith/lib/play-2.1.0/repository/local/org.scala-sbt/run/0.12.2/ivys/ivy.xml"/>
				<caller organisation="org.scala-sbt" name="main" conf="compile" rev="0.12.2" rev-constraint-default="0.12.2" rev-constraint-dynamic="0.12.2" callerrev="0.12.2"/>
				<caller organisation="org.scala-sbt" name="actions" conf="compile" rev="0.12.2" rev-constraint-default="0.12.2" rev-constraint-dynamic="0.12.2" callerrev="0.12.2"/>
				<artifacts>
					<artifact name="run" type="jar" ext="jar" status="no" details="" size="92533" time="0" location="/Users/andrewsmith/lib/play-2.1.0/repository/local/org.scala-sbt/run/0.12.2/jars/run.jar">
						<origin-location is-local="true" location="/Users/andrewsmith/lib/play-2.1.0/repository/local/org.scala-sbt/run/0.12.2/jars/run.jar"/>
					</artifact>
				</artifacts>
			</revision>
		</module>
		<module organisation="org.scala-sbt" name="compiler-ivy-integration">
			<revision name="0.12.2" status="release" pubdate="20130116104426" resolver="local" artresolver="local" downloaded="false" searched="false" default="false" conf="default(compile), compile" position="76">
				<metadata-artifact status="no" details="" size="1878" time="0" location="/Users/andrewsmith/lib/play-2.1.0/framework/../repository/cache/org.scala-sbt/compiler-ivy-integration/ivy-0.12.2.xml" searched="false" origin-is-local="true" origin-location="/Users/andrewsmith/lib/play-2.1.0/repository/local/org.scala-sbt/compiler-ivy-integration/0.12.2/ivys/ivy.xml"/>
				<caller organisation="org.scala-sbt" name="actions" conf="compile" rev="0.12.2" rev-constraint-default="0.12.2" rev-constraint-dynamic="0.12.2" callerrev="0.12.2"/>
				<artifacts>
					<artifact name="compiler-ivy-integration" type="jar" ext="jar" status="no" details="" size="8595" time="0" location="/Users/andrewsmith/lib/play-2.1.0/repository/local/org.scala-sbt/compiler-ivy-integration/0.12.2/jars/compiler-ivy-integration.jar">
						<origin-location is-local="true" location="/Users/andrewsmith/lib/play-2.1.0/repository/local/org.scala-sbt/compiler-ivy-integration/0.12.2/jars/compiler-ivy-integration.jar"/>
					</artifact>
				</artifacts>
			</revision>
		</module>
		<module organisation="org.scala-sbt" name="ivy">
			<revision name="0.12.2" status="release" pubdate="20130116104423" resolver="local" artresolver="local" downloaded="false" searched="false" default="false" conf="default(compile), compile" position="77">
				<metadata-artifact status="no" details="" size="2511" time="0" location="/Users/andrewsmith/lib/play-2.1.0/framework/../repository/cache/org.scala-sbt/ivy/ivy-0.12.2.xml" searched="false" origin-is-local="true" origin-location="/Users/andrewsmith/lib/play-2.1.0/repository/local/org.scala-sbt/ivy/0.12.2/ivys/ivy.xml"/>
				<caller organisation="org.scala-sbt" name="main" conf="compile" rev="0.12.2" rev-constraint-default="0.12.2" rev-constraint-dynamic="0.12.2" callerrev="0.12.2"/>
				<caller organisation="org.scala-sbt" name="compiler-ivy-integration" conf="compile" rev="0.12.2" rev-constraint-default="0.12.2" rev-constraint-dynamic="0.12.2" callerrev="0.12.2"/>
				<caller organisation="org.scala-sbt" name="actions" conf="compile" rev="0.12.2" rev-constraint-default="0.12.2" rev-constraint-dynamic="0.12.2" callerrev="0.12.2"/>
				<artifacts>
					<artifact name="ivy" type="jar" ext="jar" status="no" details="" size="632102" time="0" location="/Users/andrewsmith/lib/play-2.1.0/repository/local/org.scala-sbt/ivy/0.12.2/jars/ivy.jar">
						<origin-location is-local="true" location="/Users/andrewsmith/lib/play-2.1.0/repository/local/org.scala-sbt/ivy/0.12.2/jars/ivy.jar"/>
					</artifact>
				</artifacts>
			</revision>
		</module>
		<module organisation="commons-httpclient" name="commons-httpclient">
			<revision name="3.1" status="release" pubdate="20120823211527" resolver="local" artresolver="local" homepage="http://jakarta.apache.org/httpcomponents/httpclient-3.x/" downloaded="false" searched="false" default="false" conf="default(compile), default, compile, runtime, master" position="80">
				<license name="Apache License" url="http://www.apache.org/licenses/LICENSE-2.0"/>
				<metadata-artifact status="no" details="" size="3142" time="0" location="/Users/andrewsmith/lib/play-2.1.0/framework/../repository/cache/commons-httpclient/commons-httpclient/ivy-3.1.xml" searched="false" origin-is-local="true" origin-location="/Users/andrewsmith/lib/play-2.1.0/repository/local/commons-httpclient/commons-httpclient/3.1/ivys/ivy.xml"/>
				<caller organisation="org.scala-sbt" name="ivy" conf="compile" rev="3.1" rev-constraint-default="3.1" rev-constraint-dynamic="3.1" callerrev="0.12.2"/>
				<artifacts>
					<artifact name="commons-httpclient" type="jar" ext="jar" status="no" details="" size="305001" time="0" location="/Users/andrewsmith/lib/play-2.1.0/repository/local/commons-httpclient/commons-httpclient/3.1/jars/commons-httpclient.jar">
						<origin-location is-local="true" location="/Users/andrewsmith/lib/play-2.1.0/repository/local/commons-httpclient/commons-httpclient/3.1/jars/commons-httpclient.jar"/>
					</artifact>
				</artifacts>
			</revision>
		</module>
		<module organisation="org.apache.ivy" name="ivy">
			<revision name="2.3.0-rc1" status="release" pubdate="20120430185937" resolver="local" artresolver="local" homepage="http://ant.apache.org/ivy/" downloaded="false" searched="false" default="false" conf="default(compile), default, compile, runtime, master" position="78">
				<metadata-artifact status="no" details="" size="4767" time="0" location="/Users/andrewsmith/lib/play-2.1.0/framework/../repository/cache/org.apache.ivy/ivy/ivy-2.3.0-rc1.xml" searched="false" origin-is-local="true" origin-location="/Users/andrewsmith/lib/play-2.1.0/repository/local/org.apache.ivy/ivy/2.3.0-rc1/ivys/ivy.xml"/>
				<caller organisation="org.scala-sbt" name="ivy" conf="compile" rev="2.3.0-rc1" rev-constraint-default="2.3.0-rc1" rev-constraint-dynamic="2.3.0-rc1" callerrev="0.12.2"/>
				<artifacts>
					<artifact name="ivy" type="jar" ext="jar" status="no" details="" size="1214376" time="0" location="/Users/andrewsmith/lib/play-2.1.0/repository/local/org.apache.ivy/ivy/2.3.0-rc1/jars/ivy.jar">
						<origin-location is-local="true" location="/Users/andrewsmith/lib/play-2.1.0/repository/local/org.apache.ivy/ivy/2.3.0-rc1/jars/ivy.jar"/>
					</artifact>
				</artifacts>
			</revision>
		</module>
		<module organisation="org.scala-sbt" name="compiler-integration">
			<revision name="0.12.2" status="release" pubdate="20130116104506" resolver="local" artresolver="local" downloaded="false" searched="false" default="false" conf="default(compile), compile" position="68">
				<metadata-artifact status="no" details="" size="2237" time="0" location="/Users/andrewsmith/lib/play-2.1.0/framework/../repository/cache/org.scala-sbt/compiler-integration/ivy-0.12.2.xml" searched="false" origin-is-local="true" origin-location="/Users/andrewsmith/lib/play-2.1.0/repository/local/org.scala-sbt/compiler-integration/0.12.2/ivys/ivy.xml"/>
				<caller organisation="org.scala-sbt" name="actions" conf="compile" rev="0.12.2" rev-constraint-default="0.12.2" rev-constraint-dynamic="0.12.2" callerrev="0.12.2"/>
				<artifacts>
					<artifact name="compiler-integration" type="jar" ext="jar" status="no" details="" size="48359" time="0" location="/Users/andrewsmith/lib/play-2.1.0/repository/local/org.scala-sbt/compiler-integration/0.12.2/jars/compiler-integration.jar">
						<origin-location is-local="true" location="/Users/andrewsmith/lib/play-2.1.0/repository/local/org.scala-sbt/compiler-integration/0.12.2/jars/compiler-integration.jar"/>
					</artifact>
				</artifacts>
			</revision>
		</module>
		<module organisation="org.scala-sbt" name="classfile">
			<revision name="0.12.2" status="release" pubdate="20130116104423" resolver="local" artresolver="local" downloaded="false" searched="false" default="false" conf="default(compile), compile" position="75">
				<metadata-artifact status="no" details="" size="2176" time="0" location="/Users/andrewsmith/lib/play-2.1.0/framework/../repository/cache/org.scala-sbt/classfile/ivy-0.12.2.xml" searched="false" origin-is-local="true" origin-location="/Users/andrewsmith/lib/play-2.1.0/repository/local/org.scala-sbt/classfile/0.12.2/ivys/ivy.xml"/>
				<caller organisation="org.scala-sbt" name="compiler-integration" conf="compile" rev="0.12.2" rev-constraint-default="0.12.2" rev-constraint-dynamic="0.12.2" callerrev="0.12.2"/>
				<artifacts>
					<artifact name="classfile" type="jar" ext="jar" status="no" details="" size="78520" time="0" location="/Users/andrewsmith/lib/play-2.1.0/repository/local/org.scala-sbt/classfile/0.12.2/jars/classfile.jar">
						<origin-location is-local="true" location="/Users/andrewsmith/lib/play-2.1.0/repository/local/org.scala-sbt/classfile/0.12.2/jars/classfile.jar"/>
					</artifact>
				</artifacts>
			</revision>
		</module>
		<module organisation="org.scala-sbt" name="persist">
			<revision name="0.12.2" status="release" pubdate="20130116104424" resolver="local" artresolver="local" downloaded="false" searched="false" default="false" conf="default(compile), compile" position="73">
				<metadata-artifact status="no" details="" size="1935" time="0" location="/Users/andrewsmith/lib/play-2.1.0/framework/../repository/cache/org.scala-sbt/persist/ivy-0.12.2.xml" searched="false" origin-is-local="true" origin-location="/Users/andrewsmith/lib/play-2.1.0/repository/local/org.scala-sbt/persist/0.12.2/ivys/ivy.xml"/>
				<caller organisation="org.scala-sbt" name="compiler-integration" conf="compile" rev="0.12.2" rev-constraint-default="0.12.2" rev-constraint-dynamic="0.12.2" callerrev="0.12.2"/>
				<artifacts>
					<artifact name="persist" type="jar" ext="jar" status="no" details="" size="127062" time="0" location="/Users/andrewsmith/lib/play-2.1.0/repository/local/org.scala-sbt/persist/0.12.2/jars/persist.jar">
						<origin-location is-local="true" location="/Users/andrewsmith/lib/play-2.1.0/repository/local/org.scala-sbt/persist/0.12.2/jars/persist.jar"/>
					</artifact>
				</artifacts>
			</revision>
		</module>
		<module organisation="org.scala-tools.sbinary" name="sbinary_2.9.0">
			<revision name="0.4.0" status="release" pubdate="20110517130638" resolver="local" artresolver="local" homepage="" downloaded="false" searched="false" default="false" conf="default(compile), default, compile, runtime, master" position="74">
				<metadata-artifact status="no" details="" size="2359" time="0" location="/Users/andrewsmith/lib/play-2.1.0/framework/../repository/cache/org.scala-tools.sbinary/sbinary_2.9.0/ivy-0.4.0.xml" searched="false" origin-is-local="true" origin-location="/Users/andrewsmith/lib/play-2.1.0/repository/local/org.scala-tools.sbinary/sbinary_2.9.0/0.4.0/ivys/ivy.xml"/>
				<caller organisation="org.scala-sbt" name="cache" conf="compile" rev="0.4.0" rev-constraint-default="0.4.0" rev-constraint-dynamic="0.4.0" callerrev="0.12.2"/>
				<caller organisation="org.scala-sbt" name="persist" conf="compile" rev="0.4.0" rev-constraint-default="0.4.0" rev-constraint-dynamic="0.4.0" callerrev="0.12.2"/>
				<artifacts>
					<artifact name="sbinary_2.9.0" type="jar" ext="jar" status="no" details="" size="148882" time="0" location="/Users/andrewsmith/lib/play-2.1.0/repository/local/org.scala-tools.sbinary/sbinary_2.9.0/0.4.0/jars/sbinary_2.9.0.jar">
						<origin-location is-local="true" location="/Users/andrewsmith/lib/play-2.1.0/repository/local/org.scala-tools.sbinary/sbinary_2.9.0/0.4.0/jars/sbinary_2.9.0.jar"/>
					</artifact>
				</artifacts>
			</revision>
		</module>
		<module organisation="org.scala-sbt" name="compile">
			<revision name="0.12.2" status="release" pubdate="20130116104423" resolver="local" artresolver="local" downloaded="false" searched="false" default="false" conf="default(compile), compile" position="72">
				<metadata-artifact status="no" details="" size="2857" time="0" location="/Users/andrewsmith/lib/play-2.1.0/framework/../repository/cache/org.scala-sbt/compile/ivy-0.12.2.xml" searched="false" origin-is-local="true" origin-location="/Users/andrewsmith/lib/play-2.1.0/repository/local/org.scala-sbt/compile/0.12.2/ivys/ivy.xml"/>
				<caller organisation="org.scala-sbt" name="compiler-ivy-integration" conf="compile" rev="0.12.2" rev-constraint-default="0.12.2" rev-constraint-dynamic="0.12.2" callerrev="0.12.2"/>
				<caller organisation="org.scala-sbt" name="compiler-integration" conf="compile" rev="0.12.2" rev-constraint-default="0.12.2" rev-constraint-dynamic="0.12.2" callerrev="0.12.2"/>
				<artifacts>
					<artifact name="compile" type="jar" ext="jar" status="no" details="" size="132811" time="0" location="/Users/andrewsmith/lib/play-2.1.0/repository/local/org.scala-sbt/compile/0.12.2/jars/compile.jar">
						<origin-location is-local="true" location="/Users/andrewsmith/lib/play-2.1.0/repository/local/org.scala-sbt/compile/0.12.2/jars/compile.jar"/>
					</artifact>
				</artifacts>
			</revision>
		</module>
		<module organisation="org.scala-sbt" name="incremental-compiler">
			<revision name="0.12.2" status="release" pubdate="20130116104423" resolver="local" artresolver="local" downloaded="false" searched="false" default="false" conf="default(compile), compile" position="69">
				<metadata-artifact status="no" details="" size="2440" time="0" location="/Users/andrewsmith/lib/play-2.1.0/framework/../repository/cache/org.scala-sbt/incremental-compiler/ivy-0.12.2.xml" searched="false" origin-is-local="true" origin-location="/Users/andrewsmith/lib/play-2.1.0/repository/local/org.scala-sbt/incremental-compiler/0.12.2/ivys/ivy.xml"/>
				<caller organisation="org.scala-sbt" name="persist" conf="compile" rev="0.12.2" rev-constraint-default="0.12.2" rev-constraint-dynamic="0.12.2" callerrev="0.12.2"/>
				<caller organisation="org.scala-sbt" name="compiler-integration" conf="compile" rev="0.12.2" rev-constraint-default="0.12.2" rev-constraint-dynamic="0.12.2" callerrev="0.12.2"/>
				<artifacts>
					<artifact name="incremental-compiler" type="jar" ext="jar" status="no" details="" size="182236" time="0" location="/Users/andrewsmith/lib/play-2.1.0/repository/local/org.scala-sbt/incremental-compiler/0.12.2/jars/incremental-compiler.jar">
						<origin-location is-local="true" location="/Users/andrewsmith/lib/play-2.1.0/repository/local/org.scala-sbt/incremental-compiler/0.12.2/jars/incremental-compiler.jar"/>
					</artifact>
				</artifacts>
			</revision>
		</module>
		<module organisation="org.scala-sbt" name="logging">
			<revision name="0.12.2" status="release" pubdate="20130116104418" resolver="local" artresolver="local" downloaded="false" searched="false" default="false" conf="default(compile), compile" position="70">
				<metadata-artifact status="no" details="" size="2157" time="0" location="/Users/andrewsmith/lib/play-2.1.0/framework/../repository/cache/org.scala-sbt/logging/ivy-0.12.2.xml" searched="false" origin-is-local="true" origin-location="/Users/andrewsmith/lib/play-2.1.0/repository/local/org.scala-sbt/logging/0.12.2/ivys/ivy.xml"/>
				<caller organisation="org.scala-sbt" name="command" conf="compile" rev="0.12.2" rev-constraint-default="0.12.2" rev-constraint-dynamic="0.12.2" callerrev="0.12.2"/>
				<caller organisation="org.scala-sbt" name="main" conf="compile" rev="0.12.2" rev-constraint-default="0.12.2" rev-constraint-dynamic="0.12.2" callerrev="0.12.2"/>
				<caller organisation="org.scala-sbt" name="testing" conf="compile" rev="0.12.2" rev-constraint-default="0.12.2" rev-constraint-dynamic="0.12.2" callerrev="0.12.2"/>
				<caller organisation="org.scala-sbt" name="task-system" conf="compile" rev="0.12.2" rev-constraint-default="0.12.2" rev-constraint-dynamic="0.12.2" callerrev="0.12.2"/>
				<caller organisation="org.scala-sbt" name="run" conf="compile" rev="0.12.2" rev-constraint-default="0.12.2" rev-constraint-dynamic="0.12.2" callerrev="0.12.2"/>
				<caller organisation="org.scala-sbt" name="ivy" conf="compile" rev="0.12.2" rev-constraint-default="0.12.2" rev-constraint-dynamic="0.12.2" callerrev="0.12.2"/>
				<caller organisation="org.scala-sbt" name="classfile" conf="compile" rev="0.12.2" rev-constraint-default="0.12.2" rev-constraint-dynamic="0.12.2" callerrev="0.12.2"/>
				<caller organisation="org.scala-sbt" name="compile" conf="compile" rev="0.12.2" rev-constraint-default="0.12.2" rev-constraint-dynamic="0.12.2" callerrev="0.12.2"/>
				<caller organisation="org.scala-sbt" name="actions" conf="compile" rev="0.12.2" rev-constraint-default="0.12.2" rev-constraint-dynamic="0.12.2" callerrev="0.12.2"/>
				<caller organisation="org.scala-sbt" name="incremental-compiler" conf="compile" rev="0.12.2" rev-constraint-default="0.12.2" rev-constraint-dynamic="0.12.2" callerrev="0.12.2"/>
				<artifacts>
					<artifact name="logging" type="jar" ext="jar" status="no" details="" size="102572" time="0" location="/Users/andrewsmith/lib/play-2.1.0/repository/local/org.scala-sbt/logging/0.12.2/jars/logging.jar">
						<origin-location is-local="true" location="/Users/andrewsmith/lib/play-2.1.0/repository/local/org.scala-sbt/logging/0.12.2/jars/logging.jar"/>
					</artifact>
				</artifacts>
			</revision>
		</module>
		<module organisation="org.scala-sbt" name="process">
			<revision name="0.12.2" status="release" pubdate="20130116104418" resolver="local" artresolver="local" downloaded="false" searched="false" default="false" conf="default(compile), compile" position="71">
				<metadata-artifact status="no" details="" size="1674" time="0" location="/Users/andrewsmith/lib/play-2.1.0/framework/../repository/cache/org.scala-sbt/process/ivy-0.12.2.xml" searched="false" origin-is-local="true" origin-location="/Users/andrewsmith/lib/play-2.1.0/repository/local/org.scala-sbt/process/0.12.2/ivys/ivy.xml"/>
				<caller organisation="org.scala-sbt" name="main" conf="compile" rev="0.12.2" rev-constraint-default="0.12.2" rev-constraint-dynamic="0.12.2" callerrev="0.12.2"/>
				<caller organisation="org.scala-sbt" name="task-system" conf="compile" rev="0.12.2" rev-constraint-default="0.12.2" rev-constraint-dynamic="0.12.2" callerrev="0.12.2"/>
				<caller organisation="org.scala-sbt" name="run" conf="compile" rev="0.12.2" rev-constraint-default="0.12.2" rev-constraint-dynamic="0.12.2" callerrev="0.12.2"/>
				<caller organisation="org.scala-sbt" name="logging" conf="compile" rev="0.12.2" rev-constraint-default="0.12.2" rev-constraint-dynamic="0.12.2" callerrev="0.12.2"/>
				<caller organisation="org.scala-sbt" name="actions" conf="compile" rev="0.12.2" rev-constraint-default="0.12.2" rev-constraint-dynamic="0.12.2" callerrev="0.12.2"/>
				<artifacts>
					<artifact name="process" type="jar" ext="jar" status="no" details="" size="117500" time="0" location="/Users/andrewsmith/lib/play-2.1.0/repository/local/org.scala-sbt/process/0.12.2/jars/process.jar">
						<origin-location is-local="true" location="/Users/andrewsmith/lib/play-2.1.0/repository/local/org.scala-sbt/process/0.12.2/jars/process.jar"/>
					</artifact>
				</artifacts>
			</revision>
		</module>
		<module organisation="org.scala-sbt" name="api">
			<revision name="0.12.2" status="release" pubdate="20130116104417" resolver="local" artresolver="local" downloaded="false" searched="false" default="false" conf="default(compile), compile" position="67">
				<metadata-artifact status="no" details="" size="1917" time="0" location="/Users/andrewsmith/lib/play-2.1.0/framework/../repository/cache/org.scala-sbt/api/ivy-0.12.2.xml" searched="false" origin-is-local="true" origin-location="/Users/andrewsmith/lib/play-2.1.0/repository/local/org.scala-sbt/api/0.12.2/ivys/ivy.xml"/>
				<caller organisation="org.scala-sbt" name="persist" conf="compile" rev="0.12.2" rev-constraint-default="0.12.2" rev-constraint-dynamic="0.12.2" callerrev="0.12.2"/>
				<caller organisation="org.scala-sbt" name="actions" conf="compile" rev="0.12.2" rev-constraint-default="0.12.2" rev-constraint-dynamic="0.12.2" callerrev="0.12.2"/>
				<caller organisation="org.scala-sbt" name="compiler-integration" conf="compile" rev="0.12.2" rev-constraint-default="0.12.2" rev-constraint-dynamic="0.12.2" callerrev="0.12.2"/>
				<caller organisation="org.scala-sbt" name="incremental-compiler" conf="compile" rev="0.12.2" rev-constraint-default="0.12.2" rev-constraint-dynamic="0.12.2" callerrev="0.12.2"/>
				<artifacts>
					<artifact name="api" type="jar" ext="jar" status="no" details="" size="345584" time="0" location="/Users/andrewsmith/lib/play-2.1.0/repository/local/org.scala-sbt/api/0.12.2/jars/api.jar">
						<origin-location is-local="true" location="/Users/andrewsmith/lib/play-2.1.0/repository/local/org.scala-sbt/api/0.12.2/jars/api.jar"/>
					</artifact>
				</artifacts>
			</revision>
		</module>
		<module organisation="org.scala-sbt" name="completion">
			<revision name="0.12.2" status="release" pubdate="20130116104418" resolver="local" artresolver="local" downloaded="false" searched="false" default="false" conf="default(compile), compile" position="64">
				<metadata-artifact status="no" details="" size="2265" time="0" location="/Users/andrewsmith/lib/play-2.1.0/framework/../repository/cache/org.scala-sbt/completion/ivy-0.12.2.xml" searched="false" origin-is-local="true" origin-location="/Users/andrewsmith/lib/play-2.1.0/repository/local/org.scala-sbt/completion/0.12.2/ivys/ivy.xml"/>
				<caller organisation="org.scala-sbt" name="command" conf="compile" rev="0.12.2" rev-constraint-default="0.12.2" rev-constraint-dynamic="0.12.2" callerrev="0.12.2"/>
				<caller organisation="org.scala-sbt" name="actions" conf="compile" rev="0.12.2" rev-constraint-default="0.12.2" rev-constraint-dynamic="0.12.2" callerrev="0.12.2"/>
				<artifacts>
					<artifact name="completion" type="jar" ext="jar" status="no" details="" size="350348" time="0" location="/Users/andrewsmith/lib/play-2.1.0/repository/local/org.scala-sbt/completion/0.12.2/jars/completion.jar">
						<origin-location is-local="true" location="/Users/andrewsmith/lib/play-2.1.0/repository/local/org.scala-sbt/completion/0.12.2/jars/completion.jar"/>
					</artifact>
				</artifacts>
			</revision>
		</module>
		<module organisation="junit" name="junit">
			<revision name="3.8.1" status="release" pubdate="20121010213408" resolver="local" artresolver="local" evicted="transitive" evicted-reason="" homepage="http://junit.org" downloaded="false" searched="false" default="false" conf="compile, master(*), runtime, compile(*), runtime(*), master" position="-1">
				<license name="Common Public License Version 1.0" url="http://www.opensource.org/licenses/cpl1.0.txt"/>
				<metadata-artifact status="no" details="" size="2446" time="0" location="/Users/andrewsmith/lib/play-2.1.0/framework/../repository/cache/junit/junit/ivy-3.8.1.xml" searched="false" origin-is-local="true" origin-location="/Users/andrewsmith/lib/play-2.1.0/repository/local/junit/junit/3.8.1/ivys/ivy.xml"/>
				<caller organisation="jline" name="jline" conf="compile, runtime" rev="3.8.1" rev-constraint-default="3.8.1" rev-constraint-dynamic="3.8.1" callerrev="0.9.94"/>
				<artifacts>
				</artifacts>
			</revision>
		</module>
		<module organisation="org.scala-sbt" name="collections">
			<revision name="0.12.2" status="release" pubdate="20130116104417" resolver="local" artresolver="local" downloaded="false" searched="false" default="false" conf="default(compile), compile" position="65">
				<metadata-artifact status="no" details="" size="1807" time="0" location="/Users/andrewsmith/lib/play-2.1.0/framework/../repository/cache/org.scala-sbt/collections/ivy-0.12.2.xml" searched="false" origin-is-local="true" origin-location="/Users/andrewsmith/lib/play-2.1.0/repository/local/org.scala-sbt/collections/0.12.2/ivys/ivy.xml"/>
				<caller organisation="org.scala-sbt" name="cache" conf="compile" rev="0.12.2" rev-constraint-default="0.12.2" rev-constraint-dynamic="0.12.2" callerrev="0.12.2"/>
				<caller organisation="org.scala-sbt" name="task-system" conf="compile" rev="0.12.2" rev-constraint-default="0.12.2" rev-constraint-dynamic="0.12.2" callerrev="0.12.2"/>
				<caller organisation="org.scala-sbt" name="completion" conf="compile" rev="0.12.2" rev-constraint-default="0.12.2" rev-constraint-dynamic="0.12.2" callerrev="0.12.2"/>
				<caller organisation="org.scala-sbt" name="tasks" conf="compile" rev="0.12.2" rev-constraint-default="0.12.2" rev-constraint-dynamic="0.12.2" callerrev="0.12.2"/>
				<caller organisation="org.scala-sbt" name="incremental-compiler" conf="compile" rev="0.12.2" rev-constraint-default="0.12.2" rev-constraint-dynamic="0.12.2" callerrev="0.12.2"/>
				<artifacts>
					<artifact name="collections" type="jar" ext="jar" status="no" details="" size="299311" time="0" location="/Users/andrewsmith/lib/play-2.1.0/repository/local/org.scala-sbt/collections/0.12.2/jars/collections.jar">
						<origin-location is-local="true" location="/Users/andrewsmith/lib/play-2.1.0/repository/local/org.scala-sbt/collections/0.12.2/jars/collections.jar"/>
					</artifact>
				</artifacts>
			</revision>
		</module>
		<module organisation="org.scala-sbt" name="classpath">
			<revision name="0.12.2" status="release" pubdate="20130116104418" resolver="local" artresolver="local" downloaded="false" searched="false" default="false" conf="default(compile), compile" position="58">
				<metadata-artifact status="no" details="" size="2074" time="0" location="/Users/andrewsmith/lib/play-2.1.0/framework/../repository/cache/org.scala-sbt/classpath/ivy-0.12.2.xml" searched="false" origin-is-local="true" origin-location="/Users/andrewsmith/lib/play-2.1.0/repository/local/org.scala-sbt/classpath/0.12.2/ivys/ivy.xml"/>
				<caller organisation="org.scala-sbt" name="command" conf="compile" rev="0.12.2" rev-constraint-default="0.12.2" rev-constraint-dynamic="0.12.2" callerrev="0.12.2"/>
				<caller organisation="org.scala-sbt" name="testing" conf="compile" rev="0.12.2" rev-constraint-default="0.12.2" rev-constraint-dynamic="0.12.2" callerrev="0.12.2"/>
				<caller organisation="org.scala-sbt" name="run" conf="compile" rev="0.12.2" rev-constraint-default="0.12.2" rev-constraint-dynamic="0.12.2" callerrev="0.12.2"/>
				<caller organisation="org.scala-sbt" name="compile" conf="compile" rev="0.12.2" rev-constraint-default="0.12.2" rev-constraint-dynamic="0.12.2" callerrev="0.12.2"/>
				<caller organisation="org.scala-sbt" name="actions" conf="compile" rev="0.12.2" rev-constraint-default="0.12.2" rev-constraint-dynamic="0.12.2" callerrev="0.12.2"/>
				<caller organisation="org.scala-sbt" name="incremental-compiler" conf="compile" rev="0.12.2" rev-constraint-default="0.12.2" rev-constraint-dynamic="0.12.2" callerrev="0.12.2"/>
				<artifacts>
					<artifact name="classpath" type="jar" ext="jar" status="no" details="" size="84160" time="0" location="/Users/andrewsmith/lib/play-2.1.0/repository/local/org.scala-sbt/classpath/0.12.2/jars/classpath.jar">
						<origin-location is-local="true" location="/Users/andrewsmith/lib/play-2.1.0/repository/local/org.scala-sbt/classpath/0.12.2/jars/classpath.jar"/>
					</artifact>
				</artifacts>
			</revision>
		</module>
		<module organisation="org.scala-sbt" name="io">
			<revision name="0.12.2" status="release" pubdate="20130116104417" resolver="local" artresolver="local" downloaded="false" searched="false" default="false" conf="default(compile), compile" position="61">
				<metadata-artifact status="no" details="" size="1992" time="0" location="/Users/andrewsmith/lib/play-2.1.0/framework/../repository/cache/org.scala-sbt/io/ivy-0.12.2.xml" searched="false" origin-is-local="true" origin-location="/Users/andrewsmith/lib/play-2.1.0/repository/local/org.scala-sbt/io/0.12.2/ivys/ivy.xml"/>
				<caller organisation="org.scala-sbt" name="command" conf="compile" rev="0.12.2" rev-constraint-default="0.12.2" rev-constraint-dynamic="0.12.2" callerrev="0.12.2"/>
				<caller organisation="org.scala-sbt" name="main" conf="compile" rev="0.12.2" rev-constraint-default="0.12.2" rev-constraint-dynamic="0.12.2" callerrev="0.12.2"/>
				<caller organisation="org.scala-sbt" name="cache" conf="compile" rev="0.12.2" rev-constraint-default="0.12.2" rev-constraint-dynamic="0.12.2" callerrev="0.12.2"/>
				<caller organisation="org.scala-sbt" name="task-system" conf="compile" rev="0.12.2" rev-constraint-default="0.12.2" rev-constraint-dynamic="0.12.2" callerrev="0.12.2"/>
				<caller organisation="org.scala-sbt" name="ivy" conf="compile" rev="0.12.2" rev-constraint-default="0.12.2" rev-constraint-dynamic="0.12.2" callerrev="0.12.2"/>
				<caller organisation="org.scala-sbt" name="classpath" conf="compile" rev="0.12.2" rev-constraint-default="0.12.2" rev-constraint-dynamic="0.12.2" callerrev="0.12.2"/>
				<caller organisation="org.scala-sbt" name="testing" conf="compile" rev="0.12.2" rev-constraint-default="0.12.2" rev-constraint-dynamic="0.12.2" callerrev="0.12.2"/>
				<caller organisation="org.scala-sbt" name="run" conf="compile" rev="0.12.2" rev-constraint-default="0.12.2" rev-constraint-dynamic="0.12.2" callerrev="0.12.2"/>
				<caller organisation="org.scala-sbt" name="completion" conf="compile" rev="0.12.2" rev-constraint-default="0.12.2" rev-constraint-dynamic="0.12.2" callerrev="0.12.2"/>
				<caller organisation="org.scala-sbt" name="actions" conf="compile" rev="0.12.2" rev-constraint-default="0.12.2" rev-constraint-dynamic="0.12.2" callerrev="0.12.2"/>
				<caller organisation="org.scala-sbt" name="compile" conf="compile" rev="0.12.2" rev-constraint-default="0.12.2" rev-constraint-dynamic="0.12.2" callerrev="0.12.2"/>
				<caller organisation="org.scala-sbt" name="classfile" conf="compile" rev="0.12.2" rev-constraint-default="0.12.2" rev-constraint-dynamic="0.12.2" callerrev="0.12.2"/>
				<caller organisation="org.scala-sbt" name="incremental-compiler" conf="compile" rev="0.12.2" rev-constraint-default="0.12.2" rev-constraint-dynamic="0.12.2" callerrev="0.12.2"/>
				<caller organisation="org.scala-sbt" name="tracking" conf="compile" rev="0.12.2" rev-constraint-default="0.12.2" rev-constraint-dynamic="0.12.2" callerrev="0.12.2"/>
				<artifacts>
					<artifact name="io" type="jar" ext="jar" status="no" details="" size="265444" time="0" location="/Users/andrewsmith/lib/play-2.1.0/repository/local/org.scala-sbt/io/0.12.2/jars/io.jar">
						<origin-location is-local="true" location="/Users/andrewsmith/lib/play-2.1.0/repository/local/org.scala-sbt/io/0.12.2/jars/io.jar"/>
					</artifact>
				</artifacts>
			</revision>
		</module>
		<module organisation="org.scala-lang" name="scala-compiler">
			<revision name="2.9.2" status="release" pubdate="20120413013159" resolver="local" artresolver="local" homepage="http://www.scala-lang.org/" downloaded="false" searched="false" default="false" conf="default(compile), default, compile, runtime, master" position="63">
				<license name="BSD-like" url="http://www.scala-lang.org/downloads/license.html    "/>
				<metadata-artifact status="no" details="" size="2654" time="0" location="/Users/andrewsmith/lib/play-2.1.0/framework/../repository/cache/org.scala-lang/scala-compiler/ivy-2.9.2.xml" searched="false" origin-is-local="true" origin-location="/Users/andrewsmith/lib/play-2.1.0/repository/local/org.scala-lang/scala-compiler/2.9.2/ivys/ivy.xml"/>
				<caller organisation="org.scala-sbt" name="classpath" conf="compile" rev="2.9.2" rev-constraint-default="2.9.2" rev-constraint-dynamic="2.9.2" callerrev="0.12.2"/>
				<artifacts>
				</artifacts>
			</revision>
		</module>
		<module organisation="org.scala-sbt" name="control">
			<revision name="0.12.2" status="release" pubdate="20130116104417" resolver="local" artresolver="local" downloaded="false" searched="false" default="false" conf="default(compile), compile" position="62">
				<metadata-artifact status="no" details="" size="1574" time="0" location="/Users/andrewsmith/lib/play-2.1.0/framework/../repository/cache/org.scala-sbt/control/ivy-0.12.2.xml" searched="false" origin-is-local="true" origin-location="/Users/andrewsmith/lib/play-2.1.0/repository/local/org.scala-sbt/control/0.12.2/ivys/ivy.xml"/>
				<caller organisation="org.scala-sbt" name="completion" conf="compile" rev="0.12.2" rev-constraint-default="0.12.2" rev-constraint-dynamic="0.12.2" callerrev="0.12.2"/>
				<caller organisation="org.scala-sbt" name="tasks" conf="compile" rev="0.12.2" rev-constraint-default="0.12.2" rev-constraint-dynamic="0.12.2" callerrev="0.12.2"/>
				<caller organisation="org.scala-sbt" name="io" conf="compile" rev="0.12.2" rev-constraint-default="0.12.2" rev-constraint-dynamic="0.12.2" callerrev="0.12.2"/>
				<artifacts>
					<artifact name="control" type="jar" ext="jar" status="no" details="" size="13246" time="0" location="/Users/andrewsmith/lib/play-2.1.0/repository/local/org.scala-sbt/control/0.12.2/jars/control.jar">
						<origin-location is-local="true" location="/Users/andrewsmith/lib/play-2.1.0/repository/local/org.scala-sbt/control/0.12.2/jars/control.jar"/>
					</artifact>
				</artifacts>
			</revision>
		</module>
		<module organisation="org.scala-sbt" name="interface">
			<revision name="0.12.2" status="release" pubdate="20130116104417" resolver="local" artresolver="local" extra-component="xsbti" downloaded="false" searched="false" default="false" conf="default(compile), compile" position="60">
				<metadata-artifact status="no" details="" size="1602" time="0" location="/Users/andrewsmith/lib/play-2.1.0/framework/../repository/cache/org.scala-sbt/interface/ivy-0.12.2.xml" searched="false" origin-is-local="true" origin-location="/Users/andrewsmith/lib/play-2.1.0/repository/local/org.scala-sbt/interface/0.12.2/ivys/ivy.xml"/>
				<caller organisation="org.scala-sbt" name="command" conf="compile" rev="0.12.2" rev-constraint-default="0.12.2" rev-constraint-dynamic="0.12.2" callerrev="0.12.2" extra-component="xsbti"/>
				<caller organisation="org.scala-sbt" name="main" conf="compile" rev="0.12.2" rev-constraint-default="0.12.2" rev-constraint-dynamic="0.12.2" callerrev="0.12.2" extra-component="xsbti"/>
				<caller organisation="org.scala-sbt" name="api" conf="compile" rev="0.12.2" rev-constraint-default="0.12.2" rev-constraint-dynamic="0.12.2" callerrev="0.12.2" extra-component="xsbti"/>
				<caller organisation="org.scala-sbt" name="precompiled-2_10_0" conf="compile" rev="0.12.2" rev-constraint-default="0.12.2" rev-constraint-dynamic="0.12.2" callerrev="0.12.2" extra-component="xsbti"/>
				<caller organisation="org.scala-sbt" name="logging" conf="compile" rev="0.12.2" rev-constraint-default="0.12.2" rev-constraint-dynamic="0.12.2" callerrev="0.12.2" extra-component="xsbti"/>
				<caller organisation="org.scala-sbt" name="compiler-interface" conf="compile" rev="0.12.2" rev-constraint-default="0.12.2" rev-constraint-dynamic="0.12.2" callerrev="0.12.2" extra-component="xsbti"/>
				<caller organisation="org.scala-sbt" name="ivy" conf="compile" rev="0.12.2" rev-constraint-default="0.12.2" rev-constraint-dynamic="0.12.2" callerrev="0.12.2" extra-component="xsbti"/>
				<caller organisation="org.scala-sbt" name="classfile" conf="compile" rev="0.12.2" rev-constraint-default="0.12.2" rev-constraint-dynamic="0.12.2" callerrev="0.12.2" extra-component="xsbti"/>
				<caller organisation="org.scala-sbt" name="compile" conf="compile" rev="0.12.2" rev-constraint-default="0.12.2" rev-constraint-dynamic="0.12.2" callerrev="0.12.2" extra-component="xsbti"/>
				<caller organisation="org.scala-sbt" name="actions" conf="compile" rev="0.12.2" rev-constraint-default="0.12.2" rev-constraint-dynamic="0.12.2" callerrev="0.12.2" extra-component="xsbti"/>
				<caller organisation="org.scala-sbt" name="precompiled-2_8_2" conf="compile" rev="0.12.2" rev-constraint-default="0.12.2" rev-constraint-dynamic="0.12.2" callerrev="0.12.2" extra-component="xsbti"/>
				<caller organisation="org.scala-sbt" name="classpath" conf="compile" rev="0.12.2" rev-constraint-default="0.12.2" rev-constraint-dynamic="0.12.2" callerrev="0.12.2" extra-component="xsbti"/>
				<artifacts>
					<artifact name="interface" type="jar" ext="jar" status="no" details="" size="42494" time="0" location="/Users/andrewsmith/lib/play-2.1.0/repository/local/org.scala-sbt/interface/0.12.2/jars/interface.jar">
						<origin-location is-local="true" location="/Users/andrewsmith/lib/play-2.1.0/repository/local/org.scala-sbt/interface/0.12.2/jars/interface.jar"/>
					</artifact>
				</artifacts>
			</revision>
		</module>
		<module organisation="org.scala-sbt" name="launcher-interface">
			<revision name="0.12.2" status="release" pubdate="20130116104417" resolver="local" artresolver="local" downloaded="false" searched="false" default="false" conf="default(compile), compile" position="59">
				<metadata-artifact status="no" details="" size="1618" time="0" location="/Users/andrewsmith/lib/play-2.1.0/framework/../repository/cache/org.scala-sbt/launcher-interface/ivy-0.12.2.xml" searched="false" origin-is-local="true" origin-location="/Users/andrewsmith/lib/play-2.1.0/repository/local/org.scala-sbt/launcher-interface/0.12.2/ivys/ivy.xml"/>
				<caller organisation="org.scala-sbt" name="command" conf="compile" rev="0.12.2" rev-constraint-default="0.12.2" rev-constraint-dynamic="0.12.2" callerrev="0.12.2"/>
				<caller organisation="org.scala-sbt" name="main" conf="compile" rev="0.12.2" rev-constraint-default="0.12.2" rev-constraint-dynamic="0.12.2" callerrev="0.12.2"/>
				<caller organisation="org.scala-sbt" name="testing" conf="compile" rev="0.12.2" rev-constraint-default="0.12.2" rev-constraint-dynamic="0.12.2" callerrev="0.12.2"/>
				<caller organisation="org.scala-sbt" name="ivy" conf="compile" rev="0.12.2" rev-constraint-default="0.12.2" rev-constraint-dynamic="0.12.2" callerrev="0.12.2"/>
				<caller organisation="org.scala-sbt" name="compile" conf="compile" rev="0.12.2" rev-constraint-default="0.12.2" rev-constraint-dynamic="0.12.2" callerrev="0.12.2"/>
				<caller organisation="org.scala-sbt" name="classpath" conf="compile" rev="0.12.2" rev-constraint-default="0.12.2" rev-constraint-dynamic="0.12.2" callerrev="0.12.2"/>
				<artifacts>
					<artifact name="launcher-interface" type="jar" ext="jar" status="no" details="" size="8345" time="0" location="/Users/andrewsmith/lib/play-2.1.0/repository/local/org.scala-sbt/launcher-interface/0.12.2/jars/launcher-interface.jar">
						<origin-location is-local="true" location="/Users/andrewsmith/lib/play-2.1.0/repository/local/org.scala-sbt/launcher-interface/0.12.2/jars/launcher-interface.jar"/>
					</artifact>
				</artifacts>
			</revision>
		</module>
		<module organisation="org.scala-lang" name="scala-library">
			<revision name="2.9.2" status="release" pubdate="20120413012921" resolver="local" artresolver="local" homepage="http://www.scala-lang.org/" downloaded="false" searched="false" default="false" conf="default(compile), default, compile, master(*), runtime, compile(*), runtime(*), master" position="7">
				<license name="BSD-like" url="http://www.scala-lang.org/downloads/license.html          "/>
				<metadata-artifact status="no" details="" size="2380" time="0" location="/Users/andrewsmith/lib/play-2.1.0/framework/../repository/cache/org.scala-lang/scala-library/ivy-2.9.2.xml" searched="false" origin-is-local="true" origin-location="/Users/andrewsmith/lib/play-2.1.0/repository/local/org.scala-lang/scala-library/2.9.2/ivys/ivy.xml"/>
				<caller organisation="org.scala-sbt" name="main" conf="compile" rev="2.9.2" rev-constraint-default="2.9.2" rev-constraint-dynamic="2.9.2" callerrev="0.12.2"/>
				<caller organisation="org.scala-sbt" name="api" conf="compile" rev="2.9.2" rev-constraint-default="2.9.2" rev-constraint-dynamic="2.9.2" callerrev="0.12.2"/>
				<caller organisation="me.lessis" name="ls_2.9.1" conf="compile, runtime" rev="2.9.2" rev-constraint-default="2.9.2" rev-constraint-dynamic="2.9.1" callerrev="0.1.2-RC2"/>
				<caller organisation="org.scala-sbt" name="process" conf="compile" rev="2.9.2" rev-constraint-default="2.9.2" rev-constraint-dynamic="2.9.2" callerrev="0.12.2"/>
				<caller organisation="org.scala-sbt" name="control" conf="compile" rev="2.9.2" rev-constraint-default="2.9.2" rev-constraint-dynamic="2.9.2" callerrev="0.12.2"/>
				<caller organisation="org.scala-sbt" name="testing" conf="compile" rev="2.9.2" rev-constraint-default="2.9.2" rev-constraint-dynamic="2.9.2" callerrev="0.12.2"/>
				<caller organisation="com.github.scala-incubator.io" name="scala-io-core_2.9.1" conf="compile, runtime" rev="2.9.2" rev-constraint-default="2.9.2" rev-constraint-dynamic="2.9.1" callerrev="0.4.0-seq"/>
				<caller organisation="org.clapper" name="classutil_2.9.1" conf="compile, runtime" rev="2.9.2" rev-constraint-default="2.9.2" rev-constraint-dynamic="2.9.1" callerrev="0.4.2"/>
				<caller organisation="org.scala-sbt" name="classfile" conf="compile" rev="2.9.2" rev-constraint-default="2.9.2" rev-constraint-dynamic="2.9.2" callerrev="0.12.2"/>
				<caller organisation="net.databinder" name="dispatch-futures_2.9.1" conf="compile, runtime" rev="2.9.2" rev-constraint-default="2.9.2" rev-constraint-dynamic="2.9.1" callerrev="0.8.6"/>
				<caller organisation="com.github.scala-incubator.io" name="scala-io-core_2.9.2" conf="compile, runtime" rev="2.9.2" rev-constraint-default="2.9.2" rev-constraint-dynamic="2.9.2" callerrev="0.4.1"/>
				<caller organisation="org.scala-sbt" name="interface" conf="compile" rev="2.9.2" rev-constraint-default="2.9.2" rev-constraint-dynamic="2.9.2" callerrev="0.12.2"/>
				<caller organisation="org.clapper" name="grizzled-slf4j_2.9.1" conf="compile, runtime" rev="2.9.2" rev-constraint-default="2.9.2" rev-constraint-dynamic="2.9.1" callerrev="0.6.5"/>
				<caller organisation="org.scala-lang" name="scala-compiler" conf="default, compile, runtime, master" rev="2.9.2" rev-constraint-default="2.9.2" rev-constraint-dynamic="2.9.2" callerrev="2.9.2"/>
				<caller organisation="org.clapper" name="grizzled-scala_2.9.1" conf="compile, runtime" rev="2.9.2" rev-constraint-default="2.9.2" rev-constraint-dynamic="2.9.1" callerrev="1.0.8"/>
				<caller organisation="org.scala-sbt" name="compile" conf="compile" rev="2.9.2" rev-constraint-default="2.9.2" rev-constraint-dynamic="2.9.2" callerrev="0.12.2"/>
				<caller organisation="org.scala-sbt" name="incremental-compiler" conf="compile" rev="2.9.2" rev-constraint-default="2.9.2" rev-constraint-dynamic="2.9.2" callerrev="0.12.2"/>
				<caller organisation="default" name="default-24da60" conf="test-internal, test, optional, compile, runtime, provided" rev="2.9.2" rev-constraint-default="2.9.2" rev-constraint-dynamic="2.9.2" callerrev="0.1-SNAPSHOT"/>
				<caller organisation="com.github.jsuereth.scala-arm" name="scala-arm_2.9.1" conf="compile, runtime" rev="2.9.2" rev-constraint-default="2.9.2" rev-constraint-dynamic="2.9.1" callerrev="1.1"/>
				<caller organisation="org.scala-sbt" name="tracking" conf="compile" rev="2.9.2" rev-constraint-default="2.9.2" rev-constraint-dynamic="2.9.2" callerrev="0.12.2"/>
				<caller organisation="org.scalaz" name="scalaz-core_2.9.2" conf="default, compile, runtime, master" rev="2.9.2" rev-constraint-default="2.9.2" rev-constraint-dynamic="2.9.2" callerrev="6.0.4"/>
				<caller organisation="org.clapper" name="scalasti_2.9.1" conf="compile, runtime" rev="2.9.2" rev-constraint-default="2.9.2" rev-constraint-dynamic="2.9.1" callerrev="0.5.5"/>
				<caller organisation="org.scala-sbt" name="command" conf="compile" rev="2.9.2" rev-constraint-default="2.9.2" rev-constraint-dynamic="2.9.2" callerrev="0.12.2"/>
				<caller organisation="com.github.scala-incubator.io" name="scala-io-file_2.9.1" conf="compile, runtime" rev="2.9.2" rev-constraint-default="2.9.2" rev-constraint-dynamic="2.9.1" callerrev="0.4.0-seq"/>
				<caller organisation="org.scala-sbt" name="cache" conf="compile" rev="2.9.2" rev-constraint-default="2.9.2" rev-constraint-dynamic="2.9.2" callerrev="0.12.2"/>
				<caller organisation="org.scala-sbt" name="compiler-ivy-integration" conf="compile" rev="2.9.2" rev-constraint-default="2.9.2" rev-constraint-dynamic="2.9.2" callerrev="0.12.2"/>
				<caller organisation="org.scala-sbt" name="tasks" conf="compile" rev="2.9.2" rev-constraint-default="2.9.2" rev-constraint-dynamic="2.9.2" callerrev="0.12.2"/>
				<caller organisation="org.scala-sbt" name="ivy" conf="compile" rev="2.9.2" rev-constraint-default="2.9.2" rev-constraint-dynamic="2.9.2" callerrev="0.12.2"/>
				<caller organisation="net.databinder" name="dispatch-http_2.9.1" conf="compile, runtime" rev="2.9.2" rev-constraint-default="2.9.2" rev-constraint-dynamic="2.9.1" callerrev="0.8.6"/>
				<caller organisation="net.databinder.giter8" name="giter8_2.9.1" conf="default, compile, runtime, master" rev="2.9.2" rev-constraint-default="2.9.2" rev-constraint-dynamic="2.9.1" callerrev="0.5.0"/>
				<caller organisation="org.scala-sbt" name="compiler-integration" conf="compile" rev="2.9.2" rev-constraint-default="2.9.2" rev-constraint-dynamic="2.9.2" callerrev="0.12.2"/>
				<caller organisation="org.scala-sbt" name="precompiled-2_8_2" conf="compile" rev="2.9.2" rev-constraint-default="2.9.2" rev-constraint-dynamic="2.8.2" callerrev="0.12.2"/>
				<caller organisation="org.scala-sbt" name="run" conf="compile" rev="2.9.2" rev-constraint-default="2.9.2" rev-constraint-dynamic="2.9.2" callerrev="0.12.2"/>
				<caller organisation="org.scala-sbt" name="completion" conf="compile" rev="2.9.2" rev-constraint-default="2.9.2" rev-constraint-dynamic="2.9.2" callerrev="0.12.2"/>
				<caller organisation="org.scala-sbt" name="collections" conf="compile" rev="2.9.2" rev-constraint-default="2.9.2" rev-constraint-dynamic="2.9.2" callerrev="0.12.2"/>
				<caller organisation="net.databinder" name="dispatch-core_2.9.1" conf="compile, runtime" rev="2.9.2" rev-constraint-default="2.9.2" rev-constraint-dynamic="2.9.1" callerrev="0.8.6"/>
				<caller organisation="org.scala-sbt" name="actions" conf="compile" rev="2.9.2" rev-constraint-default="2.9.2" rev-constraint-dynamic="2.9.2" callerrev="0.12.2"/>
				<caller organisation="org.scala-sbt" name="task-system" conf="compile" rev="2.9.2" rev-constraint-default="2.9.2" rev-constraint-dynamic="2.9.2" callerrev="0.12.2"/>
				<caller organisation="com.typesafe.akka" name="akka-actor" conf="compile, runtime" rev="2.9.2" rev-constraint-default="2.9.2" rev-constraint-dynamic="2.9.1-1" callerrev="2.0.1"/>
				<caller organisation="org.scala-sbt" name="logging" conf="compile" rev="2.9.2" rev-constraint-default="2.9.2" rev-constraint-dynamic="2.9.2" callerrev="0.12.2"/>
				<caller organisation="org.scala-sbt" name="persist" conf="compile" rev="2.9.2" rev-constraint-default="2.9.2" rev-constraint-dynamic="2.9.2" callerrev="0.12.2"/>
				<caller organisation="com.github.scala-incubator.io" name="scala-io-file_2.9.2" conf="default, compile, runtime, master" rev="2.9.2" rev-constraint-default="2.9.2" rev-constraint-dynamic="2.9.2" callerrev="0.4.1"/>
				<caller organisation="org.scala-sbt" name="test-agent" conf="compile" rev="2.9.2" rev-constraint-default="2.9.2" rev-constraint-dynamic="2.9.2" callerrev="0.12.2"/>
				<caller organisation="net.databinder.giter8" name="giter8-lib_2.9.1" conf="compile, runtime" rev="2.9.2" rev-constraint-default="2.9.2" rev-constraint-dynamic="2.9.1" callerrev="0.5.0"/>
				<caller organisation="org.scala-sbt" name="classpath" conf="compile" rev="2.9.2" rev-constraint-default="2.9.2" rev-constraint-dynamic="2.9.2" callerrev="0.12.2"/>
				<caller organisation="org.scala-sbt" name="sbt" conf="compile" rev="2.9.2" rev-constraint-default="2.9.2" rev-constraint-dynamic="2.9.2" callerrev="0.12.2"/>
				<caller organisation="org.scala-sbt" name="precompiled-2_10_0" conf="compile" rev="2.9.2" rev-constraint-default="2.9.2" rev-constraint-dynamic="2.10.0" callerrev="0.12.2"/>
				<caller organisation="org.scala-sbt" name="io" conf="compile" rev="2.9.2" rev-constraint-default="2.9.2" rev-constraint-dynamic="2.9.2" callerrev="0.12.2"/>
				<caller organisation="org.scala-sbt" name="launcher-interface" conf="compile" rev="2.9.2" rev-constraint-default="2.9.2" rev-constraint-dynamic="2.9.2" callerrev="0.12.2"/>
				<caller organisation="org.scala-sbt" name="compiler-interface" conf="compile" rev="2.9.2" rev-constraint-default="2.9.2" rev-constraint-dynamic="2.9.2" callerrev="0.12.2"/>
				<artifacts>
				</artifacts>
			</revision>
		</module>
	</dependencies>
</ivy-report>
